#
# There is insufficient memory for the Java Runtime Environment to continue.
# Native memory allocation (malloc) failed to allocate 655376 bytes for Chunk::new
# Possible reasons:
#   The system is out of physical RAM or swap space
#   The process is running with CompressedOops enabled, and the Java Heap may be blocking the growth of the native heap
# Possible solutions:
#   Reduce memory load on the system
#   Increase physical memory or swap space
#   Check if swap backing store is full
#   Decrease Java heap size (-Xmx/-Xms)
#   Decrease number of Java threads
#   Decrease Java thread stack sizes (-Xss)
#   Set larger code cache with -XX:ReservedCodeCacheSize=
#   JVM is running with Unscaled Compressed Oops mode in which the Java heap is
#     placed in the first 4GB address space. The Java Heap base address is the
#     maximum limit for the native heap growth. Please use -XX:HeapBaseMinAddress
#     to set the Java Heap base and to place the Java Heap above 4GB virtual address.
# This output file may be truncated or incomplete.
#
#  Out of Memory Error (t:/workspace/open/src/hotspot/share/memory/arena.cpp:198), pid=3648, tid=11808
#
# JRE version: Java(TM) SE Runtime Environment (10.0.2+13) (build 10.0.2+13)
# Java VM: Java HotSpot(TM) 64-Bit Server VM (10.0.2+13, mixed mode, tiered, compressed oops, g1 gc, windows-amd64)
# No core dump will be written. Minidumps are not enabled by default on client versions of Windows
#

---------------  S U M M A R Y ------------

Command Line: -Dfile.encoding=UTF-8 app.KorisnickiServisNoviApplication

Host: Intel(R) Core(TM) i5-8300H CPU @ 2.30GHz, 8 cores, 7G,  Windows 10 , 64 bit Build 19041 (10.0.19041.662)
Time: Sun Jan 17 03:14:35 2021 Central Europe Standard Time elapsed time: 60 seconds (0d 0h 1m 0s)

---------------  T H R E A D  ---------------

Current thread (0x00000174bdbba800):  JavaThread "C2 CompilerThread1" daemon [_thread_in_native, id=11808, stack(0x0000006925e00000,0x0000006925f00000)]


Current CompileTask:
C2:  60094 6744   !   4       java.net.URL::<init> (543 bytes)

Stack: [0x0000006925e00000,0x0000006925f00000]
Native frames: (J=compiled Java code, j=interpreted, Vv=VM code, C=native code)
V  [jvm.dll+0x5a01a9]
V  [jvm.dll+0x6bcf31]
V  [jvm.dll+0x6be126]
V  [jvm.dll+0x6be7b3]
V  [jvm.dll+0x234978]
V  [jvm.dll+0xbb69c]
V  [jvm.dll+0xbbbac]
V  [jvm.dll+0x34bee1]
V  [jvm.dll+0x18ee2c]
V  [jvm.dll+0x1fff9d]
V  [jvm.dll+0x1ff116]
V  [jvm.dll+0x17c94b]
V  [jvm.dll+0x20c8dd]
V  [jvm.dll+0x20b6a6]
V  [jvm.dll+0x68b7ff]
V  [jvm.dll+0x59f4b0]
C  [msvcr120.dll+0x24f7f]
C  [msvcr120.dll+0x25126]
C  [KERNEL32.DLL+0x17034]
C  [ntdll.dll+0x4d0d1]


---------------  P R O C E S S  ---------------

Threads class SMR info:
_java_thread_list=0x00000174c71d90d0, length=46, elements={
0x00000174bdb9f800, 0x00000174bdb96800, 0x00000174be502800, 0x00000174be503800,
0x00000174bdbb5800, 0x00000174bdbba800, 0x00000174bdbbd800, 0x00000174bdbbe800,
0x00000174be52e000, 0x00000174be6f6000, 0x00000174be703800, 0x00000174c0bb3800,
0x00000174c33c6000, 0x00000174c6dde800, 0x00000174c5e0c000, 0x00000174c5e00800,
0x00000174c0a2c000, 0x00000174c0a30000, 0x00000174c0a2d800, 0x00000174c0a29800,
0x00000174c0a2a800, 0x00000174c0a2b800, 0x00000174c0a2d000, 0x00000174c0a2e800,
0x00000174c0a2f000, 0x00000174c2f61800, 0x00000174c2f64000, 0x00000174c2f62800,
0x00000174c2f63000, 0x00000174c2f65000, 0x00000174c2f65800, 0x00000174c2f66800,
0x00000174c2f5f800, 0x00000174c2f61000, 0x00000174c2f67000, 0x00000174c2f60000,
0x00000174c2f6a800, 0x00000174c2f68000, 0x00000174c2f68800, 0x00000174c2f6c000,
0x00000174c2f6c800, 0x00000174c2f6d800, 0x00000174c2f6b000, 0x00000174c74b5800,
0x00000174c74b2800, 0x00000174c74b6800
}

Java Threads: ( => current thread )
  0x00000174bdb9f800 JavaThread "Reference Handler" daemon [_thread_blocked, id=9168, stack(0x0000006925900000,0x0000006925a00000)]
  0x00000174bdb96800 JavaThread "Finalizer" daemon [_thread_blocked, id=10996, stack(0x0000006925a00000,0x0000006925b00000)]
  0x00000174be502800 JavaThread "Signal Dispatcher" daemon [_thread_blocked, id=16508, stack(0x0000006925b00000,0x0000006925c00000)]
  0x00000174be503800 JavaThread "Attach Listener" daemon [_thread_blocked, id=9308, stack(0x0000006925c00000,0x0000006925d00000)]
  0x00000174bdbb5800 JavaThread "C2 CompilerThread0" daemon [_thread_in_native, id=16820, stack(0x0000006925d00000,0x0000006925e00000)]
=>0x00000174bdbba800 JavaThread "C2 CompilerThread1" daemon [_thread_in_native, id=11808, stack(0x0000006925e00000,0x0000006925f00000)]
  0x00000174bdbbd800 JavaThread "C2 CompilerThread2" daemon [_thread_in_native, id=4252, stack(0x0000006925f00000,0x0000006926000000)]
  0x00000174bdbbe800 JavaThread "C1 CompilerThread3" daemon [_thread_blocked, id=15752, stack(0x0000006926000000,0x0000006926100000)]
  0x00000174be52e000 JavaThread "Sweeper thread" daemon [_thread_blocked, id=17064, stack(0x0000006926100000,0x0000006926200000)]
  0x00000174be6f6000 JavaThread "Service Thread" daemon [_thread_blocked, id=16432, stack(0x0000006926200000,0x0000006926300000)]
  0x00000174be703800 JavaThread "Common-Cleaner" daemon [_thread_blocked, id=15748, stack(0x0000006926300000,0x0000006926400000)]
  0x00000174c0bb3800 JavaThread "Catalina-utility-1" [_thread_blocked, id=15808, stack(0x0000006926700000,0x0000006926800000)]
  0x00000174c33c6000 JavaThread "Catalina-utility-2" [_thread_blocked, id=16164, stack(0x0000006926800000,0x0000006926900000)]
  0x00000174c6dde800 JavaThread "container-0" [_thread_blocked, id=15932, stack(0x0000006926900000,0x0000006926a00000)]
  0x00000174c5e0c000 JavaThread "mysql-cj-abandoned-connection-cleanup" daemon [_thread_blocked, id=12536, stack(0x0000006926a00000,0x0000006926b00000)]
  0x00000174c5e00800 JavaThread "HikariPool-1 housekeeper" daemon [_thread_blocked, id=10324, stack(0x0000006926c00000,0x0000006926d00000)]
  0x00000174c0a2c000 JavaThread "Live Reload Server" daemon [_thread_in_native, id=9252, stack(0x0000006926f00000,0x0000006927000000)]
  0x00000174c0a30000 JavaThread "File Watcher" daemon [_thread_blocked, id=11092, stack(0x0000006926e00000,0x0000006926f00000)]
  0x00000174c0a2d800 JavaThread "spring.cloud.inetutils" daemon [_thread_blocked, id=4012, stack(0x0000006927000000,0x0000006927100000)]
  0x00000174c0a29800 JavaThread "AsyncResolver-bootstrap-0" daemon [_thread_blocked, id=9820, stack(0x0000006927100000,0x0000006927200000)]
  0x00000174c0a2a800 JavaThread "Keep-Alive-Timer" daemon [_thread_blocked, id=2676, stack(0x0000006927200000,0x0000006927300000)]
  0x00000174c0a2b800 JavaThread "DiscoveryClient-0" daemon [_thread_blocked, id=8276, stack(0x0000006927300000,0x0000006927400000)]
  0x00000174c0a2d000 JavaThread "DiscoveryClient-1" daemon [_thread_blocked, id=3332, stack(0x0000006927400000,0x0000006927500000)]
  0x00000174c0a2e800 JavaThread "DiscoveryClient-InstanceInfoReplicator-0" daemon [_thread_blocked, id=7456, stack(0x0000006927500000,0x0000006927600000)]
  0x00000174c0a2f000 JavaThread "http-nio-8080-BlockPoller" daemon [_thread_in_native, id=16168, stack(0x0000006927600000,0x0000006927700000)]
  0x00000174c2f61800 JavaThread "http-nio-8080-exec-1" daemon [_thread_blocked, id=16928, stack(0x0000006927700000,0x0000006927800000)]
  0x00000174c2f64000 JavaThread "http-nio-8080-exec-2" daemon [_thread_blocked, id=9832, stack(0x0000006927800000,0x0000006927900000)]
  0x00000174c2f62800 JavaThread "http-nio-8080-exec-3" daemon [_thread_blocked, id=16944, stack(0x0000006927900000,0x0000006927a00000)]
  0x00000174c2f63000 JavaThread "http-nio-8080-exec-4" daemon [_thread_blocked, id=14512, stack(0x0000006927a00000,0x0000006927b00000)]
  0x00000174c2f65000 JavaThread "http-nio-8080-exec-5" daemon [_thread_blocked, id=10956, stack(0x0000006927b00000,0x0000006927c00000)]
  0x00000174c2f65800 JavaThread "http-nio-8080-exec-6" daemon [_thread_blocked, id=14424, stack(0x0000006927c00000,0x0000006927d00000)]
  0x00000174c2f66800 JavaThread "http-nio-8080-exec-7" daemon [_thread_blocked, id=16912, stack(0x0000006927d00000,0x0000006927e00000)]
  0x00000174c2f5f800 JavaThread "http-nio-8080-exec-8" daemon [_thread_blocked, id=15044, stack(0x0000006927e00000,0x0000006927f00000)]
  0x00000174c2f61000 JavaThread "http-nio-8080-exec-9" daemon [_thread_blocked, id=10904, stack(0x0000006927f00000,0x0000006928000000)]
  0x00000174c2f67000 JavaThread "http-nio-8080-exec-10" daemon [_thread_blocked, id=15488, stack(0x0000006928000000,0x0000006928100000)]
  0x00000174c2f60000 JavaThread "http-nio-8080-ClientPoller" daemon [_thread_in_native, id=15988, stack(0x0000006928100000,0x0000006928200000)]
  0x00000174c2f6a800 JavaThread "http-nio-8080-Acceptor" daemon [_thread_in_native, id=15568, stack(0x0000006928200000,0x0000006928300000)]
  0x00000174c2f68000 JavaThread "ActiveMQ InactivityMonitor ReadCheckTimer" daemon [_thread_blocked, id=15608, stack(0x0000006926d00000,0x0000006926e00000)]
  0x00000174c2f68800 JavaThread "ActiveMQ Transport: tcp://localhost/127.0.0.1:61616@51590" [_thread_in_native, id=8348, stack(0x0000006928300000,0x0000006928400000)]
  0x00000174c2f6c000 JavaThread "DefaultMessageListenerContainer-1" [_thread_blocked, id=4336, stack(0x0000006928400000,0x0000006928500000)]
  0x00000174c2f6c800 JavaThread "ActiveMQ InactivityMonitor WriteCheckTimer" daemon [_thread_blocked, id=9236, stack(0x0000006928500000,0x0000006928600000)]
  0x00000174c2f6d800 JavaThread "DestroyJavaVM" [_thread_blocked, id=15944, stack(0x0000006924300000,0x0000006924400000)]
  0x00000174c2f6b000 JavaThread "ActiveMQConnection[ID:DESKTOP-U3LRFCJ-51589-1610849625588-1:1] Scheduler" daemon [_thread_blocked, id=11516, stack(0x0000006928600000,0x0000006928700000)]
  0x00000174c74b5800 JavaThread "DiscoveryClient-CacheRefreshExecutor-0" daemon [_thread_blocked, id=14672, stack(0x0000006928800000,0x0000006928900000)]
  0x00000174c74b2800 JavaThread "DiscoveryClient-HeartbeatExecutor-0" daemon [_thread_blocked, id=16416, stack(0x0000006928900000,0x0000006928a00000)]
  0x00000174c74b6800 JavaThread "ActiveMQ InactivityMonitor Worker" daemon [_thread_blocked, id=13364, stack(0x0000006928a00000,0x0000006928b00000)]

Other Threads:
  0x00000174bdb8b000 VMThread "VM Thread" [stack: 0x0000006925800000,0x0000006925900000] [id=13368]
  0x00000174be5d6800 WatcherThread [stack: 0x0000006926400000,0x0000006926500000] [id=624]
  0x000001749bfec000 GCTaskThread "GC Thread#0" [stack: 0x0000006924400000,0x0000006924500000] [id=9068]
  0x000001749bfed800 GCTaskThread "GC Thread#1" [stack: 0x0000006924500000,0x0000006924600000] [id=15916]
  0x000001749bff2800 GCTaskThread "GC Thread#2" [stack: 0x0000006924600000,0x0000006924700000] [id=15576]
  0x000001749bff4800 GCTaskThread "GC Thread#3" [stack: 0x0000006924700000,0x0000006924800000] [id=11296]
  0x000001749bff6800 GCTaskThread "GC Thread#4" [stack: 0x0000006924800000,0x0000006924900000] [id=6060]
  0x000001749bffa000 GCTaskThread "GC Thread#5" [stack: 0x0000006924900000,0x0000006924a00000] [id=13144]
  0x000001749bfff800 GCTaskThread "GC Thread#6" [stack: 0x0000006924a00000,0x0000006924b00000] [id=15324]
  0x000001749c001000 GCTaskThread "GC Thread#7" [stack: 0x0000006924b00000,0x0000006924c00000] [id=15308]
  0x000001749c06b000 ConcurrentGCThread "G1 Main Marker" [stack: 0x0000006924c00000,0x0000006924d00000] [id=3736]
  0x000001749c06c000 ConcurrentGCThread "G1 Conc#0" [stack: 0x0000006924d00000,0x0000006924e00000] [id=14972]
  0x000001749c06f800 ConcurrentGCThread "G1 Conc#1" [stack: 0x0000006924e00000,0x0000006924f00000] [id=7128]
  0x000001749c0ad800 ConcurrentGCThread "G1 Refine#0" [stack: 0x0000006924f00000,0x0000006925000000] [id=15292]
  0x000001749c0ae800 ConcurrentGCThread "G1 Refine#1" [stack: 0x0000006925000000,0x0000006925100000] [id=9512]
  0x00000174bda03000 ConcurrentGCThread "G1 Refine#2" [stack: 0x0000006925100000,0x0000006925200000] [id=14612]
  0x00000174bda06800 ConcurrentGCThread "G1 Refine#3" [stack: 0x0000006925200000,0x0000006925300000] [id=16512]
  0x00000174bda0b000 ConcurrentGCThread "G1 Refine#4" [stack: 0x0000006925300000,0x0000006925400000] [id=15508]
  0x00000174bda0e800 ConcurrentGCThread "G1 Refine#5" [stack: 0x0000006925400000,0x0000006925500000] [id=8732]
  0x00000174bda1f800 ConcurrentGCThread "G1 Refine#6" [stack: 0x0000006925500000,0x0000006925600000] [id=5372]
  0x00000174bda20000 ConcurrentGCThread "G1 Refine#7" [stack: 0x0000006925600000,0x0000006925700000] [id=3996]
  0x00000174bda20800 ConcurrentGCThread "G1 Young RemSet Sampling" [stack: 0x0000006925700000,0x0000006925800000] [id=16220]

Threads with active compile tasks:
C2 CompilerThread06741       4       jdk.internal.loader.BuiltinClassLoader::getAndVerifyPackage (109 bytes)
C2 CompilerThread16744   !   4       java.net.URL::<init> (543 bytes)
C2 CompilerThread26755   !   4       jdk.internal.loader.BuiltinClassLoader::findClassOnClassPathOrNull (64 bytes)

VM state:not at safepoint (normal execution)

VM Mutex/Monitor currently owned by a thread: None

OutOfMemory and StackOverflow Exception counts:
OutOfMemoryError java_heap_errors=1

Heap address: 0x0000000082600000, size: 2010 MB, Compressed Oops mode: 32-bit
Narrow klass base: 0x0000000000000000, Narrow klass shift: 3
Compressed class space size: 1073741824 Address: 0x0000000100000000

Heap:
 garbage-first heap   total 187392K, used 37101K [0x0000000082600000, 0x0000000100000000)
  region size 1024K, 12 young (12288K), 11 survivors (11264K)
 Metaspace       used 81499K, capacity 83333K, committed 83968K, reserved 1122304K
  class space    used 10161K, capacity 10901K, committed 11008K, reserved 1048576K
Heap Regions: E=young(eden), S=young(survivor), O=old, HS=humongous(starts), HC=humongous(continues), CS=collection set, F=free, A=archive, TS=gc time stamp, AC=allocation context, TAMS=top-at-mark-start (previous, next)
|   0|0x0000000082600000, 0x0000000082700000, 0x0000000082700000|100%| O|  |TS  0|AC  0|TAMS 0x0000000082700000, 0x0000000082700000|
|   1|0x0000000082700000, 0x0000000082800000, 0x0000000082800000|100%|HS|  |TS  0|AC  0|TAMS 0x0000000082800000, 0x0000000082800000|
|   2|0x0000000082800000, 0x0000000082900000, 0x0000000082900000|100%| O|  |TS  0|AC  0|TAMS 0x0000000082900000, 0x0000000082900000|
|   3|0x0000000082900000, 0x0000000082a00000, 0x0000000082a00000|100%| O|  |TS  0|AC  0|TAMS 0x0000000082a00000, 0x0000000082a00000|
|   4|0x0000000082a00000, 0x0000000082b00000, 0x0000000082b00000|100%| O|  |TS  0|AC  0|TAMS 0x0000000082b00000, 0x0000000082b00000|
|   5|0x0000000082b00000, 0x0000000082c00000, 0x0000000082c00000|100%| O|  |TS  0|AC  0|TAMS 0x0000000082c00000, 0x0000000082c00000|
|   6|0x0000000082c00000, 0x0000000082d00000, 0x0000000082d00000|100%| O|  |TS  0|AC  0|TAMS 0x0000000082d00000, 0x0000000082d00000|
|   7|0x0000000082d00000, 0x0000000082e00000, 0x0000000082e00000|100%| O|  |TS  0|AC  0|TAMS 0x0000000082e00000, 0x0000000082e00000|
|   8|0x0000000082e00000, 0x0000000082f00000, 0x0000000082f00000|100%| O|  |TS  0|AC  0|TAMS 0x0000000082f00000, 0x0000000082f00000|
|   9|0x0000000082f00000, 0x0000000083000000, 0x0000000083000000|100%| O|  |TS  0|AC  0|TAMS 0x0000000083000000, 0x0000000083000000|
|  10|0x0000000083000000, 0x0000000083100000, 0x0000000083100000|100%| O|  |TS  0|AC  0|TAMS 0x0000000083100000, 0x0000000083100000|
|  11|0x0000000083100000, 0x0000000083200000, 0x0000000083200000|100%| O|  |TS  0|AC  0|TAMS 0x0000000083200000, 0x0000000083200000|
|  12|0x0000000083200000, 0x0000000083300000, 0x0000000083300000|100%| O|  |TS  0|AC  0|TAMS 0x0000000083300000, 0x0000000083300000|
|  13|0x0000000083300000, 0x0000000083400000, 0x0000000083400000|100%| O|  |TS  0|AC  0|TAMS 0x0000000083400000, 0x0000000083400000|
|  14|0x0000000083400000, 0x0000000083500000, 0x0000000083500000|100%| O|  |TS  0|AC  0|TAMS 0x0000000083500000, 0x0000000083500000|
|  15|0x0000000083500000, 0x0000000083600000, 0x0000000083600000|100%| O|  |TS  0|AC  0|TAMS 0x0000000083600000, 0x0000000083600000|
|  16|0x0000000083600000, 0x0000000083700000, 0x0000000083700000|100%| O|  |TS  0|AC  0|TAMS 0x0000000083700000, 0x0000000083700000|
|  17|0x0000000083700000, 0x0000000083800000, 0x0000000083800000|100%| O|  |TS  0|AC  0|TAMS 0x0000000083800000, 0x0000000083800000|
|  18|0x0000000083800000, 0x0000000083900000, 0x0000000083900000|100%| O|  |TS  0|AC  0|TAMS 0x0000000083900000, 0x0000000083900000|
|  19|0x0000000083900000, 0x0000000083a00000, 0x0000000083a00000|100%| O|  |TS  0|AC  0|TAMS 0x0000000083a00000, 0x0000000083a00000|
|  20|0x0000000083a00000, 0x0000000083b00000, 0x0000000083b00000|100%| O|  |TS  2|AC  0|TAMS 0x0000000083af7000, 0x0000000083af7000|
|  21|0x0000000083b00000, 0x0000000083c00000, 0x0000000083c00000|100%| O|  |TS  2|AC  0|TAMS 0x0000000083b00000, 0x0000000083b00000|
|  22|0x0000000083c00000, 0x0000000083d00000, 0x0000000083d00000|100%| O|  |TS  2|AC  0|TAMS 0x0000000083c00000, 0x0000000083c00000|
|  23|0x0000000083d00000, 0x0000000083e00000, 0x0000000083e00000|100%| O|  |TS  2|AC  0|TAMS 0x0000000083d00000, 0x0000000083d00000|
|  24|0x0000000083e00000, 0x0000000083f00000, 0x0000000083f00000|100%| O|  |TS  2|AC  0|TAMS 0x0000000083e00000, 0x0000000083e00000|
|  25|0x0000000083f00000, 0x0000000083fcd200, 0x0000000084000000| 80%| O|  |TS  2|AC  0|TAMS 0x0000000083f00000, 0x0000000083f00000|
|  26|0x0000000084000000, 0x0000000084000000, 0x0000000084100000|  0%| F|  |TS  0|AC  0|TAMS 0x0000000084000000, 0x0000000084000000|
|  27|0x0000000084100000, 0x0000000084100000, 0x0000000084200000|  0%| F|  |TS  0|AC  0|TAMS 0x0000000084100000, 0x0000000084100000|
|  28|0x0000000084200000, 0x0000000084200000, 0x0000000084300000|  0%| F|  |TS  0|AC  0|TAMS 0x0000000084200000, 0x0000000084200000|
|  29|0x0000000084300000, 0x0000000084300000, 0x0000000084400000|  0%| F|  |TS  0|AC  0|TAMS 0x0000000084300000, 0x0000000084300000|
|  30|0x0000000084400000, 0x0000000084400000, 0x0000000084500000|  0%| F|  |TS  0|AC  0|TAMS 0x0000000084400000, 0x0000000084400000|
|  31|0x0000000084500000, 0x0000000084500000, 0x0000000084600000|  0%| F|  |TS  0|AC  0|TAMS 0x0000000084500000, 0x0000000084500000|
|  32|0x0000000084600000, 0x0000000084600000, 0x0000000084700000|  0%| F|  |TS  0|AC  0|TAMS 0x0000000084600000, 0x0000000084600000|
|  33|0x0000000084700000, 0x0000000084700000, 0x0000000084800000|  0%| F|  |TS  0|AC  0|TAMS 0x0000000084700000, 0x0000000084700000|
|  34|0x0000000084800000, 0x0000000084800000, 0x0000000084900000|  0%| F|  |TS  0|AC  0|TAMS 0x0000000084800000, 0x0000000084800000|
|  35|0x0000000084900000, 0x0000000084900000, 0x0000000084a00000|  0%| F|  |TS  0|AC  0|TAMS 0x0000000084900000, 0x0000000084900000|
|  36|0x0000000084a00000, 0x0000000084a00000, 0x0000000084b00000|  0%| F|  |TS  0|AC  0|TAMS 0x0000000084a00000, 0x0000000084a00000|
|  37|0x0000000084b00000, 0x0000000084b00000, 0x0000000084c00000|  0%| F|  |TS  0|AC  0|TAMS 0x0000000084b00000, 0x0000000084b00000|
|  38|0x0000000084c00000, 0x0000000084c00000, 0x0000000084d00000|  0%| F|  |TS  0|AC  0|TAMS 0x0000000084c00000, 0x0000000084c00000|
|  39|0x0000000084d00000, 0x0000000084d00000, 0x0000000084e00000|  0%| F|  |TS  0|AC  0|TAMS 0x0000000084d00000, 0x0000000084d00000|
|  40|0x0000000084e00000, 0x0000000084e00000, 0x0000000084f00000|  0%| F|  |TS  0|AC  0|TAMS 0x0000000084e00000, 0x0000000084e00000|
|  41|0x0000000084f00000, 0x0000000084f00000, 0x0000000085000000|  0%| F|  |TS  0|AC  0|TAMS 0x0000000084f00000, 0x0000000084f00000|
|  42|0x0000000085000000, 0x0000000085000000, 0x0000000085100000|  0%| F|  |TS  0|AC  0|TAMS 0x0000000085000000, 0x0000000085000000|
|  43|0x0000000085100000, 0x0000000085100000, 0x0000000085200000|  0%| F|  |TS  0|AC  0|TAMS 0x0000000085100000, 0x0000000085100000|
|  44|0x0000000085200000, 0x0000000085200000, 0x0000000085300000|  0%| F|  |TS  0|AC  0|TAMS 0x0000000085200000, 0x0000000085200000|
|  45|0x0000000085300000, 0x0000000085300000, 0x0000000085400000|  0%| F|  |TS  0|AC  0|TAMS 0x0000000085300000, 0x0000000085300000|
|  46|0x0000000085400000, 0x0000000085400000, 0x0000000085500000|  0%| F|  |TS  0|AC  0|TAMS 0x0000000085400000, 0x0000000085400000|
|  47|0x0000000085500000, 0x0000000085500000, 0x0000000085600000|  0%| F|  |TS  0|AC  0|TAMS 0x0000000085500000, 0x0000000085500000|
|  48|0x0000000085600000, 0x0000000085600000, 0x0000000085700000|  0%| F|  |TS  0|AC  0|TAMS 0x0000000085600000, 0x0000000085600000|
|  49|0x0000000085700000, 0x0000000085700000, 0x0000000085800000|  0%| F|  |TS  0|AC  0|TAMS 0x0000000085700000, 0x0000000085700000|
|  50|0x0000000085800000, 0x0000000085800000, 0x0000000085900000|  0%| F|  |TS  0|AC  0|TAMS 0x0000000085800000, 0x0000000085800000|
|  51|0x0000000085900000, 0x0000000085900000, 0x0000000085a00000|  0%| F|  |TS  0|AC  0|TAMS 0x0000000085900000, 0x0000000085900000|
|  52|0x0000000085a00000, 0x0000000085a00000, 0x0000000085b00000|  0%| F|  |TS  0|AC  0|TAMS 0x0000000085a00000, 0x0000000085a00000|
|  53|0x0000000085b00000, 0x0000000085b00000, 0x0000000085c00000|  0%| F|  |TS  0|AC  0|TAMS 0x0000000085b00000, 0x0000000085b00000|
|  54|0x0000000085c00000, 0x0000000085c00000, 0x0000000085d00000|  0%| F|  |TS  0|AC  0|TAMS 0x0000000085c00000, 0x0000000085c00000|
|  55|0x0000000085d00000, 0x0000000085d00000, 0x0000000085e00000|  0%| F|  |TS  0|AC  0|TAMS 0x0000000085d00000, 0x0000000085d00000|
|  56|0x0000000085e00000, 0x0000000085e00000, 0x0000000085f00000|  0%| F|  |TS  0|AC  0|TAMS 0x0000000085e00000, 0x0000000085e00000|
|  57|0x0000000085f00000, 0x0000000085f00000, 0x0000000086000000|  0%| F|  |TS  0|AC  0|TAMS 0x0000000085f00000, 0x0000000085f00000|
|  58|0x0000000086000000, 0x0000000086000000, 0x0000000086100000|  0%| F|  |TS  0|AC  0|TAMS 0x0000000086000000, 0x0000000086000000|
|  59|0x0000000086100000, 0x0000000086100000, 0x0000000086200000|  0%| F|  |TS  0|AC  0|TAMS 0x0000000086100000, 0x0000000086100000|
|  60|0x0000000086200000, 0x0000000086200000, 0x0000000086300000|  0%| F|  |TS  0|AC  0|TAMS 0x0000000086200000, 0x0000000086200000|
|  61|0x0000000086300000, 0x0000000086300000, 0x0000000086400000|  0%| F|  |TS  0|AC  0|TAMS 0x0000000086300000, 0x0000000086300000|
|  62|0x0000000086400000, 0x0000000086400000, 0x0000000086500000|  0%| F|  |TS  0|AC  0|TAMS 0x0000000086400000, 0x0000000086400000|
|  63|0x0000000086500000, 0x000000008656e2b0, 0x0000000086600000| 43%| S|CS|TS  2|AC  0|TAMS 0x0000000086500000, 0x0000000086500000|
|  64|0x0000000086600000, 0x0000000086700000, 0x0000000086700000|100%| S|CS|TS  2|AC  0|TAMS 0x0000000086600000, 0x0000000086600000|
|  65|0x0000000086700000, 0x0000000086700000, 0x0000000086800000|  0%| F|  |TS  2|AC  0|TAMS 0x0000000086700000, 0x0000000086700000|
|  66|0x0000000086800000, 0x0000000086800000, 0x0000000086900000|  0%| F|  |TS  2|AC  0|TAMS 0x0000000086800000, 0x0000000086800000|
|  67|0x0000000086900000, 0x0000000086900000, 0x0000000086a00000|  0%| F|  |TS  2|AC  0|TAMS 0x0000000086900000, 0x0000000086900000|
|  68|0x0000000086a00000, 0x0000000086a00000, 0x0000000086b00000|  0%| F|  |TS  2|AC  0|TAMS 0x0000000086a00000, 0x0000000086a00000|
|  69|0x0000000086b00000, 0x0000000086b00000, 0x0000000086c00000|  0%| F|  |TS  2|AC  0|TAMS 0x0000000086b00000, 0x0000000086b00000|
|  70|0x0000000086c00000, 0x0000000086c00000, 0x0000000086d00000|  0%| F|  |TS  2|AC  0|TAMS 0x0000000086c00000, 0x0000000086c00000|
|  71|0x0000000086d00000, 0x0000000086d00000, 0x0000000086e00000|  0%| F|  |TS  2|AC  0|TAMS 0x0000000086d00000, 0x0000000086d00000|
|  72|0x0000000086e00000, 0x0000000086e00000, 0x0000000086f00000|  0%| F|  |TS  2|AC  0|TAMS 0x0000000086e00000, 0x0000000086e00000|
|  73|0x0000000086f00000, 0x0000000086f00000, 0x0000000087000000|  0%| F|  |TS  2|AC  0|TAMS 0x0000000086f00000, 0x0000000086f00000|
|  74|0x0000000087000000, 0x0000000087000000, 0x0000000087100000|  0%| F|  |TS  2|AC  0|TAMS 0x0000000087000000, 0x0000000087000000|
|  75|0x0000000087100000, 0x0000000087100000, 0x0000000087200000|  0%| F|  |TS  2|AC  0|TAMS 0x0000000087100000, 0x0000000087100000|
|  76|0x0000000087200000, 0x0000000087300000, 0x0000000087300000|100%| S|CS|TS  2|AC  0|TAMS 0x0000000087200000, 0x0000000087200000|
|  77|0x0000000087300000, 0x0000000087400000, 0x0000000087400000|100%| S|CS|TS  2|AC  0|TAMS 0x0000000087300000, 0x0000000087300000|
|  78|0x0000000087400000, 0x0000000087500000, 0x0000000087500000|100%| S|CS|TS  2|AC  0|TAMS 0x0000000087400000, 0x0000000087400000|
|  79|0x0000000087500000, 0x0000000087600000, 0x0000000087600000|100%| S|CS|TS  2|AC  0|TAMS 0x0000000087500000, 0x0000000087500000|
|  80|0x0000000087600000, 0x0000000087700000, 0x0000000087700000|100%| S|CS|TS  2|AC  0|TAMS 0x0000000087600000, 0x0000000087600000|
|  81|0x0000000087700000, 0x0000000087800000, 0x0000000087800000|100%| S|CS|TS  2|AC  0|TAMS 0x0000000087700000, 0x0000000087700000|
|  82|0x0000000087800000, 0x0000000087900000, 0x0000000087900000|100%| S|CS|TS  2|AC  0|TAMS 0x0000000087800000, 0x0000000087800000|
|  83|0x0000000087900000, 0x0000000087a00000, 0x0000000087a00000|100%| S|CS|TS  2|AC  0|TAMS 0x0000000087900000, 0x0000000087900000|
|  84|0x0000000087a00000, 0x0000000087b00000, 0x0000000087b00000|100%| S|CS|TS  2|AC  0|TAMS 0x0000000087a00000, 0x0000000087a00000|
|  85|0x0000000087b00000, 0x0000000087b00000, 0x0000000087c00000|  0%| F|  |TS  2|AC  0|TAMS 0x0000000087b00000, 0x0000000087b00000|
|  86|0x0000000087c00000, 0x0000000087c00000, 0x0000000087d00000|  0%| F|  |TS  2|AC  0|TAMS 0x0000000087c00000, 0x0000000087c00000|
|  87|0x0000000087d00000, 0x0000000087d00000, 0x0000000087e00000|  0%| F|  |TS  2|AC  0|TAMS 0x0000000087d00000, 0x0000000087d00000|
|  88|0x0000000087e00000, 0x0000000087e00000, 0x0000000087f00000|  0%| F|  |TS  2|AC  0|TAMS 0x0000000087e00000, 0x0000000087e00000|
|  89|0x0000000087f00000, 0x0000000087f00000, 0x0000000088000000|  0%| F|  |TS  2|AC  0|TAMS 0x0000000087f00000, 0x0000000087f00000|
|  90|0x0000000088000000, 0x0000000088000000, 0x0000000088100000|  0%| F|  |TS  2|AC  0|TAMS 0x0000000088000000, 0x0000000088000000|
|  91|0x0000000088100000, 0x0000000088100000, 0x0000000088200000|  0%| F|  |TS  2|AC  0|TAMS 0x0000000088100000, 0x0000000088100000|
|  92|0x0000000088200000, 0x0000000088200000, 0x0000000088300000|  0%| F|  |TS  2|AC  0|TAMS 0x0000000088200000, 0x0000000088200000|
|  93|0x0000000088300000, 0x0000000088300000, 0x0000000088400000|  0%| F|  |TS  2|AC  0|TAMS 0x0000000088300000, 0x0000000088300000|
|  94|0x0000000088400000, 0x0000000088400000, 0x0000000088500000|  0%| F|  |TS  2|AC  0|TAMS 0x0000000088400000, 0x0000000088400000|
|  95|0x0000000088500000, 0x0000000088500000, 0x0000000088600000|  0%| F|  |TS  2|AC  0|TAMS 0x0000000088500000, 0x0000000088500000|
|  96|0x0000000088600000, 0x0000000088600000, 0x0000000088700000|  0%| F|  |TS  2|AC  0|TAMS 0x0000000088600000, 0x0000000088600000|
|  97|0x0000000088700000, 0x0000000088700000, 0x0000000088800000|  0%| F|  |TS  2|AC  0|TAMS 0x0000000088700000, 0x0000000088700000|
|  98|0x0000000088800000, 0x0000000088800000, 0x0000000088900000|  0%| F|  |TS  2|AC  0|TAMS 0x0000000088800000, 0x0000000088800000|
|  99|0x0000000088900000, 0x0000000088900000, 0x0000000088a00000|  0%| F|  |TS  2|AC  0|TAMS 0x0000000088900000, 0x0000000088900000|
| 100|0x0000000088a00000, 0x0000000088a00000, 0x0000000088b00000|  0%| F|  |TS  2|AC  0|TAMS 0x0000000088a00000, 0x0000000088a00000|
| 101|0x0000000088b00000, 0x0000000088b00000, 0x0000000088c00000|  0%| F|  |TS  2|AC  0|TAMS 0x0000000088b00000, 0x0000000088b00000|
| 102|0x0000000088c00000, 0x0000000088c00000, 0x0000000088d00000|  0%| F|  |TS  2|AC  0|TAMS 0x0000000088c00000, 0x0000000088c00000|
| 103|0x0000000088d00000, 0x0000000088d00000, 0x0000000088e00000|  0%| F|  |TS  2|AC  0|TAMS 0x0000000088d00000, 0x0000000088d00000|
| 104|0x0000000088e00000, 0x0000000088e00000, 0x0000000088f00000|  0%| F|  |TS  2|AC  0|TAMS 0x0000000088e00000, 0x0000000088e00000|
| 105|0x0000000088f00000, 0x0000000088f00000, 0x0000000089000000|  0%| F|  |TS  2|AC  0|TAMS 0x0000000088f00000, 0x0000000088f00000|
| 106|0x0000000089000000, 0x0000000089000000, 0x0000000089100000|  0%| F|  |TS  2|AC  0|TAMS 0x0000000089000000, 0x0000000089000000|
| 107|0x0000000089100000, 0x0000000089100000, 0x0000000089200000|  0%| F|  |TS  2|AC  0|TAMS 0x0000000089100000, 0x0000000089100000|
| 108|0x0000000089200000, 0x0000000089200000, 0x0000000089300000|  0%| F|  |TS  2|AC  0|TAMS 0x0000000089200000, 0x0000000089200000|
| 109|0x0000000089300000, 0x0000000089300000, 0x0000000089400000|  0%| F|  |TS  2|AC  0|TAMS 0x0000000089300000, 0x0000000089300000|
| 110|0x0000000089400000, 0x0000000089400000, 0x0000000089500000|  0%| F|  |TS  2|AC  0|TAMS 0x0000000089400000, 0x0000000089400000|
| 111|0x0000000089500000, 0x0000000089500000, 0x0000000089600000|  0%| F|  |TS  2|AC  0|TAMS 0x0000000089500000, 0x0000000089500000|
| 112|0x0000000089600000, 0x0000000089600000, 0x0000000089700000|  0%| F|  |TS  2|AC  0|TAMS 0x0000000089600000, 0x0000000089600000|
| 113|0x0000000089700000, 0x0000000089700000, 0x0000000089800000|  0%| F|  |TS  2|AC  0|TAMS 0x0000000089700000, 0x0000000089700000|
| 114|0x0000000089800000, 0x0000000089800000, 0x0000000089900000|  0%| F|  |TS  2|AC  0|TAMS 0x0000000089800000, 0x0000000089800000|
| 115|0x0000000089900000, 0x0000000089900000, 0x0000000089a00000|  0%| F|  |TS  2|AC  0|TAMS 0x0000000089900000, 0x0000000089900000|
| 116|0x0000000089a00000, 0x0000000089a00000, 0x0000000089b00000|  0%| F|  |TS  2|AC  0|TAMS 0x0000000089a00000, 0x0000000089a00000|
| 117|0x0000000089b00000, 0x0000000089b00000, 0x0000000089c00000|  0%| F|  |TS  2|AC  0|TAMS 0x0000000089b00000, 0x0000000089b00000|
| 118|0x0000000089c00000, 0x0000000089c00000, 0x0000000089d00000|  0%| F|  |TS  2|AC  0|TAMS 0x0000000089c00000, 0x0000000089c00000|
| 119|0x0000000089d00000, 0x0000000089d00000, 0x0000000089e00000|  0%| F|  |TS  2|AC  0|TAMS 0x0000000089d00000, 0x0000000089d00000|
| 120|0x0000000089e00000, 0x0000000089e00000, 0x0000000089f00000|  0%| F|  |TS  2|AC  0|TAMS 0x0000000089e00000, 0x0000000089e00000|
| 121|0x0000000089f00000, 0x0000000089f00000, 0x000000008a000000|  0%| F|  |TS  2|AC  0|TAMS 0x0000000089f00000, 0x0000000089f00000|
| 122|0x000000008a000000, 0x000000008a000000, 0x000000008a100000|  0%| F|  |TS  2|AC  0|TAMS 0x000000008a000000, 0x000000008a000000|
| 123|0x000000008a100000, 0x000000008a100000, 0x000000008a200000|  0%| F|  |TS  2|AC  0|TAMS 0x000000008a100000, 0x000000008a100000|
| 124|0x000000008a200000, 0x000000008a200000, 0x000000008a300000|  0%| F|  |TS  2|AC  0|TAMS 0x000000008a200000, 0x000000008a200000|
| 125|0x000000008a300000, 0x000000008a300000, 0x000000008a400000|  0%| F|  |TS  2|AC  0|TAMS 0x000000008a300000, 0x000000008a300000|
| 126|0x000000008a400000, 0x000000008a400000, 0x000000008a500000|  0%| F|  |TS  2|AC  0|TAMS 0x000000008a400000, 0x000000008a400000|
| 127|0x000000008a500000, 0x000000008a500000, 0x000000008a600000|  0%| F|  |TS  2|AC  0|TAMS 0x000000008a500000, 0x000000008a500000|
| 128|0x000000008a600000, 0x000000008a600000, 0x000000008a700000|  0%| F|  |TS  2|AC  0|TAMS 0x000000008a600000, 0x000000008a600000|
| 129|0x000000008a700000, 0x000000008a700000, 0x000000008a800000|  0%| F|  |TS  2|AC  0|TAMS 0x000000008a700000, 0x000000008a700000|
| 130|0x000000008a800000, 0x000000008a800000, 0x000000008a900000|  0%| F|  |TS  2|AC  0|TAMS 0x000000008a800000, 0x000000008a800000|
| 131|0x000000008a900000, 0x000000008a900000, 0x000000008aa00000|  0%| F|  |TS  2|AC  0|TAMS 0x000000008a900000, 0x000000008a900000|
| 132|0x000000008aa00000, 0x000000008aa00000, 0x000000008ab00000|  0%| F|  |TS  2|AC  0|TAMS 0x000000008aa00000, 0x000000008aa00000|
| 133|0x000000008ab00000, 0x000000008ab00000, 0x000000008ac00000|  0%| F|  |TS  2|AC  0|TAMS 0x000000008ab00000, 0x000000008ab00000|
| 134|0x000000008ac00000, 0x000000008ac00000, 0x000000008ad00000|  0%| F|  |TS  2|AC  0|TAMS 0x000000008ac00000, 0x000000008ac00000|
| 135|0x000000008ad00000, 0x000000008ad00000, 0x000000008ae00000|  0%| F|  |TS  2|AC  0|TAMS 0x000000008ad00000, 0x000000008ad00000|
| 136|0x000000008ae00000, 0x000000008ae00000, 0x000000008af00000|  0%| F|  |TS  2|AC  0|TAMS 0x000000008ae00000, 0x000000008ae00000|
| 137|0x000000008af00000, 0x000000008af00000, 0x000000008b000000|  0%| F|  |TS  2|AC  0|TAMS 0x000000008af00000, 0x000000008af00000|
| 138|0x000000008b000000, 0x000000008b000000, 0x000000008b100000|  0%| F|  |TS  2|AC  0|TAMS 0x000000008b000000, 0x000000008b000000|
| 139|0x000000008b100000, 0x000000008b100000, 0x000000008b200000|  0%| F|  |TS  2|AC  0|TAMS 0x000000008b100000, 0x000000008b100000|
| 140|0x000000008b200000, 0x000000008b200000, 0x000000008b300000|  0%| F|  |TS  2|AC  0|TAMS 0x000000008b200000, 0x000000008b200000|
| 141|0x000000008b300000, 0x000000008b300000, 0x000000008b400000|  0%| F|  |TS  2|AC  0|TAMS 0x000000008b300000, 0x000000008b300000|
| 142|0x000000008b400000, 0x000000008b400000, 0x000000008b500000|  0%| F|  |TS  2|AC  0|TAMS 0x000000008b400000, 0x000000008b400000|
| 143|0x000000008b500000, 0x000000008b500000, 0x000000008b600000|  0%| F|  |TS  2|AC  0|TAMS 0x000000008b500000, 0x000000008b500000|
| 144|0x000000008b600000, 0x000000008b600000, 0x000000008b700000|  0%| F|  |TS  2|AC  0|TAMS 0x000000008b600000, 0x000000008b600000|
| 145|0x000000008b700000, 0x000000008b700000, 0x000000008b800000|  0%| F|  |TS  2|AC  0|TAMS 0x000000008b700000, 0x000000008b700000|
| 146|0x000000008b800000, 0x000000008b800000, 0x000000008b900000|  0%| F|  |TS  2|AC  0|TAMS 0x000000008b800000, 0x000000008b800000|
| 147|0x000000008b900000, 0x000000008b900000, 0x000000008ba00000|  0%| F|  |TS  2|AC  0|TAMS 0x000000008b900000, 0x000000008b900000|
| 148|0x000000008ba00000, 0x000000008ba00000, 0x000000008bb00000|  0%| F|  |TS  2|AC  0|TAMS 0x000000008ba00000, 0x000000008ba00000|
| 149|0x000000008bb00000, 0x000000008bb00000, 0x000000008bc00000|  0%| F|  |TS  2|AC  0|TAMS 0x000000008bb00000, 0x000000008bb00000|
| 150|0x000000008bc00000, 0x000000008bc00000, 0x000000008bd00000|  0%| F|  |TS  2|AC  0|TAMS 0x000000008bc00000, 0x000000008bc00000|
| 151|0x000000008bd00000, 0x000000008bd00000, 0x000000008be00000|  0%| F|  |TS  2|AC  0|TAMS 0x000000008bd00000, 0x000000008bd00000|
| 152|0x000000008be00000, 0x000000008be00000, 0x000000008bf00000|  0%| F|  |TS  2|AC  0|TAMS 0x000000008be00000, 0x000000008be00000|
| 153|0x000000008bf00000, 0x000000008bf00000, 0x000000008c000000|  0%| F|  |TS  2|AC  0|TAMS 0x000000008bf00000, 0x000000008bf00000|
| 154|0x000000008c000000, 0x000000008c000000, 0x000000008c100000|  0%| F|  |TS  2|AC  0|TAMS 0x000000008c000000, 0x000000008c000000|
| 155|0x000000008c100000, 0x000000008c100000, 0x000000008c200000|  0%| F|  |TS  2|AC  0|TAMS 0x000000008c100000, 0x000000008c100000|
| 156|0x000000008c200000, 0x000000008c200000, 0x000000008c300000|  0%| F|  |TS  2|AC  0|TAMS 0x000000008c200000, 0x000000008c200000|
| 157|0x000000008c300000, 0x000000008c300000, 0x000000008c400000|  0%| F|  |TS  2|AC  0|TAMS 0x000000008c300000, 0x000000008c300000|
| 158|0x000000008c400000, 0x000000008c400000, 0x000000008c500000|  0%| F|  |TS  2|AC  0|TAMS 0x000000008c400000, 0x000000008c400000|
| 159|0x000000008c500000, 0x000000008c500000, 0x000000008c600000|  0%| F|  |TS  2|AC  0|TAMS 0x000000008c500000, 0x000000008c500000|
| 160|0x000000008c600000, 0x000000008c600000, 0x000000008c700000|  0%| F|  |TS  2|AC  0|TAMS 0x000000008c600000, 0x000000008c600000|
| 161|0x000000008c700000, 0x000000008c700000, 0x000000008c800000|  0%| F|  |TS  2|AC  0|TAMS 0x000000008c700000, 0x000000008c700000|
| 162|0x000000008c800000, 0x000000008c800000, 0x000000008c900000|  0%| F|  |TS  2|AC  0|TAMS 0x000000008c800000, 0x000000008c800000|
| 163|0x000000008c900000, 0x000000008c900000, 0x000000008ca00000|  0%| F|  |TS  2|AC  0|TAMS 0x000000008c900000, 0x000000008c900000|
| 164|0x000000008ca00000, 0x000000008ca00000, 0x000000008cb00000|  0%| F|  |TS  2|AC  0|TAMS 0x000000008ca00000, 0x000000008ca00000|
| 165|0x000000008cb00000, 0x000000008cb00000, 0x000000008cc00000|  0%| F|  |TS  2|AC  0|TAMS 0x000000008cb00000, 0x000000008cb00000|
| 166|0x000000008cc00000, 0x000000008cc00000, 0x000000008cd00000|  0%| F|  |TS  2|AC  0|TAMS 0x000000008cc00000, 0x000000008cc00000|
| 167|0x000000008cd00000, 0x000000008cd00000, 0x000000008ce00000|  0%| F|  |TS  2|AC  0|TAMS 0x000000008cd00000, 0x000000008cd00000|
| 168|0x000000008ce00000, 0x000000008ce00000, 0x000000008cf00000|  0%| F|  |TS  2|AC  0|TAMS 0x000000008ce00000, 0x000000008ce00000|
| 169|0x000000008cf00000, 0x000000008cf00000, 0x000000008d000000|  0%| F|  |TS  2|AC  0|TAMS 0x000000008cf00000, 0x000000008cf00000|
| 170|0x000000008d000000, 0x000000008d000000, 0x000000008d100000|  0%| F|  |TS  2|AC  0|TAMS 0x000000008d000000, 0x000000008d000000|
| 171|0x000000008d100000, 0x000000008d100000, 0x000000008d200000|  0%| F|  |TS  2|AC  0|TAMS 0x000000008d100000, 0x000000008d100000|
| 172|0x000000008d200000, 0x000000008d200000, 0x000000008d300000|  0%| F|  |TS  2|AC  0|TAMS 0x000000008d200000, 0x000000008d200000|
| 173|0x000000008d300000, 0x000000008d300000, 0x000000008d400000|  0%| F|  |TS  2|AC  0|TAMS 0x000000008d300000, 0x000000008d300000|
| 174|0x000000008d400000, 0x000000008d400000, 0x000000008d500000|  0%| F|  |TS  2|AC  0|TAMS 0x000000008d400000, 0x000000008d400000|
| 175|0x000000008d500000, 0x000000008d500000, 0x000000008d600000|  0%| F|  |TS  2|AC  0|TAMS 0x000000008d500000, 0x000000008d500000|
| 176|0x000000008d600000, 0x000000008d600000, 0x000000008d700000|  0%| F|  |TS  2|AC  0|TAMS 0x000000008d600000, 0x000000008d600000|
| 177|0x000000008d700000, 0x000000008d700000, 0x000000008d800000|  0%| F|  |TS  2|AC  0|TAMS 0x000000008d700000, 0x000000008d700000|
| 178|0x000000008d800000, 0x000000008d800000, 0x000000008d900000|  0%| F|  |TS  2|AC  0|TAMS 0x000000008d800000, 0x000000008d800000|
| 179|0x000000008d900000, 0x000000008d900000, 0x000000008da00000|  0%| F|  |TS  2|AC  0|TAMS 0x000000008d900000, 0x000000008d900000|
| 180|0x000000008da00000, 0x000000008da00000, 0x000000008db00000|  0%| F|  |TS  2|AC  0|TAMS 0x000000008da00000, 0x000000008da00000|
| 181|0x000000008db00000, 0x000000008db00000, 0x000000008dc00000|  0%| F|  |TS  2|AC  0|TAMS 0x000000008db00000, 0x000000008db00000|
| 182|0x000000008dc00000, 0x000000008dc693c8, 0x000000008dd00000| 41%| E|  |TS  2|AC  0|TAMS 0x000000008dc00000, 0x000000008dc00000|

Card table byte_map: [0x00000174b6a80000,0x00000174b6e70000] byte_map_base: 0x00000174b666d000

Marking Bits (Prev, Next): (CMBitMap*) 0x000001749c06a338, (CMBitMap*) 0x000001749c06a300
 Prev Bits: [0x00000174b91d0000, 0x00000174bb138000)
 Next Bits: [0x00000174b7260000, 0x00000174b91c8000)

Polling page: 0x000001749b790000

CodeHeap 'non-profiled nmethods': size=120000Kb used=5288Kb max_used=5288Kb free=114711Kb
 bounds [0x00000174aee30000, 0x00000174af360000, 0x00000174b6360000]
CodeHeap 'profiled nmethods': size=120000Kb used=14742Kb max_used=14760Kb free=105257Kb
 bounds [0x00000174a7900000, 0x00000174a8770000, 0x00000174aee30000]
CodeHeap 'non-nmethods': size=5760Kb used=1256Kb max_used=1314Kb free=4503Kb
 bounds [0x00000174a7360000, 0x00000174a75d0000, 0x00000174a7900000]
 total_blobs=9095 nmethods=6551 adapters=553
 compilation: enabled

Compilation events (10 events):
Event: 60.042 Thread 0x00000174bdbbe800 6761       1       antlr.CommonAST::getType (5 bytes)
Event: 60.042 Thread 0x00000174bdbbe800 nmethod 6761 0x00000174aef48c10 code [0x00000174aef48dc0, 0x00000174aef48ed8]
Event: 60.050 Thread 0x00000174bdbbe800 6762       1       org.hibernate.tuple.AbstractAttribute::getName (5 bytes)
Event: 60.050 Thread 0x00000174bdbbe800 nmethod 6762 0x00000174aef5e890 code [0x00000174aef5ea40, 0x00000174aef5eb58]
Event: 60.050 Thread 0x00000174bdbbe800 6763       1       org.hibernate.internal.SessionFactoryImpl::getJdbcServices (5 bytes)
Event: 60.050 Thread 0x00000174bdbbe800 nmethod 6763 0x00000174af359810 code [0x00000174af3599c0, 0x00000174af359ad8]
Event: 60.071 Thread 0x00000174bdbbe800 6766   !   3       org.springframework.boot.devtools.restart.classloader.RestartClassLoader::loadClass (119 bytes)
Event: 60.073 Thread 0x00000174bdbbe800 nmethod 6766 0x00000174a81a2310 code [0x00000174a81a2660, 0x00000174a81a3bd0]
Event: 60.073 Thread 0x00000174bdbbe800 6767       3       java.util.LinkedList$ListItr::hasNext (20 bytes)
Event: 60.073 Thread 0x00000174bdbbe800 nmethod 6767 0x00000174a7d31f90 code [0x00000174a7d32140, 0x00000174a7d322f8]

GC Heap History (10 events):
Event: 3.674 GC heap before
{Heap before GC invocations=8 (full 0):
 garbage-first heap   total 155648K, used 106866K [0x0000000082600000, 0x0000000100000000)
  region size 1024K, 91 young (93184K), 8 survivors (8192K)
 Metaspace       used 41823K, capacity 42892K, committed 43136K, reserved 1087488K
  class space    used 4951K, capacity 5403K, committed 5504K, reserved 1048576K
}
Event: 3.684 GC heap after
{Heap after GC invocations=9 (full 0):
 garbage-first heap   total 155648K, used 22020K [0x0000000082600000, 0x0000000100000000)
  region size 1024K, 11 young (11264K), 11 survivors (11264K)
 Metaspace       used 41823K, capacity 42892K, committed 43136K, reserved 1087488K
  class space    used 4951K, capacity 5403K, committed 5504K, reserved 1048576K
}
Event: 3.764 GC heap before
{Heap before GC invocations=9 (full 0):
 garbage-first heap   total 155648K, used 104964K [0x0000000082600000, 0x0000000100000000)
  region size 1024K, 91 young (93184K), 11 survivors (11264K)
 Metaspace       used 42463K, capacity 43617K, committed 43904K, reserved 1087488K
  class space    used 5006K, capacity 5474K, committed 5504K, reserved 1048576K
}
Event: 3.771 GC heap after
{Heap after GC invocations=10 (full 0):
 garbage-first heap   total 155648K, used 22560K [0x0000000082600000, 0x0000000100000000)
  region size 1024K, 7 young (7168K), 7 survivors (7168K)
 Metaspace       used 42463K, capacity 43617K, committed 43904K, reserved 1087488K
  class space    used 5006K, capacity 5474K, committed 5504K, reserved 1048576K
}
Event: 4.822 GC heap before
{Heap before GC invocations=10 (full 0):
 garbage-first heap   total 155648K, used 109600K [0x0000000082600000, 0x0000000100000000)
  region size 1024K, 91 young (93184K), 7 survivors (7168K)
 Metaspace       used 53756K, capacity 55016K, committed 55552K, reserved 1097728K
  class space    used 6543K, capacity 7056K, committed 7168K, reserved 1048576K
}
Event: 4.830 GC heap after
{Heap after GC invocations=11 (full 0):
 garbage-first heap   total 187392K, used 27041K [0x0000000082600000, 0x0000000100000000)
  region size 1024K, 11 young (11264K), 11 survivors (11264K)
 Metaspace       used 53756K, capacity 55016K, committed 55552K, reserved 1097728K
  class space    used 6543K, capacity 7056K, committed 7168K, reserved 1048576K
}
Event: 5.197 GC heap before
{Heap before GC invocations=11 (full 0):
 garbage-first heap   total 187392K, used 60833K [0x0000000082600000, 0x0000000100000000)
  region size 1024K, 45 young (46080K), 11 survivors (11264K)
 Metaspace       used 58629K, capacity 59855K, committed 60160K, reserved 1101824K
  class space    used 7237K, capacity 7752K, committed 7808K, reserved 1048576K
}
Event: 5.206 GC heap after
{Heap after GC invocations=12 (full 0):
 garbage-first heap   total 187392K, used 28553K [0x0000000082600000, 0x0000000100000000)
  region size 1024K, 7 young (7168K), 7 survivors (7168K)
 Metaspace       used 58629K, capacity 59855K, committed 60160K, reserved 1101824K
  class space    used 7237K, capacity 7752K, committed 7808K, reserved 1048576K
}
Event: 6.738 GC heap before
{Heap before GC invocations=13 (full 0):
 garbage-first heap   total 187392K, used 130953K [0x0000000082600000, 0x0000000100000000)
  region size 1024K, 107 young (109568K), 7 survivors (7168K)
 Metaspace       used 68405K, capacity 70008K, committed 70400K, reserved 1110016K
  class space    used 8550K, capacity 9183K, committed 9216K, reserved 1048576K
}
Event: 6.747 GC heap after
{Heap after GC invocations=14 (full 0):
 garbage-first heap   total 187392K, used 31869K [0x0000000082600000, 0x0000000100000000)
  region size 1024K, 11 young (11264K), 11 survivors (11264K)
 Metaspace       used 68405K, capacity 70008K, committed 70400K, reserved 1110016K
  class space    used 8550K, capacity 9183K, committed 9216K, reserved 1048576K
}

Deoptimization events (10 events):
Event: 39.309 Thread 0x00000174c74b2800 Uncommon trap: reason=unstable_if action=reinterpret pc=0x00000174aef2b6d4 method=java.net.URL.set(Ljava/lang/String;Ljava/lang/String;ILjava/lang/String;Ljava/lang/String;Ljava/lang/String;Ljava/lang/String;Ljava/lang/String;)V @ 23 c2
Event: 59.913 Thread 0x00000174c2f64000 Uncommon trap: reason=unstable_if action=reinterpret pc=0x00000174aef37dcc method=java.nio.Buffer.<init>(IIII)V @ 44 c2
Event: 59.935 Thread 0x00000174c2f64000 Uncommon trap: reason=unstable_if action=reinterpret pc=0x00000174af0c0d50 method=java.util.StringTokenizer.scanToken(I)I @ 96 c2
Event: 59.962 Thread 0x00000174c2f64000 Uncommon trap: reason=bimorphic_or_optimized_type_check action=maybe_recompile pc=0x00000174af0b6824 method=java.util.Hashtable.addEntry(ILjava/lang/Object;Ljava/lang/Object;I)V @ 28 c2
Event: 59.962 Thread 0x00000174c2f64000 Uncommon trap: reason=bimorphic_or_optimized_type_check action=maybe_recompile pc=0x00000174af0b6824 method=java.util.Hashtable.addEntry(ILjava/lang/Object;Ljava/lang/Object;I)V @ 28 c2
Event: 59.962 Thread 0x00000174c2f64000 Uncommon trap: reason=bimorphic_or_optimized_type_check action=maybe_recompile pc=0x00000174af0b6824 method=java.util.Hashtable.addEntry(ILjava/lang/Object;Ljava/lang/Object;I)V @ 28 c2
Event: 59.967 Thread 0x00000174c2f64000 Uncommon trap: reason=unstable_if action=reinterpret pc=0x00000174aee3cb60 method=java.lang.CharacterData.of(I)Ljava/lang/CharacterData; @ 4 c2
Event: 59.971 Thread 0x00000174c2f64000 Uncommon trap: reason=unstable_if action=reinterpret pc=0x00000174af2e05d0 method=java.util.regex.Matcher.reset()Ljava/util/regex/Matcher; @ 71 c2
Event: 59.971 Thread 0x00000174c2f64000 Uncommon trap: reason=unstable_if action=reinterpret pc=0x00000174af2dff08 method=java.util.regex.Matcher.search(I)Z @ 76 c2
Event: 59.971 Thread 0x00000174c2f64000 Uncommon trap: reason=unstable_if action=reinterpret pc=0x00000174af13c668 method=java.util.regex.Pattern$BmpCharProperty.match(Ljava/util/regex/Matcher;ILjava/lang/CharSequence;)Z @ 39 c2

Classes redefined (0 events):
No events

Internal exceptions (10 events):
Event: 14.252 Thread 0x00000174c2f6c000 Exception <a 'java/lang/reflect/InvocationTargetException'{0x0000000088f4b818}> (0x0000000088f4b818) thrown at [t:/workspace/open/src/hotspot/share/runtime/reflection.cpp, line 1222]
Event: 15.272 Thread 0x00000174c2f6c000 Exception <a 'java/lang/reflect/InvocationTargetException'{0x0000000088f62d48}> (0x0000000088f62d48) thrown at [t:/workspace/open/src/hotspot/share/runtime/reflection.cpp, line 1222]
Event: 16.293 Thread 0x00000174c2f6c000 Exception <a 'java/lang/reflect/InvocationTargetException'{0x0000000088f7a278}> (0x0000000088f7a278) thrown at [t:/workspace/open/src/hotspot/share/runtime/reflection.cpp, line 1222]
Event: 16.322 Thread 0x00000174c2f6c000 Exception <a 'java/lang/reflect/InvocationTargetException'{0x0000000088f95628}> (0x0000000088f95628) thrown at [t:/workspace/open/src/hotspot/share/runtime/reflection.cpp, line 1222]
Event: 17.372 Thread 0x00000174c2f6c000 Exception <a 'java/lang/reflect/InvocationTargetException'{0x0000000088fae210}> (0x0000000088fae210) thrown at [t:/workspace/open/src/hotspot/share/runtime/reflection.cpp, line 1222]
Event: 18.391 Thread 0x00000174c2f6c000 Exception <a 'java/lang/reflect/InvocationTargetException'{0x0000000088fc7c58}> (0x0000000088fc7c58) thrown at [t:/workspace/open/src/hotspot/share/runtime/reflection.cpp, line 1222]
Event: 19.415 Thread 0x00000174c2f6c000 Exception <a 'java/lang/reflect/InvocationTargetException'{0x0000000088e16c38}> (0x0000000088e16c38) thrown at [t:/workspace/open/src/hotspot/share/runtime/reflection.cpp, line 1222]
Event: 20.433 Thread 0x00000174c2f6c000 Exception <a 'java/lang/reflect/InvocationTargetException'{0x0000000088e2e178}> (0x0000000088e2e178) thrown at [t:/workspace/open/src/hotspot/share/runtime/reflection.cpp, line 1222]
Event: 21.444 Thread 0x00000174c2f6c000 Exception <a 'java/lang/reflect/InvocationTargetException'{0x0000000088e456b8}> (0x0000000088e456b8) thrown at [t:/workspace/open/src/hotspot/share/runtime/reflection.cpp, line 1222]
Event: 22.453 Thread 0x00000174c2f6c000 Exception <a 'java/lang/reflect/InvocationTargetException'{0x0000000088e5cbf8}> (0x0000000088e5cbf8) thrown at [t:/workspace/open/src/hotspot/share/runtime/reflection.cpp, line 1222]

Events (10 events):
Event: 60.060 loading class org/hibernate/query/criteria/internal/compile/CriteriaQueryTypeQueryAdapter
Event: 60.060 loading class org/hibernate/query/criteria/internal/compile/CriteriaQueryTypeQueryAdapter done
Event: 60.065 loading class org/springframework/orm/jpa/SharedEntityManagerCreator$SharedEntityManagerInvocationHandler
Event: 60.065 loading class org/springframework/orm/jpa/SharedEntityManagerCreator$SharedEntityManagerInvocationHandler done
Event: 60.066 loading class org/springframework/orm/jpa/SharedEntityManagerCreator$DeferredQueryInvocationHandler
Event: 60.066 loading class org/springframework/orm/jpa/SharedEntityManagerCreator$DeferredQueryInvocationHandler done
Event: 60.067 loading class javax/persistence/TemporalType
Event: 60.067 loading class javax/persistence/TemporalType done
Event: 60.067 loading class org/hibernate/ScrollMode
Event: 60.067 loading class org/hibernate/ScrollMode done


Dynamic libraries:
0x00007ff78c120000 - 0x00007ff78c15e000 	C:\Program Files\Java\jdk-10.0.2\bin\javaw.exe
0x00007ffd98d10000 - 0x00007ffd98f06000 	C:\WINDOWS\SYSTEM32\ntdll.dll
0x00007ffd98670000 - 0x00007ffd9872d000 	C:\WINDOWS\System32\KERNEL32.DLL
0x00007ffd96aa0000 - 0x00007ffd96d69000 	C:\WINDOWS\System32\KERNELBASE.dll
0x00007ffd98420000 - 0x00007ffd984cc000 	C:\WINDOWS\System32\ADVAPI32.dll
0x00007ffd98380000 - 0x00007ffd9841e000 	C:\WINDOWS\System32\msvcrt.dll
0x00007ffd96d70000 - 0x00007ffd96e0c000 	C:\WINDOWS\System32\sechost.dll
0x00007ffd978f0000 - 0x00007ffd97a1b000 	C:\WINDOWS\System32\RPCRT4.dll
0x00007ffd98a40000 - 0x00007ffd98be0000 	C:\WINDOWS\System32\USER32.dll
0x00007ffd96710000 - 0x00007ffd96732000 	C:\WINDOWS\System32\win32u.dll
0x00007ffd98940000 - 0x00007ffd9896a000 	C:\WINDOWS\System32\GDI32.dll
0x00007ffd96450000 - 0x00007ffd96559000 	C:\WINDOWS\System32\gdi32full.dll
0x00007ffd965c0000 - 0x00007ffd9665d000 	C:\WINDOWS\System32\msvcp_win.dll
0x00007ffd96740000 - 0x00007ffd96840000 	C:\WINDOWS\System32\ucrtbase.dll
0x00007ffd7d280000 - 0x00007ffd7d51b000 	C:\WINDOWS\WinSxS\amd64_microsoft.windows.common-controls_6595b64144ccf1df_6.0.19041.488_none_ca04af081b815d21\COMCTL32.dll
0x00007ffd88810000 - 0x00007ffd8881a000 	C:\WINDOWS\SYSTEM32\VERSION.dll
0x00007ffd96e10000 - 0x00007ffd96e40000 	C:\WINDOWS\System32\IMM32.DLL
0x00007ffd65550000 - 0x00007ffd6563f000 	C:\Program Files\Java\jdk-10.0.2\bin\msvcr120.dll
0x00007ffd75d70000 - 0x00007ffd75e16000 	C:\Program Files\Java\jdk-10.0.2\bin\msvcp120.dll
0x0000000071810000 - 0x0000000072280000 	C:\Program Files\Java\jdk-10.0.2\bin\server\jvm.dll
0x00007ffd98370000 - 0x00007ffd98378000 	C:\WINDOWS\System32\PSAPI.DLL
0x00007ffd86ec0000 - 0x00007ffd86ee7000 	C:\WINDOWS\SYSTEM32\WINMM.dll
0x00007ffd862e0000 - 0x00007ffd862e9000 	C:\WINDOWS\SYSTEM32\WSOCK32.dll
0x00007ffd98600000 - 0x00007ffd9866b000 	C:\WINDOWS\System32\WS2_32.dll
0x00007ffd90ef0000 - 0x00007ffd90eff000 	C:\Program Files\Java\jdk-10.0.2\bin\verify.dll
0x00007ffd81b00000 - 0x00007ffd81ce4000 	C:\WINDOWS\SYSTEM32\DBGHELP.DLL
0x00007ffd811d0000 - 0x00007ffd811fc000 	C:\WINDOWS\SYSTEM32\dbgcore.DLL
0x00007ffd96690000 - 0x00007ffd96710000 	C:\WINDOWS\System32\bcryptPrimitives.dll
0x00007ffd888b0000 - 0x00007ffd888d7000 	C:\Program Files\Java\jdk-10.0.2\bin\java.dll
0x00007ffd86330000 - 0x00007ffd86346000 	C:\Program Files\Java\jdk-10.0.2\bin\zip.dll
0x00007ffd909d0000 - 0x00007ffd909da000 	C:\Program Files\Java\jdk-10.0.2\bin\jimage.dll
0x00007ffd97c20000 - 0x00007ffd98362000 	C:\WINDOWS\System32\SHELL32.dll
0x00007ffd945a0000 - 0x00007ffd94d35000 	C:\WINDOWS\SYSTEM32\windows.storage.dll
0x00007ffd97400000 - 0x00007ffd97756000 	C:\WINDOWS\System32\combase.dll
0x00007ffd95ec0000 - 0x00007ffd95eec000 	C:\WINDOWS\SYSTEM32\Wldp.dll
0x00007ffd97a40000 - 0x00007ffd97aee000 	C:\WINDOWS\System32\SHCORE.dll
0x00007ffd988e0000 - 0x00007ffd98935000 	C:\WINDOWS\System32\shlwapi.dll
0x00007ffd96380000 - 0x00007ffd963a6000 	C:\WINDOWS\SYSTEM32\profapi.dll
0x00007ffd86310000 - 0x00007ffd8632a000 	C:\Program Files\Java\jdk-10.0.2\bin\net.dll
0x00007ffd8b300000 - 0x00007ffd8b400000 	C:\WINDOWS\SYSTEM32\WINHTTP.dll
0x00007ffd95c40000 - 0x00007ffd95caa000 	C:\WINDOWS\system32\mswsock.dll
0x00007ffd862f0000 - 0x00007ffd86301000 	C:\Program Files\Java\jdk-10.0.2\bin\nio.dll
0x00007ffd888a0000 - 0x00007ffd888a9000 	C:\Program Files\Java\jdk-10.0.2\bin\management.dll
0x00007ffd86e90000 - 0x00007ffd86e9a000 	C:\Program Files\Java\jdk-10.0.2\bin\management_ext.dll
0x00007ffd958e0000 - 0x00007ffd9591b000 	C:\WINDOWS\SYSTEM32\IPHLPAPI.DLL
0x00007ffd96e40000 - 0x00007ffd96e48000 	C:\WINDOWS\System32\NSI.dll
0x00007ffd8ea10000 - 0x00007ffd8ea27000 	C:\WINDOWS\SYSTEM32\dhcpcsvc6.DLL
0x00007ffd8e9f0000 - 0x00007ffd8ea0d000 	C:\WINDOWS\SYSTEM32\dhcpcsvc.DLL
0x00007ffd95930000 - 0x00007ffd959fb000 	C:\WINDOWS\SYSTEM32\DNSAPI.dll
0x00007ffd89310000 - 0x00007ffd8931a000 	C:\Windows\System32\rasadhlp.dll
0x00007ffd88b30000 - 0x00007ffd88baf000 	C:\WINDOWS\System32\fwpuclnt.dll
0x00007ffd96660000 - 0x00007ffd96687000 	C:\WINDOWS\System32\bcrypt.dll
0x00007ffd65ab0000 - 0x00007ffd65ac7000 	C:\WINDOWS\system32\napinsp.dll
0x00007ffd65a70000 - 0x00007ffd65a8b000 	C:\WINDOWS\system32\pnrpnsp.dll
0x00007ffd91360000 - 0x00007ffd91375000 	C:\WINDOWS\system32\wshbth.dll
0x00007ffd91df0000 - 0x00007ffd91e0d000 	C:\WINDOWS\system32\NLAapi.dll
0x00007ffd65a50000 - 0x00007ffd65a62000 	C:\WINDOWS\System32\winrnr.dll
0x00007ffd95e10000 - 0x00007ffd95e28000 	C:\WINDOWS\SYSTEM32\CRYPTSP.dll
0x00007ffd95560000 - 0x00007ffd95594000 	C:\WINDOWS\system32\rsaenh.dll
0x00007ffd96340000 - 0x00007ffd9636e000 	C:\WINDOWS\SYSTEM32\USERENV.dll
0x00007ffd95e30000 - 0x00007ffd95e3c000 	C:\WINDOWS\SYSTEM32\CRYPTBASE.dll
0x00007ffd84850000 - 0x00007ffd84873000 	C:\Program Files\Java\jdk-10.0.2\bin\sunec.dll
0x00007ffd863d0000 - 0x00007ffd863db000 	C:\Program Files\Java\jdk-10.0.2\bin\sunmscapi.dll
0x00007ffd96840000 - 0x00007ffd9699d000 	C:\WINDOWS\System32\CRYPT32.dll

dbghelp: loaded successfully - version: 4.0.5 - missing functions: none
symbol engine: initialized successfully - sym options: 0x614 - pdb path: .;C:\Program Files\Java\jdk-10.0.2\bin;C:\WINDOWS\SYSTEM32;C:\WINDOWS\WinSxS\amd64_microsoft.windows.common-controls_6595b64144ccf1df_6.0.19041.488_none_ca04af081b815d21;C:\Program Files\Java\jdk-10.0.2\bin\server

VM Arguments:
jvm_args: -Dfile.encoding=UTF-8 
java_command: app.KorisnickiServisNoviApplication
java_class_path (initial): C:\Users\Dusan\git\SKProjekat2\Korisnicki-ServisNovi\target\classes;C:\Users\Dusan\.m2\repository\org\springframework\spring-jms\5.2.12.RELEASE\spring-jms-5.2.12.RELEASE.jar;C:\Users\Dusan\.m2\repository\org\springframework\boot\spring-boot-starter-web\2.4.1\spring-boot-starter-web-2.4.1.jar;C:\Users\Dusan\.m2\repository\org\springframework\boot\spring-boot-starter\2.4.1\spring-boot-starter-2.4.1.jar;C:\Users\Dusan\.m2\repository\org\springframework\boot\spring-boot-starter-logging\2.4.1\spring-boot-starter-logging-2.4.1.jar;C:\Users\Dusan\.m2\repository\ch\qos\logback\logback-classic\1.2.3\logback-classic-1.2.3.jar;C:\Users\Dusan\.m2\repository\ch\qos\logback\logback-core\1.2.3\logback-core-1.2.3.jar;C:\Users\Dusan\.m2\repository\org\apache\logging\log4j\log4j-to-slf4j\2.13.3\log4j-to-slf4j-2.13.3.jar;C:\Users\Dusan\.m2\repository\org\apache\logging\log4j\log4j-api\2.13.3\log4j-api-2.13.3.jar;C:\Users\Dusan\.m2\repository\org\slf4j\jul-to-slf4j\1.7.30\jul-to-slf4j-1.7.30.jar;C:\Users\Dusan\.m2\repository\jakarta\annotation\jakarta.annotation-api\1.3.5\jakarta.annotation-api-1.3.5.jar;C:\Users\Dusan\.m2\repository\org\yaml\snakeyaml\1.27\snakeyaml-1.27.jar;C:\Users\Dusan\.m2\repository\org\springframework\boot\spring-boot-starter-json\2.4.1\spring-boot-starter-json-2.4.1.jar;C:\Users\Dusan\.m2\repository\com\fasterxml\jackson\datatype\jackson-datatype-jdk8\2.11.3\jackson-datatype-jdk8-2.11.3.jar;C:\Users\Dusan\.m2\repository\com\fasterxml\jackson\datatype\jackson-datatype-jsr310\2.11.3\jackson-datatype-jsr310-2.11.3.jar;C:\Users\Dusan\.m2\repository\com\fasterxml\jackson\module\jackson-module-parameter-names\2.11.3\jackson-module-parameter-names-2.11.3.jar;C:\Users\Dusan\.m2\repository\org\springframework\boot\spring-boot-starter-tomcat\2.4.1\spring-boot-starter-tomcat-2.4.1.jar;C:\Users\Dusan\.m2\repository\org\apache\tomcat\embed\tomcat-embed-core\9.0.41\tomcat-embed-core-9.0.41.jar;C:\Users\Dusan\.m2\repository\org\glassfish\jakarta.e
Launcher Type: SUN_STANDARD

Logging:
Log output configuration:
#0: stdout all=warning uptime,level,tags
#1: stderr all=off uptime,level,tags

Environment Variables:
PATH=C:\Program Files (x86)\Common Files\Oracle\Java\javapath;C:\Windows\system32;C:\Windows;C:\Windows\System32\Wbem;C:\Windows\System32\WindowsPowerShell\v1.0\;C:\Windows\System32\OpenSSH\;C:\Program Files (x86)\NVIDIA Corporation\PhysX\Common;C:\Program Files\NVIDIA Corporation\NVIDIA NvDLISR;C:\Program Files\Git\cmd;C:\Program Files\PuTTY\;C:\Program Files\TortoiseGit\bin;C:\WINDOWS\system32;C:\WINDOWS;C:\WINDOWS\System32\Wbem;C:\WINDOWS\System32\WindowsPowerShell\v1.0\;C:\WINDOWS\System32\OpenSSH\;C:\Program Files (x86)\Microsoft SQL Server\110\Tools\Binn\ManagementStudio\;C:\Program Files (x86)\Microsoft SQL Server\110\Tools\Binn\;C:\Program Files (x86)\Microsoft SQL Server\110\DTS\Binn\;C:\Program Files\nodejs\;C:\Users\Dusan\AppData\Local\Microsoft\WindowsApps;C:\Users\Dusan\AppData\Local\Microsoft\WindowsApps;C:\Users\Dusan\AppData\Roaming\npm;
USERNAME=Dusan
OS=Windows_NT
PROCESSOR_IDENTIFIER=Intel64 Family 6 Model 158 Stepping 10, GenuineIntel



---------------  S Y S T E M  ---------------

OS: Windows 10 , 64 bit Build 19041 (10.0.19041.662)

CPU:total 8 (initial active 8) (4 cores per cpu, 2 threads per core) family 6 model 158 stepping 10, cmov, cx8, fxsr, mmx, sse, sse2, sse3, ssse3, sse4.1, sse4.2, popcnt, avx, avx2, aes, clmul, erms, 3dnowpref, lzcnt, ht, tsc, tscinvbit, bmi1, bmi2, adx, fma

Memory: 4k page, physical 8227124k(458060k free), swap 15395124k(1220k free)

vm_info: Java HotSpot(TM) 64-Bit Server VM (10.0.2+13) for windows-amd64 JRE (10.0.2+13), built on Jun 28 2018 01:57:56 by "mach5one" with MS VC++ 12.0 (VS2013)

END.
