#
# There is insufficient memory for the Java Runtime Environment to continue.
# Native memory allocation (mmap) failed to map 132120576 bytes for Failed to commit area from 0x0000000082600000 to 0x000000008a400000 of length 132120576.
# Possible reasons:
#   The system is out of physical RAM or swap space
#   The process is running with CompressedOops enabled, and the Java Heap may be blocking the growth of the native heap
# Possible solutions:
#   Reduce memory load on the system
#   Increase physical memory or swap space
#   Check if swap backing store is full
#   Decrease Java heap size (-Xmx/-Xms)
#   Decrease number of Java threads
#   Decrease Java thread stack sizes (-Xss)
#   Set larger code cache with -XX:ReservedCodeCacheSize=
# This output file may be truncated or incomplete.
#
#  Out of Memory Error (t:/workspace/open/src/hotspot/os/windows/os_windows.cpp:3221), pid=12980, tid=6436
#
# JRE version:  (10.0.2+13) (build )
# Java VM: Java HotSpot(TM) 64-Bit Server VM (10.0.2+13, mixed mode, aot, tiered, compressed oops, g1 gc, windows-amd64)
# No core dump will be written. Minidumps are not enabled by default on client versions of Windows
#

---------------  S U M M A R Y ------------

Command Line: -Dfile.encoding=UTF-8 SK2.Zuul.ZuulApplication

Host: Intel(R) Core(TM) i5-8300H CPU @ 2.30GHz, 8 cores, 7G,  Windows 10 , 64 bit Build 19041 (10.0.19041.662)
Time: Sun Jan 17 01:47:25 2021 Central Europe Standard Time elapsed time: 0 seconds (0d 0h 0m 0s)

---------------  T H R E A D  ---------------

Current thread (0x000001af3e215000):  JavaThread "Unknown thread" [_thread_in_vm, id=6436, stack(0x00000085e4e00000,0x00000085e4f00000)]

Stack: [0x00000085e4e00000,0x00000085e4f00000]
Native frames: (J=compiled Java code, j=interpreted, Vv=VM code, C=native code)
V  [jvm.dll+0x5a01a9]
V  [jvm.dll+0x6bcf31]
V  [jvm.dll+0x6be126]
V  [jvm.dll+0x6be7b3]
V  [jvm.dll+0x234978]
V  [jvm.dll+0x59dac4]
V  [jvm.dll+0x592825]
V  [jvm.dll+0x2f632b]
V  [jvm.dll+0x2f6295]
V  [jvm.dll+0x2f6172]
V  [jvm.dll+0x2f8366]
V  [jvm.dll+0x344293]
V  [jvm.dll+0x3449a6]
V  [jvm.dll+0x344393]
V  [jvm.dll+0x2c4628]
V  [jvm.dll+0x2c5771]
V  [jvm.dll+0x69d1db]
V  [jvm.dll+0x69e9fc]
V  [jvm.dll+0x3519e9]
V  [jvm.dll+0x6856a2]
V  [jvm.dll+0x3ba0c3]
V  [jvm.dll+0x3bc261]
C  [javaw.exe+0x3541]
C  [javaw.exe+0xe1cf]
C  [javaw.exe+0xe376]
C  [KERNEL32.DLL+0x17034]
C  [ntdll.dll+0x4d0d1]


---------------  P R O C E S S  ---------------

Threads class SMR info:
_java_thread_list=0x000001af3e058720, length=0, elements={
}

Java Threads: ( => current thread )

Other Threads:
  0x000001af3e22e800 GCTaskThread "GC Thread#0" [stack: 0x00000085e4f00000,0x00000085e5000000] [id=15240]
  0x000001af3e231000 GCTaskThread "GC Thread#1" [stack: 0x00000085e5000000,0x00000085e5100000] [id=9232]
  0x000001af3e237000 GCTaskThread "GC Thread#2" [stack: 0x00000085e5100000,0x00000085e5200000] [id=8936]
  0x000001af3e238000 GCTaskThread "GC Thread#3" [stack: 0x00000085e5200000,0x00000085e5300000] [id=6712]
  0x000001af3e23a000 GCTaskThread "GC Thread#4" [stack: 0x00000085e5300000,0x00000085e5400000] [id=13860]
  0x000001af3e23e000 GCTaskThread "GC Thread#5" [stack: 0x00000085e5400000,0x00000085e5500000] [id=16512]
  0x000001af3e240800 GCTaskThread "GC Thread#6" [stack: 0x00000085e5500000,0x00000085e5600000] [id=15932]
  0x000001af3e249000 GCTaskThread "GC Thread#7" [stack: 0x00000085e5600000,0x00000085e5700000] [id=14408]
  0x000001af3e2b5800 ConcurrentGCThread "G1 Main Marker" [stack: 0x00000085e5700000,0x00000085e5800000] [id=11256]
  0x000001af3e244800 ConcurrentGCThread "G1 Conc#0" [stack: 0x00000085e5800000,0x00000085e5900000] [id=13640]
  0x000001af3e242800 ConcurrentGCThread "G1 Conc#1" [stack: 0x00000085e5900000,0x00000085e5a00000] [id=8020]

[error occurred during error reporting (printing all threads), id 0xe0000002]

VM state:not at safepoint (not fully initialized)

VM Mutex/Monitor currently owned by a thread:  ([mutex/lock_event])
[0x000001af3e211ef0] Heap_lock - owner thread: 0x000001af3e215000

Heap address: 0x0000000082600000, size: 2010 MB, Compressed Oops mode: Non-zero based: 0x0000000082600000
Narrow klass base: 0x0000000000000000, Narrow klass shift: 0

GC Heap History (0 events):
No events

Deoptimization events (0 events):
No events

Classes redefined (0 events):
No events

Internal exceptions (0 events):
No events

Events (0 events):
No events


Dynamic libraries:
0x00007ff78c120000 - 0x00007ff78c15e000 	C:\Program Files\Java\jdk-10.0.2\bin\javaw.exe
0x00007ffd98d10000 - 0x00007ffd98f06000 	C:\WINDOWS\SYSTEM32\ntdll.dll
0x00007ffd98670000 - 0x00007ffd9872d000 	C:\WINDOWS\System32\KERNEL32.DLL
0x00007ffd96aa0000 - 0x00007ffd96d69000 	C:\WINDOWS\System32\KERNELBASE.dll
0x00007ffd98420000 - 0x00007ffd984cc000 	C:\WINDOWS\System32\ADVAPI32.dll
0x00007ffd98380000 - 0x00007ffd9841e000 	C:\WINDOWS\System32\msvcrt.dll
0x00007ffd96d70000 - 0x00007ffd96e0c000 	C:\WINDOWS\System32\sechost.dll
0x00007ffd978f0000 - 0x00007ffd97a1b000 	C:\WINDOWS\System32\RPCRT4.dll
0x00007ffd98a40000 - 0x00007ffd98be0000 	C:\WINDOWS\System32\USER32.dll
0x00007ffd96710000 - 0x00007ffd96732000 	C:\WINDOWS\System32\win32u.dll
0x00007ffd98940000 - 0x00007ffd9896a000 	C:\WINDOWS\System32\GDI32.dll
0x00007ffd96450000 - 0x00007ffd96559000 	C:\WINDOWS\System32\gdi32full.dll
0x00007ffd965c0000 - 0x00007ffd9665d000 	C:\WINDOWS\System32\msvcp_win.dll
0x00007ffd96740000 - 0x00007ffd96840000 	C:\WINDOWS\System32\ucrtbase.dll
0x00007ffd7d280000 - 0x00007ffd7d51b000 	C:\WINDOWS\WinSxS\amd64_microsoft.windows.common-controls_6595b64144ccf1df_6.0.19041.488_none_ca04af081b815d21\COMCTL32.dll
0x00007ffd88810000 - 0x00007ffd8881a000 	C:\WINDOWS\SYSTEM32\VERSION.dll
0x00007ffd96e10000 - 0x00007ffd96e40000 	C:\WINDOWS\System32\IMM32.DLL
0x00007ffd63000000 - 0x00007ffd630ef000 	C:\Program Files\Java\jdk-10.0.2\bin\msvcr120.dll
0x00007ffd62ca0000 - 0x00007ffd62d46000 	C:\Program Files\Java\jdk-10.0.2\bin\msvcp120.dll
0x00000000714a0000 - 0x0000000071f10000 	C:\Program Files\Java\jdk-10.0.2\bin\server\jvm.dll
0x00007ffd98370000 - 0x00007ffd98378000 	C:\WINDOWS\System32\PSAPI.DLL
0x00007ffd86ec0000 - 0x00007ffd86ee7000 	C:\WINDOWS\SYSTEM32\WINMM.dll
0x00007ffd862e0000 - 0x00007ffd862e9000 	C:\WINDOWS\SYSTEM32\WSOCK32.dll
0x00007ffd98600000 - 0x00007ffd9866b000 	C:\WINDOWS\System32\WS2_32.dll
0x00007ffd89360000 - 0x00007ffd8936f000 	C:\Program Files\Java\jdk-10.0.2\bin\verify.dll
0x00007ffd81b00000 - 0x00007ffd81ce4000 	C:\WINDOWS\SYSTEM32\DBGHELP.DLL
0x00007ffd811d0000 - 0x00007ffd811fc000 	C:\WINDOWS\SYSTEM32\dbgcore.DLL
0x00007ffd96690000 - 0x00007ffd96710000 	C:\WINDOWS\System32\bcryptPrimitives.dll
0x00007ffd863f0000 - 0x00007ffd86417000 	C:\Program Files\Java\jdk-10.0.2\bin\java.dll
0x00007ffd86200000 - 0x00007ffd86216000 	C:\Program Files\Java\jdk-10.0.2\bin\zip.dll
0x00007ffd89350000 - 0x00007ffd8935a000 	C:\Program Files\Java\jdk-10.0.2\bin\jimage.dll

dbghelp: loaded successfully - version: 4.0.5 - missing functions: none
symbol engine: initialized successfully - sym options: 0x614 - pdb path: .;C:\Program Files\Java\jdk-10.0.2\bin;C:\WINDOWS\SYSTEM32;C:\WINDOWS\WinSxS\amd64_microsoft.windows.common-controls_6595b64144ccf1df_6.0.19041.488_none_ca04af081b815d21;C:\Program Files\Java\jdk-10.0.2\bin\server

VM Arguments:
jvm_args: -Dfile.encoding=UTF-8 
java_command: SK2.Zuul.ZuulApplication
java_class_path (initial): C:\Users\Dusan\git\SKProjekat2\Zuul\Zuul\target\classes;C:\Users\Dusan\.m2\repository\org\springframework\boot\spring-boot-starter-actuator\2.3.8.BUILD-SNAPSHOT\spring-boot-starter-actuator-2.3.8.BUILD-SNAPSHOT.jar;C:\Users\Dusan\.m2\repository\org\springframework\boot\spring-boot-starter\2.3.8.BUILD-SNAPSHOT\spring-boot-starter-2.3.8.BUILD-SNAPSHOT.jar;C:\Users\Dusan\.m2\repository\org\springframework\boot\spring-boot\2.3.8.BUILD-SNAPSHOT\spring-boot-2.3.8.BUILD-SNAPSHOT.jar;C:\Users\Dusan\.m2\repository\org\springframework\spring-context\5.2.12.RELEASE\spring-context-5.2.12.RELEASE.jar;C:\Users\Dusan\.m2\repository\org\springframework\boot\spring-boot-autoconfigure\2.3.8.BUILD-SNAPSHOT\spring-boot-autoconfigure-2.3.8.BUILD-SNAPSHOT.jar;C:\Users\Dusan\.m2\repository\org\springframework\boot\spring-boot-starter-logging\2.3.8.BUILD-SNAPSHOT\spring-boot-starter-logging-2.3.8.BUILD-SNAPSHOT.jar;C:\Users\Dusan\.m2\repository\ch\qos\logback\logback-classic\1.2.3\logback-classic-1.2.3.jar;C:\Users\Dusan\.m2\repository\ch\qos\logback\logback-core\1.2.3\logback-core-1.2.3.jar;C:\Users\Dusan\.m2\repository\org\apache\logging\log4j\log4j-to-slf4j\2.13.3\log4j-to-slf4j-2.13.3.jar;C:\Users\Dusan\.m2\repository\org\apache\logging\log4j\log4j-api\2.13.3\log4j-api-2.13.3.jar;C:\Users\Dusan\.m2\repository\org\slf4j\jul-to-slf4j\1.7.30\jul-to-slf4j-1.7.30.jar;C:\Users\Dusan\.m2\repository\jakarta\annotation\jakarta.annotation-api\1.3.5\jakarta.annotation-api-1.3.5.jar;C:\Users\Dusan\.m2\repository\org\yaml\snakeyaml\1.26\snakeyaml-1.26.jar;C:\Users\Dusan\.m2\repository\org\springframework\boot\spring-boot-actuator-autoconfigure\2.3.8.BUILD-SNAPSHOT\spring-boot-actuator-autoconfigure-2.3.8.BUILD-SNAPSHOT.jar;C:\Users\Dusan\.m2\repository\org\springframework\boot\spring-boot-actuator\2.3.8.BUILD-SNAPSHOT\spring-boot-actuator-2.3.8.BUILD-SNAPSHOT.jar;C:\Users\Dusan\.m2\repository\com\fasterxml\jackson\core\jackson-databind\2.11.3\jackson-databind-2.11.3.jar
Launcher Type: SUN_STANDARD

Logging:
Log output configuration:
#0: stdout all=warning uptime,level,tags
#1: stderr all=off uptime,level,tags

Environment Variables:
PATH=C:\Program Files (x86)\Common Files\Oracle\Java\javapath;C:\Windows\system32;C:\Windows;C:\Windows\System32\Wbem;C:\Windows\System32\WindowsPowerShell\v1.0\;C:\Windows\System32\OpenSSH\;C:\Program Files (x86)\NVIDIA Corporation\PhysX\Common;C:\Program Files\NVIDIA Corporation\NVIDIA NvDLISR;C:\Program Files\Git\cmd;C:\Program Files\PuTTY\;C:\Program Files\TortoiseGit\bin;C:\WINDOWS\system32;C:\WINDOWS;C:\WINDOWS\System32\Wbem;C:\WINDOWS\System32\WindowsPowerShell\v1.0\;C:\WINDOWS\System32\OpenSSH\;C:\Program Files (x86)\Microsoft SQL Server\110\Tools\Binn\ManagementStudio\;C:\Program Files (x86)\Microsoft SQL Server\110\Tools\Binn\;C:\Program Files (x86)\Microsoft SQL Server\110\DTS\Binn\;C:\Program Files\nodejs\;C:\Users\Dusan\AppData\Local\Microsoft\WindowsApps;C:\Users\Dusan\AppData\Local\Microsoft\WindowsApps;C:\Users\Dusan\AppData\Roaming\npm;
USERNAME=Dusan
OS=Windows_NT
PROCESSOR_IDENTIFIER=Intel64 Family 6 Model 158 Stepping 10, GenuineIntel



---------------  S Y S T E M  ---------------

OS: Windows 10 , 64 bit Build 19041 (10.0.19041.662)

CPU:total 8 (initial active 8) (4 cores per cpu, 2 threads per core) family 6 model 158 stepping 10, cmov, cx8, fxsr, mmx, sse, sse2, sse3, ssse3, sse4.1, sse4.2, popcnt, avx, avx2, aes, clmul, erms, 3dnowpref, lzcnt, ht, tsc, tscinvbit, bmi1, bmi2, adx, fma

Memory: 4k page, physical 8227124k(636720k free), swap 15395124k(59764k free)

vm_info: Java HotSpot(TM) 64-Bit Server VM (10.0.2+13) for windows-amd64 JRE (10.0.2+13), built on Jun 28 2018 01:57:56 by "mach5one" with MS VC++ 12.0 (VS2013)

END.
