#
# There is insufficient memory for the Java Runtime Environment to continue.
# Native memory allocation (malloc) failed to allocate 1705776 bytes for Chunk::new
# Possible reasons:
#   The system is out of physical RAM or swap space
#   The process is running with CompressedOops enabled, and the Java Heap may be blocking the growth of the native heap
# Possible solutions:
#   Reduce memory load on the system
#   Increase physical memory or swap space
#   Check if swap backing store is full
#   Decrease Java heap size (-Xmx/-Xms)
#   Decrease number of Java threads
#   Decrease Java thread stack sizes (-Xss)
#   Set larger code cache with -XX:ReservedCodeCacheSize=
#   JVM is running with Unscaled Compressed Oops mode in which the Java heap is
#     placed in the first 4GB address space. The Java Heap base address is the
#     maximum limit for the native heap growth. Please use -XX:HeapBaseMinAddress
#     to set the Java Heap base and to place the Java Heap above 4GB virtual address.
# This output file may be truncated or incomplete.
#
#  Out of Memory Error (t:/workspace/open/src/hotspot/share/memory/arena.cpp:198), pid=19536, tid=22572
#
# JRE version: Java(TM) SE Runtime Environment (10.0.2+13) (build 10.0.2+13)
# Java VM: Java HotSpot(TM) 64-Bit Server VM (10.0.2+13, mixed mode, tiered, compressed oops, g1 gc, windows-amd64)
# No core dump will be written. Minidumps are not enabled by default on client versions of Windows
#

---------------  S U M M A R Y ------------

Command Line: -Dfile.encoding=UTF-8 app.ServisAvionskihKarataApplication

Host: Intel(R) Core(TM) i5-8300H CPU @ 2.30GHz, 8 cores, 7G,  Windows 10 , 64 bit Build 19041 (10.0.19041.662)
Time: Sun Jan 10 22:11:18 2021 Central Europe Standard Time elapsed time: 433 seconds (0d 0h 7m 13s)

---------------  T H R E A D  ---------------

Current thread (0x0000021d06c35000):  JavaThread "C2 CompilerThread1" daemon [_thread_in_native, id=22572, stack(0x0000007363b00000,0x0000007363c00000)]


Current CompileTask:
C2: 433497 7211       4       jdk.internal.loader.BuiltinClassLoader::defineClass (121 bytes)

Stack: [0x0000007363b00000,0x0000007363c00000]
Native frames: (J=compiled Java code, j=interpreted, Vv=VM code, C=native code)
V  [jvm.dll+0x5a01a9]
V  [jvm.dll+0x6bcf31]
V  [jvm.dll+0x6be126]
V  [jvm.dll+0x6be7b3]
V  [jvm.dll+0x234978]
V  [jvm.dll+0xbb69c]
V  [jvm.dll+0xbbbac]
V  [jvm.dll+0x34bee1]
V  [jvm.dll+0x18f02c]
V  [jvm.dll+0x1fff9d]
V  [jvm.dll+0x1ff116]
V  [jvm.dll+0x17c94b]
V  [jvm.dll+0x20c8dd]
V  [jvm.dll+0x20b6a6]
V  [jvm.dll+0x68b7ff]
V  [jvm.dll+0x59f4b0]
C  [msvcr120.dll+0x24f7f]
C  [msvcr120.dll+0x25126]
C  [KERNEL32.DLL+0x17034]
C  [ntdll.dll+0x4d0d1]


---------------  P R O C E S S  ---------------

Threads class SMR info:
_java_thread_list=0x0000021d0e84d490, length=49, elements={
0x0000021d06c1c000, 0x0000021d06c25000, 0x0000021d06c2d800, 0x0000021d06c31000,
0x0000021d06c34000, 0x0000021d06c35000, 0x0000021d0758c800, 0x0000021d06c3d800,
0x0000021d06c3e800, 0x0000021d07753000, 0x0000021d07758800, 0x0000021d0d2c1800,
0x0000021d0cdf6800, 0x0000021d0bcdb800, 0x0000021d0d450000, 0x0000021d1189f800,
0x0000021d0cbe2800, 0x0000021d0cbe4000, 0x0000021d0cbe5800, 0x0000021d0cbe3000,
0x0000021d0d5bc800, 0x0000021d0d5bd800, 0x0000021d0d5be800, 0x0000021d0d5ba800,
0x0000021d0d5bf000, 0x0000021d0d5c0000, 0x0000021d0d5b9000, 0x0000021d0d5bb000,
0x0000021d0d5c0800, 0x0000021d0d5b9800, 0x0000021d0d5c1800, 0x0000021d0d5bc000,
0x0000021d0d5c2000, 0x0000021d0d5c4800, 0x0000021d0d5c6000, 0x0000021d0d5c3800,
0x0000021d0d5c5800, 0x0000021d0d5c7000, 0x0000021d0d5c3000, 0x0000021d0e5cd000,
0x0000021d0e5cc000, 0x0000021d0e5cb000, 0x0000021d0e5ce800, 0x0000021d0e5d0000,
0x0000021d0e5d0800, 0x0000021d0e5c9800, 0x0000021d0e5ca800, 0x0000021d0e5c5800,
0x0000021d0e5cd800
}

Java Threads: ( => current thread )
  0x0000021d06c1c000 JavaThread "Reference Handler" daemon [_thread_blocked, id=23084, stack(0x0000007363600000,0x0000007363700000)]
  0x0000021d06c25000 JavaThread "Finalizer" daemon [_thread_blocked, id=5620, stack(0x0000007363700000,0x0000007363800000)]
  0x0000021d06c2d800 JavaThread "Signal Dispatcher" daemon [_thread_blocked, id=15824, stack(0x0000007363800000,0x0000007363900000)]
  0x0000021d06c31000 JavaThread "Attach Listener" daemon [_thread_blocked, id=13828, stack(0x0000007363900000,0x0000007363a00000)]
  0x0000021d06c34000 JavaThread "C2 CompilerThread0" daemon [_thread_blocked, id=22284, stack(0x0000007363a00000,0x0000007363b00000)]
=>0x0000021d06c35000 JavaThread "C2 CompilerThread1" daemon [_thread_in_native, id=22572, stack(0x0000007363b00000,0x0000007363c00000)]
  0x0000021d0758c800 JavaThread "C2 CompilerThread2" daemon [_thread_in_native, id=23400, stack(0x0000007363c00000,0x0000007363d00000)]
  0x0000021d06c3d800 JavaThread "C1 CompilerThread3" daemon [_thread_blocked, id=13824, stack(0x0000007363d00000,0x0000007363e00000)]
  0x0000021d06c3e800 JavaThread "Sweeper thread" daemon [_thread_blocked, id=14344, stack(0x0000007363e00000,0x0000007363f00000)]
  0x0000021d07753000 JavaThread "Service Thread" daemon [_thread_blocked, id=22396, stack(0x0000007363f00000,0x0000007364000000)]
  0x0000021d07758800 JavaThread "Common-Cleaner" daemon [_thread_blocked, id=18940, stack(0x0000007364000000,0x0000007364100000)]
  0x0000021d0d2c1800 JavaThread "Catalina-utility-1" [_thread_blocked, id=6372, stack(0x0000007364400000,0x0000007364500000)]
  0x0000021d0cdf6800 JavaThread "Catalina-utility-2" [_thread_blocked, id=8336, stack(0x0000007364500000,0x0000007364600000)]
  0x0000021d0bcdb800 JavaThread "container-0" [_thread_blocked, id=4036, stack(0x0000007364600000,0x0000007364700000)]
  0x0000021d0d450000 JavaThread "mysql-cj-abandoned-connection-cleanup" daemon [_thread_blocked, id=20592, stack(0x0000007364700000,0x0000007364800000)]
  0x0000021d1189f800 JavaThread "HikariPool-1 housekeeper" daemon [_thread_blocked, id=21956, stack(0x0000007364900000,0x0000007364a00000)]
  0x0000021d0cbe2800 JavaThread "Live Reload Server" daemon [_thread_in_native, id=8960, stack(0x0000007364c00000,0x0000007364d00000)]
  0x0000021d0cbe4000 JavaThread "File Watcher" daemon [_thread_blocked, id=23200, stack(0x0000007364b00000,0x0000007364c00000)]
  0x0000021d0cbe5800 JavaThread "spring.cloud.inetutils" daemon [_thread_blocked, id=21920, stack(0x0000007364d00000,0x0000007364e00000)]
  0x0000021d0cbe3000 JavaThread "Eureka-JerseyClient-Conn-Cleaner2" daemon [_thread_blocked, id=16196, stack(0x0000007364e00000,0x0000007364f00000)]
  0x0000021d0d5bc800 JavaThread "AsyncResolver-bootstrap-0" daemon [_thread_blocked, id=11848, stack(0x0000007364f00000,0x0000007365000000)]
  0x0000021d0d5bd800 JavaThread "DiscoveryClient-0" daemon [_thread_blocked, id=12732, stack(0x0000007365000000,0x0000007365100000)]
  0x0000021d0d5be800 JavaThread "DiscoveryClient-1" daemon [_thread_blocked, id=21332, stack(0x0000007365100000,0x0000007365200000)]
  0x0000021d0d5ba800 JavaThread "DiscoveryClient-InstanceInfoReplicator-0" daemon [_thread_blocked, id=13916, stack(0x0000007365200000,0x0000007365300000)]
  0x0000021d0d5bf000 JavaThread "http-nio-8082-BlockPoller" daemon [_thread_in_native, id=15552, stack(0x0000007365300000,0x0000007365400000)]
  0x0000021d0d5c0000 JavaThread "http-nio-8082-exec-1" daemon [_thread_blocked, id=16244, stack(0x0000007365400000,0x0000007365500000)]
  0x0000021d0d5b9000 JavaThread "http-nio-8082-exec-2" daemon [_thread_blocked, id=22652, stack(0x0000007365500000,0x0000007365600000)]
  0x0000021d0d5bb000 JavaThread "http-nio-8082-exec-3" daemon [_thread_blocked, id=5004, stack(0x0000007365600000,0x0000007365700000)]
  0x0000021d0d5c0800 JavaThread "http-nio-8082-exec-4" daemon [_thread_blocked, id=23064, stack(0x0000007365700000,0x0000007365800000)]
  0x0000021d0d5b9800 JavaThread "http-nio-8082-exec-5" daemon [_thread_blocked, id=22536, stack(0x0000007365800000,0x0000007365900000)]
  0x0000021d0d5c1800 JavaThread "http-nio-8082-exec-6" daemon [_thread_blocked, id=23344, stack(0x0000007365900000,0x0000007365a00000)]
  0x0000021d0d5bc000 JavaThread "http-nio-8082-exec-7" daemon [_thread_blocked, id=18964, stack(0x0000007365a00000,0x0000007365b00000)]
  0x0000021d0d5c2000 JavaThread "http-nio-8082-exec-8" daemon [_thread_blocked, id=10116, stack(0x0000007365b00000,0x0000007365c00000)]
  0x0000021d0d5c4800 JavaThread "http-nio-8082-exec-9" daemon [_thread_blocked, id=11288, stack(0x0000007365c00000,0x0000007365d00000)]
  0x0000021d0d5c6000 JavaThread "http-nio-8082-exec-10" daemon [_thread_blocked, id=21404, stack(0x0000007365d00000,0x0000007365e00000)]
  0x0000021d0d5c3800 JavaThread "http-nio-8082-ClientPoller" daemon [_thread_in_native, id=19824, stack(0x0000007365e00000,0x0000007365f00000)]
  0x0000021d0d5c5800 JavaThread "http-nio-8082-Acceptor" daemon [_thread_in_native, id=19716, stack(0x0000007365f00000,0x0000007366000000)]
  0x0000021d0d5c7000 JavaThread "RMI TCP Accept-1099" daemon [_thread_in_native, id=20600, stack(0x0000007366000000,0x0000007366100000)]
  0x0000021d0d5c3000 JavaThread "RMI Reaper" [_thread_blocked, id=9504, stack(0x0000007366200000,0x0000007366300000)]
  0x0000021d0e5cd000 JavaThread "RMI GC Daemon" daemon [_thread_blocked, id=21480, stack(0x0000007366300000,0x0000007366400000)]
  0x0000021d0e5cc000 JavaThread "RMI Scheduler(0)" daemon [_thread_blocked, id=18416, stack(0x0000007366500000,0x0000007366600000)]
  0x0000021d0e5cb000 JavaThread "ActiveMQ Broker[localhost] Scheduler" daemon [_thread_blocked, id=22824, stack(0x0000007366100000,0x0000007366200000)]
  0x0000021d0e5ce800 JavaThread "DefaultMessageListenerContainer-1" [_thread_blocked, id=12264, stack(0x0000007366a00000,0x0000007366b00000)]
  0x0000021d0e5d0000 JavaThread "DestroyJavaVM" [_thread_blocked, id=12076, stack(0x0000007362000000,0x0000007362100000)]
  0x0000021d0e5d0800 JavaThread "DiscoveryClient-HeartbeatExecutor-0" daemon [_thread_blocked, id=7148, stack(0x0000007364a00000,0x0000007364b00000)]
  0x0000021d0e5c9800 JavaThread "DiscoveryClient-CacheRefreshExecutor-0" daemon [_thread_blocked, id=15240, stack(0x0000007366d00000,0x0000007366e00000)]
  0x0000021d0e5ca800 JavaThread "AsyncResolver-bootstrap-executor-0" daemon [_thread_blocked, id=4756, stack(0x0000007361e00000,0x0000007361f00000)]
  0x0000021d0e5c5800 JavaThread "ActiveMQ BrokerService[localhost] Task-11" daemon [_thread_blocked, id=400, stack(0x0000007361d00000,0x0000007361e00000)]
  0x0000021d0e5cd800 JavaThread "Keep-Alive-Timer" daemon [_thread_blocked, id=17632, stack(0x0000007361f00000,0x0000007362000000)]

Other Threads:
  0x0000021d06c14000 VMThread "VM Thread" [stack: 0x0000007363500000,0x0000007363600000] [id=17668]
  0x0000021d0775f800 WatcherThread [stack: 0x0000007364100000,0x0000007364200000] [id=22660]
  0x0000021d6307e800 GCTaskThread "GC Thread#0" [stack: 0x0000007362100000,0x0000007362200000] [id=11580]
  0x0000021d6307f800 GCTaskThread "GC Thread#1" [stack: 0x0000007362200000,0x0000007362300000] [id=2484]
  0x0000021d63085000 GCTaskThread "GC Thread#2" [stack: 0x0000007362300000,0x0000007362400000] [id=14140]
  0x0000021d63088000 GCTaskThread "GC Thread#3" [stack: 0x0000007362400000,0x0000007362500000] [id=14388]
  0x0000021d63089800 GCTaskThread "GC Thread#4" [stack: 0x0000007362500000,0x0000007362600000] [id=19500]
  0x0000021d63091000 GCTaskThread "GC Thread#5" [stack: 0x0000007362600000,0x0000007362700000] [id=14584]
  0x0000021d63092000 GCTaskThread "GC Thread#6" [stack: 0x0000007362700000,0x0000007362800000] [id=20952]
  0x0000021d63093800 GCTaskThread "GC Thread#7" [stack: 0x0000007362800000,0x0000007362900000] [id=7836]
  0x0000021d630ff000 ConcurrentGCThread "G1 Main Marker" [stack: 0x0000007362900000,0x0000007362a00000] [id=17440]
  0x0000021d63100000 ConcurrentGCThread "G1 Conc#0" [stack: 0x0000007362a00000,0x0000007362b00000] [id=17616]
  0x0000021d63105000 ConcurrentGCThread "G1 Conc#1" [stack: 0x0000007362b00000,0x0000007362c00000] [id=15132]
  0x0000021d06a8b800 ConcurrentGCThread "G1 Refine#0" [stack: 0x0000007362c00000,0x0000007362d00000] [id=19844]
  0x0000021d06a8c000 ConcurrentGCThread "G1 Refine#1" [stack: 0x0000007362d00000,0x0000007362e00000] [id=7424]
  0x0000021d06a8f800 ConcurrentGCThread "G1 Refine#2" [stack: 0x0000007362e00000,0x0000007362f00000] [id=23312]
  0x0000021d06a90800 ConcurrentGCThread "G1 Refine#3" [stack: 0x0000007362f00000,0x0000007363000000] [id=16616]
  0x0000021d06a95000 ConcurrentGCThread "G1 Refine#4" [stack: 0x0000007363000000,0x0000007363100000] [id=18144]
  0x0000021d06a9e800 ConcurrentGCThread "G1 Refine#5" [stack: 0x0000007363100000,0x0000007363200000] [id=11004]
  0x0000021d06aa9800 ConcurrentGCThread "G1 Refine#6" [stack: 0x0000007363200000,0x0000007363300000] [id=8984]
  0x0000021d06aaa000 ConcurrentGCThread "G1 Refine#7" [stack: 0x0000007363300000,0x0000007363400000] [id=5000]
  0x0000021d06aae800 ConcurrentGCThread "G1 Young RemSet Sampling" [stack: 0x0000007363400000,0x0000007363500000] [id=21724]

Threads with active compile tasks:
C2 CompilerThread17211       4       jdk.internal.loader.BuiltinClassLoader::defineClass (121 bytes)
C2 CompilerThread27212   !   4       jdk.internal.loader.BuiltinClassLoader::findClassOnClassPathOrNull (64 bytes)

VM state:not at safepoint (normal execution)

VM Mutex/Monitor currently owned by a thread: None

Heap address: 0x0000000082600000, size: 2010 MB, Compressed Oops mode: 32-bit
Narrow klass base: 0x0000000000000000, Narrow klass shift: 3
Compressed class space size: 1073741824 Address: 0x0000000100000000

Heap:
 garbage-first heap   total 187392K, used 72090K [0x0000000082600000, 0x0000000100000000)
  region size 1024K, 44 young (45056K), 12 survivors (12288K)
 Metaspace       used 83725K, capacity 85571K, committed 86228K, reserved 1124352K
  class space    used 10175K, capacity 10947K, committed 10964K, reserved 1048576K
Heap Regions: E=young(eden), S=young(survivor), O=old, HS=humongous(starts), HC=humongous(continues), CS=collection set, F=free, A=archive, TS=gc time stamp, AC=allocation context, TAMS=top-at-mark-start (previous, next)
|   0|0x0000000082600000, 0x0000000082700000, 0x0000000082700000|100%|HS|  |TS  0|AC  0|TAMS 0x0000000082700000, 0x0000000082700000|
|   1|0x0000000082700000, 0x0000000082800000, 0x0000000082800000|100%| O|  |TS  0|AC  0|TAMS 0x0000000082800000, 0x0000000082800000|
|   2|0x0000000082800000, 0x0000000082900000, 0x0000000082900000|100%| O|  |TS  0|AC  0|TAMS 0x0000000082900000, 0x0000000082900000|
|   3|0x0000000082900000, 0x0000000082a00000, 0x0000000082a00000|100%| O|  |TS  0|AC  0|TAMS 0x0000000082a00000, 0x0000000082a00000|
|   4|0x0000000082a00000, 0x0000000082b00000, 0x0000000082b00000|100%| O|  |TS  0|AC  0|TAMS 0x0000000082b00000, 0x0000000082b00000|
|   5|0x0000000082b00000, 0x0000000082c00000, 0x0000000082c00000|100%| O|  |TS  0|AC  0|TAMS 0x0000000082c00000, 0x0000000082c00000|
|   6|0x0000000082c00000, 0x0000000082d00000, 0x0000000082d00000|100%| O|  |TS  0|AC  0|TAMS 0x0000000082d00000, 0x0000000082d00000|
|   7|0x0000000082d00000, 0x0000000082e00000, 0x0000000082e00000|100%| O|  |TS  0|AC  0|TAMS 0x0000000082e00000, 0x0000000082e00000|
|   8|0x0000000082e00000, 0x0000000082f00000, 0x0000000082f00000|100%| O|  |TS  0|AC  0|TAMS 0x0000000082f00000, 0x0000000082f00000|
|   9|0x0000000082f00000, 0x0000000083000000, 0x0000000083000000|100%| O|  |TS  0|AC  0|TAMS 0x0000000083000000, 0x0000000083000000|
|  10|0x0000000083000000, 0x0000000083100000, 0x0000000083100000|100%| O|  |TS  0|AC  0|TAMS 0x0000000083100000, 0x0000000083100000|
|  11|0x0000000083100000, 0x0000000083200000, 0x0000000083200000|100%| O|  |TS  0|AC  0|TAMS 0x0000000083200000, 0x0000000083200000|
|  12|0x0000000083200000, 0x0000000083300000, 0x0000000083300000|100%| O|  |TS  0|AC  0|TAMS 0x0000000083300000, 0x0000000083300000|
|  13|0x0000000083300000, 0x0000000083400000, 0x0000000083400000|100%| O|  |TS  0|AC  0|TAMS 0x0000000083400000, 0x0000000083400000|
|  14|0x0000000083400000, 0x0000000083500000, 0x0000000083500000|100%| O|  |TS  0|AC  0|TAMS 0x0000000083500000, 0x0000000083500000|
|  15|0x0000000083500000, 0x0000000083600000, 0x0000000083600000|100%| O|  |TS  0|AC  0|TAMS 0x0000000083600000, 0x0000000083600000|
|  16|0x0000000083600000, 0x0000000083700000, 0x0000000083700000|100%| O|  |TS  0|AC  0|TAMS 0x0000000083700000, 0x0000000083700000|
|  17|0x0000000083700000, 0x0000000083800000, 0x0000000083800000|100%| O|  |TS  0|AC  0|TAMS 0x0000000083800000, 0x0000000083800000|
|  18|0x0000000083800000, 0x0000000083900000, 0x0000000083900000|100%| O|  |TS  0|AC  0|TAMS 0x0000000083900000, 0x0000000083900000|
|  19|0x0000000083900000, 0x0000000083a00000, 0x0000000083a00000|100%| O|  |TS  0|AC  0|TAMS 0x0000000083a00000, 0x0000000083a00000|
|  20|0x0000000083a00000, 0x0000000083b00000, 0x0000000083b00000|100%| O|  |TS  2|AC  0|TAMS 0x0000000083a13800, 0x0000000083a13800|
|  21|0x0000000083b00000, 0x0000000083b00000, 0x0000000083c00000|  0%| F|  |TS  2|AC  0|TAMS 0x0000000083b00000, 0x0000000083b00000|
|  22|0x0000000083c00000, 0x0000000083c00000, 0x0000000083d00000|  0%| F|  |TS  2|AC  0|TAMS 0x0000000083c00000, 0x0000000083c00000|
|  23|0x0000000083d00000, 0x0000000083d00000, 0x0000000083e00000|  0%| F|  |TS  2|AC  0|TAMS 0x0000000083d00000, 0x0000000083d00000|
|  24|0x0000000083e00000, 0x0000000083e00000, 0x0000000083f00000|  0%| F|  |TS  2|AC  0|TAMS 0x0000000083e00000, 0x0000000083e00000|
|  25|0x0000000083f00000, 0x0000000084000000, 0x0000000084000000|100%| O|  |TS  2|AC  0|TAMS 0x0000000083f00000, 0x0000000083f00000|
|  26|0x0000000084000000, 0x0000000084100000, 0x0000000084100000|100%| O|  |TS  2|AC  0|TAMS 0x0000000084000000, 0x0000000084000000|
|  27|0x0000000084100000, 0x0000000084200000, 0x0000000084200000|100%| O|  |TS  2|AC  0|TAMS 0x0000000084100000, 0x0000000084100000|
|  28|0x0000000084200000, 0x0000000084300000, 0x0000000084300000|100%| O|  |TS  2|AC  0|TAMS 0x0000000084200000, 0x0000000084200000|
|  29|0x0000000084300000, 0x0000000084400000, 0x0000000084400000|100%| O|  |TS  2|AC  0|TAMS 0x0000000084300000, 0x0000000084300000|
|  30|0x0000000084400000, 0x0000000084500000, 0x0000000084500000|100%| O|  |TS  2|AC  0|TAMS 0x0000000084400000, 0x0000000084400000|
|  31|0x0000000084500000, 0x0000000084566a00, 0x0000000084600000| 40%| O|  |TS  2|AC  0|TAMS 0x0000000084500000, 0x0000000084500000|
|  32|0x0000000084600000, 0x0000000084600000, 0x0000000084700000|  0%| F|  |TS  0|AC  0|TAMS 0x0000000084600000, 0x0000000084600000|
|  33|0x0000000084700000, 0x0000000084700000, 0x0000000084800000|  0%| F|  |TS  0|AC  0|TAMS 0x0000000084700000, 0x0000000084700000|
|  34|0x0000000084800000, 0x0000000084800000, 0x0000000084900000|  0%| F|  |TS  0|AC  0|TAMS 0x0000000084800000, 0x0000000084800000|
|  35|0x0000000084900000, 0x0000000084900000, 0x0000000084a00000|  0%| F|  |TS  0|AC  0|TAMS 0x0000000084900000, 0x0000000084900000|
|  36|0x0000000084a00000, 0x0000000084a00000, 0x0000000084b00000|  0%| F|  |TS  0|AC  0|TAMS 0x0000000084a00000, 0x0000000084a00000|
|  37|0x0000000084b00000, 0x0000000084b00000, 0x0000000084c00000|  0%| F|  |TS  0|AC  0|TAMS 0x0000000084b00000, 0x0000000084b00000|
|  38|0x0000000084c00000, 0x0000000084c00000, 0x0000000084d00000|  0%| F|  |TS  0|AC  0|TAMS 0x0000000084c00000, 0x0000000084c00000|
|  39|0x0000000084d00000, 0x0000000084d00000, 0x0000000084e00000|  0%| F|  |TS  0|AC  0|TAMS 0x0000000084d00000, 0x0000000084d00000|
|  40|0x0000000084e00000, 0x0000000084e00000, 0x0000000084f00000|  0%| F|  |TS  0|AC  0|TAMS 0x0000000084e00000, 0x0000000084e00000|
|  41|0x0000000084f00000, 0x0000000084f00000, 0x0000000085000000|  0%| F|  |TS  0|AC  0|TAMS 0x0000000084f00000, 0x0000000084f00000|
|  42|0x0000000085000000, 0x0000000085000000, 0x0000000085100000|  0%| F|  |TS  0|AC  0|TAMS 0x0000000085000000, 0x0000000085000000|
|  43|0x0000000085100000, 0x0000000085100000, 0x0000000085200000|  0%| F|  |TS  0|AC  0|TAMS 0x0000000085100000, 0x0000000085100000|
|  44|0x0000000085200000, 0x0000000085200000, 0x0000000085300000|  0%| F|  |TS  0|AC  0|TAMS 0x0000000085200000, 0x0000000085200000|
|  45|0x0000000085300000, 0x0000000085300000, 0x0000000085400000|  0%| F|  |TS  0|AC  0|TAMS 0x0000000085300000, 0x0000000085300000|
|  46|0x0000000085400000, 0x0000000085400000, 0x0000000085500000|  0%| F|  |TS  0|AC  0|TAMS 0x0000000085400000, 0x0000000085400000|
|  47|0x0000000085500000, 0x0000000085500000, 0x0000000085600000|  0%| F|  |TS  0|AC  0|TAMS 0x0000000085500000, 0x0000000085500000|
|  48|0x0000000085600000, 0x0000000085600000, 0x0000000085700000|  0%| F|  |TS  0|AC  0|TAMS 0x0000000085600000, 0x0000000085600000|
|  49|0x0000000085700000, 0x0000000085700000, 0x0000000085800000|  0%| F|  |TS  0|AC  0|TAMS 0x0000000085700000, 0x0000000085700000|
|  50|0x0000000085800000, 0x0000000085800000, 0x0000000085900000|  0%| F|  |TS  0|AC  0|TAMS 0x0000000085800000, 0x0000000085800000|
|  51|0x0000000085900000, 0x0000000085900000, 0x0000000085a00000|  0%| F|  |TS  0|AC  0|TAMS 0x0000000085900000, 0x0000000085900000|
|  52|0x0000000085a00000, 0x0000000085a00000, 0x0000000085b00000|  0%| F|  |TS  0|AC  0|TAMS 0x0000000085a00000, 0x0000000085a00000|
|  53|0x0000000085b00000, 0x0000000085b00000, 0x0000000085c00000|  0%| F|  |TS  0|AC  0|TAMS 0x0000000085b00000, 0x0000000085b00000|
|  54|0x0000000085c00000, 0x0000000085c00000, 0x0000000085d00000|  0%| F|  |TS  0|AC  0|TAMS 0x0000000085c00000, 0x0000000085c00000|
|  55|0x0000000085d00000, 0x0000000085d00000, 0x0000000085e00000|  0%| F|  |TS  0|AC  0|TAMS 0x0000000085d00000, 0x0000000085d00000|
|  56|0x0000000085e00000, 0x0000000085e00000, 0x0000000085f00000|  0%| F|  |TS  0|AC  0|TAMS 0x0000000085e00000, 0x0000000085e00000|
|  57|0x0000000085f00000, 0x0000000085f00000, 0x0000000086000000|  0%| F|  |TS  0|AC  0|TAMS 0x0000000085f00000, 0x0000000085f00000|
|  58|0x0000000086000000, 0x0000000086000000, 0x0000000086100000|  0%| F|  |TS  0|AC  0|TAMS 0x0000000086000000, 0x0000000086000000|
|  59|0x0000000086100000, 0x0000000086100000, 0x0000000086200000|  0%| F|  |TS  0|AC  0|TAMS 0x0000000086100000, 0x0000000086100000|
|  60|0x0000000086200000, 0x0000000086200000, 0x0000000086300000|  0%| F|  |TS  2|AC  0|TAMS 0x0000000086200000, 0x0000000086200000|
|  61|0x0000000086300000, 0x0000000086300000, 0x0000000086400000|  0%| F|  |TS  2|AC  0|TAMS 0x0000000086300000, 0x0000000086300000|
|  62|0x0000000086400000, 0x0000000086400000, 0x0000000086500000|  0%| F|  |TS  2|AC  0|TAMS 0x0000000086400000, 0x0000000086400000|
|  63|0x0000000086500000, 0x0000000086500000, 0x0000000086600000|  0%| F|  |TS  2|AC  0|TAMS 0x0000000086500000, 0x0000000086500000|
|  64|0x0000000086600000, 0x0000000086600000, 0x0000000086700000|  0%| F|  |TS  2|AC  0|TAMS 0x0000000086600000, 0x0000000086600000|
|  65|0x0000000086700000, 0x0000000086700000, 0x0000000086800000|  0%| F|  |TS  2|AC  0|TAMS 0x0000000086700000, 0x0000000086700000|
|  66|0x0000000086800000, 0x0000000086800000, 0x0000000086900000|  0%| F|  |TS  2|AC  0|TAMS 0x0000000086800000, 0x0000000086800000|
|  67|0x0000000086900000, 0x0000000086900000, 0x0000000086a00000|  0%| F|  |TS  2|AC  0|TAMS 0x0000000086900000, 0x0000000086900000|
|  68|0x0000000086a00000, 0x0000000086a00000, 0x0000000086b00000|  0%| F|  |TS  2|AC  0|TAMS 0x0000000086a00000, 0x0000000086a00000|
|  69|0x0000000086b00000, 0x0000000086b00000, 0x0000000086c00000|  0%| F|  |TS  2|AC  0|TAMS 0x0000000086b00000, 0x0000000086b00000|
|  70|0x0000000086c00000, 0x0000000086c00000, 0x0000000086d00000|  0%| F|  |TS  2|AC  0|TAMS 0x0000000086c00000, 0x0000000086c00000|
|  71|0x0000000086d00000, 0x0000000086d00000, 0x0000000086e00000|  0%| F|  |TS  2|AC  0|TAMS 0x0000000086d00000, 0x0000000086d00000|
|  72|0x0000000086e00000, 0x0000000086e00000, 0x0000000086f00000|  0%| F|  |TS  2|AC  0|TAMS 0x0000000086e00000, 0x0000000086e00000|
|  73|0x0000000086f00000, 0x0000000086f00000, 0x0000000087000000|  0%| F|  |TS  2|AC  0|TAMS 0x0000000086f00000, 0x0000000086f00000|
|  74|0x0000000087000000, 0x0000000087000000, 0x0000000087100000|  0%| F|  |TS  1|AC  0|TAMS 0x0000000087000000, 0x0000000087000000|
|  75|0x0000000087100000, 0x0000000087100000, 0x0000000087200000|  0%| F|  |TS  1|AC  0|TAMS 0x0000000087100000, 0x0000000087100000|
|  76|0x0000000087200000, 0x0000000087300000, 0x0000000087300000|100%| S|CS|TS  2|AC  0|TAMS 0x0000000087200000, 0x0000000087200000|
|  77|0x0000000087300000, 0x0000000087400000, 0x0000000087400000|100%| S|CS|TS  2|AC  0|TAMS 0x0000000087300000, 0x0000000087300000|
|  78|0x0000000087400000, 0x0000000087500000, 0x0000000087500000|100%| S|CS|TS  2|AC  0|TAMS 0x0000000087400000, 0x0000000087400000|
|  79|0x0000000087500000, 0x0000000087600000, 0x0000000087600000|100%| S|CS|TS  2|AC  0|TAMS 0x0000000087500000, 0x0000000087500000|
|  80|0x0000000087600000, 0x0000000087700000, 0x0000000087700000|100%| S|CS|TS  2|AC  0|TAMS 0x0000000087600000, 0x0000000087600000|
|  81|0x0000000087700000, 0x0000000087800000, 0x0000000087800000|100%| S|CS|TS  2|AC  0|TAMS 0x0000000087700000, 0x0000000087700000|
|  82|0x0000000087800000, 0x0000000087900000, 0x0000000087900000|100%| S|CS|TS  2|AC  0|TAMS 0x0000000087800000, 0x0000000087800000|
|  83|0x0000000087900000, 0x0000000087a00000, 0x0000000087a00000|100%| S|CS|TS  2|AC  0|TAMS 0x0000000087900000, 0x0000000087900000|
|  84|0x0000000087a00000, 0x0000000087b00000, 0x0000000087b00000|100%| S|CS|TS  2|AC  0|TAMS 0x0000000087a00000, 0x0000000087a00000|
|  85|0x0000000087b00000, 0x0000000087c00000, 0x0000000087c00000|100%| S|CS|TS  2|AC  0|TAMS 0x0000000087b00000, 0x0000000087b00000|
|  86|0x0000000087c00000, 0x0000000087d00000, 0x0000000087d00000|100%| S|CS|TS  2|AC  0|TAMS 0x0000000087c00000, 0x0000000087c00000|
|  87|0x0000000087d00000, 0x0000000087e00000, 0x0000000087e00000|100%| S|CS|TS  2|AC  0|TAMS 0x0000000087d00000, 0x0000000087d00000|
|  88|0x0000000087e00000, 0x0000000087e00000, 0x0000000087f00000|  0%| F|  |TS  2|AC  0|TAMS 0x0000000087e00000, 0x0000000087e00000|
|  89|0x0000000087f00000, 0x0000000087f00000, 0x0000000088000000|  0%| F|  |TS  2|AC  0|TAMS 0x0000000087f00000, 0x0000000087f00000|
|  90|0x0000000088000000, 0x0000000088000000, 0x0000000088100000|  0%| F|  |TS  2|AC  0|TAMS 0x0000000088000000, 0x0000000088000000|
|  91|0x0000000088100000, 0x0000000088100000, 0x0000000088200000|  0%| F|  |TS  2|AC  0|TAMS 0x0000000088100000, 0x0000000088100000|
|  92|0x0000000088200000, 0x0000000088200000, 0x0000000088300000|  0%| F|  |TS  2|AC  0|TAMS 0x0000000088200000, 0x0000000088200000|
|  93|0x0000000088300000, 0x0000000088300000, 0x0000000088400000|  0%| F|  |TS  2|AC  0|TAMS 0x0000000088300000, 0x0000000088300000|
|  94|0x0000000088400000, 0x0000000088400000, 0x0000000088500000|  0%| F|  |TS  2|AC  0|TAMS 0x0000000088400000, 0x0000000088400000|
|  95|0x0000000088500000, 0x0000000088500000, 0x0000000088600000|  0%| F|  |TS  2|AC  0|TAMS 0x0000000088500000, 0x0000000088500000|
|  96|0x0000000088600000, 0x0000000088600000, 0x0000000088700000|  0%| F|  |TS  2|AC  0|TAMS 0x0000000088600000, 0x0000000088600000|
|  97|0x0000000088700000, 0x0000000088700000, 0x0000000088800000|  0%| F|  |TS  2|AC  0|TAMS 0x0000000088700000, 0x0000000088700000|
|  98|0x0000000088800000, 0x0000000088800000, 0x0000000088900000|  0%| F|  |TS  2|AC  0|TAMS 0x0000000088800000, 0x0000000088800000|
|  99|0x0000000088900000, 0x0000000088900000, 0x0000000088a00000|  0%| F|  |TS  2|AC  0|TAMS 0x0000000088900000, 0x0000000088900000|
| 100|0x0000000088a00000, 0x0000000088a00000, 0x0000000088b00000|  0%| F|  |TS  2|AC  0|TAMS 0x0000000088a00000, 0x0000000088a00000|
| 101|0x0000000088b00000, 0x0000000088b00000, 0x0000000088c00000|  0%| F|  |TS  2|AC  0|TAMS 0x0000000088b00000, 0x0000000088b00000|
| 102|0x0000000088c00000, 0x0000000088c00000, 0x0000000088d00000|  0%| F|  |TS  2|AC  0|TAMS 0x0000000088c00000, 0x0000000088c00000|
| 103|0x0000000088d00000, 0x0000000088d00000, 0x0000000088e00000|  0%| F|  |TS  2|AC  0|TAMS 0x0000000088d00000, 0x0000000088d00000|
| 104|0x0000000088e00000, 0x0000000088e00000, 0x0000000088f00000|  0%| F|  |TS  2|AC  0|TAMS 0x0000000088e00000, 0x0000000088e00000|
| 105|0x0000000088f00000, 0x0000000088f00000, 0x0000000089000000|  0%| F|  |TS  2|AC  0|TAMS 0x0000000088f00000, 0x0000000088f00000|
| 106|0x0000000089000000, 0x0000000089000000, 0x0000000089100000|  0%| F|  |TS  2|AC  0|TAMS 0x0000000089000000, 0x0000000089000000|
| 107|0x0000000089100000, 0x0000000089100000, 0x0000000089200000|  0%| F|  |TS  2|AC  0|TAMS 0x0000000089100000, 0x0000000089100000|
| 108|0x0000000089200000, 0x0000000089200000, 0x0000000089300000|  0%| F|  |TS  2|AC  0|TAMS 0x0000000089200000, 0x0000000089200000|
| 109|0x0000000089300000, 0x0000000089300000, 0x0000000089400000|  0%| F|  |TS  2|AC  0|TAMS 0x0000000089300000, 0x0000000089300000|
| 110|0x0000000089400000, 0x0000000089400000, 0x0000000089500000|  0%| F|  |TS  2|AC  0|TAMS 0x0000000089400000, 0x0000000089400000|
| 111|0x0000000089500000, 0x0000000089500000, 0x0000000089600000|  0%| F|  |TS  2|AC  0|TAMS 0x0000000089500000, 0x0000000089500000|
| 112|0x0000000089600000, 0x0000000089600000, 0x0000000089700000|  0%| F|  |TS  2|AC  0|TAMS 0x0000000089600000, 0x0000000089600000|
| 113|0x0000000089700000, 0x0000000089700000, 0x0000000089800000|  0%| F|  |TS  2|AC  0|TAMS 0x0000000089700000, 0x0000000089700000|
| 114|0x0000000089800000, 0x0000000089800000, 0x0000000089900000|  0%| F|  |TS  2|AC  0|TAMS 0x0000000089800000, 0x0000000089800000|
| 115|0x0000000089900000, 0x0000000089900000, 0x0000000089a00000|  0%| F|  |TS  2|AC  0|TAMS 0x0000000089900000, 0x0000000089900000|
| 116|0x0000000089a00000, 0x0000000089a00000, 0x0000000089b00000|  0%| F|  |TS  2|AC  0|TAMS 0x0000000089a00000, 0x0000000089a00000|
| 117|0x0000000089b00000, 0x0000000089b00000, 0x0000000089c00000|  0%| F|  |TS  2|AC  0|TAMS 0x0000000089b00000, 0x0000000089b00000|
| 118|0x0000000089c00000, 0x0000000089c00000, 0x0000000089d00000|  0%| F|  |TS  2|AC  0|TAMS 0x0000000089c00000, 0x0000000089c00000|
| 119|0x0000000089d00000, 0x0000000089d00000, 0x0000000089e00000|  0%| F|  |TS  2|AC  0|TAMS 0x0000000089d00000, 0x0000000089d00000|
| 120|0x0000000089e00000, 0x0000000089e00000, 0x0000000089f00000|  0%| F|  |TS  2|AC  0|TAMS 0x0000000089e00000, 0x0000000089e00000|
| 121|0x0000000089f00000, 0x0000000089f00000, 0x000000008a000000|  0%| F|  |TS  2|AC  0|TAMS 0x0000000089f00000, 0x0000000089f00000|
| 122|0x000000008a000000, 0x000000008a000000, 0x000000008a100000|  0%| F|  |TS  2|AC  0|TAMS 0x000000008a000000, 0x000000008a000000|
| 123|0x000000008a100000, 0x000000008a100000, 0x000000008a200000|  0%| F|  |TS  2|AC  0|TAMS 0x000000008a100000, 0x000000008a100000|
| 124|0x000000008a200000, 0x000000008a200000, 0x000000008a300000|  0%| F|  |TS  2|AC  0|TAMS 0x000000008a200000, 0x000000008a200000|
| 125|0x000000008a300000, 0x000000008a300000, 0x000000008a400000|  0%| F|  |TS  2|AC  0|TAMS 0x000000008a300000, 0x000000008a300000|
| 126|0x000000008a400000, 0x000000008a400000, 0x000000008a500000|  0%| F|  |TS  2|AC  0|TAMS 0x000000008a400000, 0x000000008a400000|
| 127|0x000000008a500000, 0x000000008a500000, 0x000000008a600000|  0%| F|  |TS  2|AC  0|TAMS 0x000000008a500000, 0x000000008a500000|
| 128|0x000000008a600000, 0x000000008a600000, 0x000000008a700000|  0%| F|  |TS  2|AC  0|TAMS 0x000000008a600000, 0x000000008a600000|
| 129|0x000000008a700000, 0x000000008a700000, 0x000000008a800000|  0%| F|  |TS  2|AC  0|TAMS 0x000000008a700000, 0x000000008a700000|
| 130|0x000000008a800000, 0x000000008a800000, 0x000000008a900000|  0%| F|  |TS  2|AC  0|TAMS 0x000000008a800000, 0x000000008a800000|
| 131|0x000000008a900000, 0x000000008a900000, 0x000000008aa00000|  0%| F|  |TS  2|AC  0|TAMS 0x000000008a900000, 0x000000008a900000|
| 132|0x000000008aa00000, 0x000000008aa00000, 0x000000008ab00000|  0%| F|  |TS  2|AC  0|TAMS 0x000000008aa00000, 0x000000008aa00000|
| 133|0x000000008ab00000, 0x000000008ab00000, 0x000000008ac00000|  0%| F|  |TS  2|AC  0|TAMS 0x000000008ab00000, 0x000000008ab00000|
| 134|0x000000008ac00000, 0x000000008ac00000, 0x000000008ad00000|  0%| F|  |TS  2|AC  0|TAMS 0x000000008ac00000, 0x000000008ac00000|
| 135|0x000000008ad00000, 0x000000008ad00000, 0x000000008ae00000|  0%| F|  |TS  2|AC  0|TAMS 0x000000008ad00000, 0x000000008ad00000|
| 136|0x000000008ae00000, 0x000000008ae00000, 0x000000008af00000|  0%| F|  |TS  2|AC  0|TAMS 0x000000008ae00000, 0x000000008ae00000|
| 137|0x000000008af00000, 0x000000008af00000, 0x000000008b000000|  0%| F|  |TS  2|AC  0|TAMS 0x000000008af00000, 0x000000008af00000|
| 138|0x000000008b000000, 0x000000008b000000, 0x000000008b100000|  0%| F|  |TS  2|AC  0|TAMS 0x000000008b000000, 0x000000008b000000|
| 139|0x000000008b100000, 0x000000008b100000, 0x000000008b200000|  0%| F|  |TS  2|AC  0|TAMS 0x000000008b100000, 0x000000008b100000|
| 140|0x000000008b200000, 0x000000008b200000, 0x000000008b300000|  0%| F|  |TS  2|AC  0|TAMS 0x000000008b200000, 0x000000008b200000|
| 141|0x000000008b300000, 0x000000008b300000, 0x000000008b400000|  0%| F|  |TS  2|AC  0|TAMS 0x000000008b300000, 0x000000008b300000|
| 142|0x000000008b400000, 0x000000008b400000, 0x000000008b500000|  0%| F|  |TS  2|AC  0|TAMS 0x000000008b400000, 0x000000008b400000|
| 143|0x000000008b500000, 0x000000008b500000, 0x000000008b600000|  0%| F|  |TS  2|AC  0|TAMS 0x000000008b500000, 0x000000008b500000|
| 144|0x000000008b600000, 0x000000008b600000, 0x000000008b700000|  0%| F|  |TS  2|AC  0|TAMS 0x000000008b600000, 0x000000008b600000|
| 145|0x000000008b700000, 0x000000008b700000, 0x000000008b800000|  0%| F|  |TS  2|AC  0|TAMS 0x000000008b700000, 0x000000008b700000|
| 146|0x000000008b800000, 0x000000008b800000, 0x000000008b900000|  0%| F|  |TS  2|AC  0|TAMS 0x000000008b800000, 0x000000008b800000|
| 147|0x000000008b900000, 0x000000008b900000, 0x000000008ba00000|  0%| F|  |TS  2|AC  0|TAMS 0x000000008b900000, 0x000000008b900000|
| 148|0x000000008ba00000, 0x000000008ba00000, 0x000000008bb00000|  0%| F|  |TS  2|AC  0|TAMS 0x000000008ba00000, 0x000000008ba00000|
| 149|0x000000008bb00000, 0x000000008bb00000, 0x000000008bc00000|  0%| F|  |TS  2|AC  0|TAMS 0x000000008bb00000, 0x000000008bb00000|
| 150|0x000000008bc00000, 0x000000008bc00000, 0x000000008bd00000|  0%| F|  |TS  2|AC  0|TAMS 0x000000008bc00000, 0x000000008bc00000|
| 151|0x000000008bd00000, 0x000000008bdf9760, 0x000000008be00000| 97%| E|  |TS  2|AC  0|TAMS 0x000000008bd00000, 0x000000008bd00000|
| 152|0x000000008be00000, 0x000000008bf00000, 0x000000008bf00000|100%| E|CS|TS  2|AC  0|TAMS 0x000000008be00000, 0x000000008be00000|
| 153|0x000000008bf00000, 0x000000008c000000, 0x000000008c000000|100%| E|CS|TS  2|AC  0|TAMS 0x000000008bf00000, 0x000000008bf00000|
| 154|0x000000008c000000, 0x000000008c100000, 0x000000008c100000|100%| E|CS|TS  2|AC  0|TAMS 0x000000008c000000, 0x000000008c000000|
| 155|0x000000008c100000, 0x000000008c200000, 0x000000008c200000|100%| E|CS|TS  2|AC  0|TAMS 0x000000008c100000, 0x000000008c100000|
| 156|0x000000008c200000, 0x000000008c300000, 0x000000008c300000|100%| E|CS|TS  2|AC  0|TAMS 0x000000008c200000, 0x000000008c200000|
| 157|0x000000008c300000, 0x000000008c400000, 0x000000008c400000|100%| E|CS|TS  2|AC  0|TAMS 0x000000008c300000, 0x000000008c300000|
| 158|0x000000008c400000, 0x000000008c500000, 0x000000008c500000|100%| E|CS|TS  2|AC  0|TAMS 0x000000008c400000, 0x000000008c400000|
| 159|0x000000008c500000, 0x000000008c600000, 0x000000008c600000|100%| E|CS|TS  2|AC  0|TAMS 0x000000008c500000, 0x000000008c500000|
| 160|0x000000008c600000, 0x000000008c700000, 0x000000008c700000|100%| E|CS|TS  2|AC  0|TAMS 0x000000008c600000, 0x000000008c600000|
| 161|0x000000008c700000, 0x000000008c800000, 0x000000008c800000|100%| E|CS|TS  2|AC  0|TAMS 0x000000008c700000, 0x000000008c700000|
| 162|0x000000008c800000, 0x000000008c900000, 0x000000008c900000|100%| E|CS|TS  2|AC  0|TAMS 0x000000008c800000, 0x000000008c800000|
| 163|0x000000008c900000, 0x000000008ca00000, 0x000000008ca00000|100%| E|CS|TS  2|AC  0|TAMS 0x000000008c900000, 0x000000008c900000|
| 164|0x000000008ca00000, 0x000000008cb00000, 0x000000008cb00000|100%| E|CS|TS  2|AC  0|TAMS 0x000000008ca00000, 0x000000008ca00000|
| 165|0x000000008cb00000, 0x000000008cc00000, 0x000000008cc00000|100%| E|CS|TS  2|AC  0|TAMS 0x000000008cb00000, 0x000000008cb00000|
| 166|0x000000008cc00000, 0x000000008cd00000, 0x000000008cd00000|100%| E|CS|TS  2|AC  0|TAMS 0x000000008cc00000, 0x000000008cc00000|
| 167|0x000000008cd00000, 0x000000008ce00000, 0x000000008ce00000|100%| E|CS|TS  2|AC  0|TAMS 0x000000008cd00000, 0x000000008cd00000|
| 168|0x000000008ce00000, 0x000000008cf00000, 0x000000008cf00000|100%| E|CS|TS  2|AC  0|TAMS 0x000000008ce00000, 0x000000008ce00000|
| 169|0x000000008cf00000, 0x000000008d000000, 0x000000008d000000|100%| E|CS|TS  2|AC  0|TAMS 0x000000008cf00000, 0x000000008cf00000|
| 170|0x000000008d000000, 0x000000008d100000, 0x000000008d100000|100%| E|CS|TS  2|AC  0|TAMS 0x000000008d000000, 0x000000008d000000|
| 171|0x000000008d100000, 0x000000008d200000, 0x000000008d200000|100%| E|CS|TS  2|AC  0|TAMS 0x000000008d100000, 0x000000008d100000|
| 172|0x000000008d200000, 0x000000008d300000, 0x000000008d300000|100%| E|CS|TS  2|AC  0|TAMS 0x000000008d200000, 0x000000008d200000|
| 173|0x000000008d300000, 0x000000008d400000, 0x000000008d400000|100%| E|CS|TS  2|AC  0|TAMS 0x000000008d300000, 0x000000008d300000|
| 174|0x000000008d400000, 0x000000008d500000, 0x000000008d500000|100%| E|CS|TS  2|AC  0|TAMS 0x000000008d400000, 0x000000008d400000|
| 175|0x000000008d500000, 0x000000008d600000, 0x000000008d600000|100%| E|CS|TS  2|AC  0|TAMS 0x000000008d500000, 0x000000008d500000|
| 176|0x000000008d600000, 0x000000008d700000, 0x000000008d700000|100%| E|CS|TS  2|AC  0|TAMS 0x000000008d600000, 0x000000008d600000|
| 177|0x000000008d700000, 0x000000008d800000, 0x000000008d800000|100%| E|CS|TS  2|AC  0|TAMS 0x000000008d700000, 0x000000008d700000|
| 178|0x000000008d800000, 0x000000008d900000, 0x000000008d900000|100%| E|CS|TS  2|AC  0|TAMS 0x000000008d800000, 0x000000008d800000|
| 179|0x000000008d900000, 0x000000008da00000, 0x000000008da00000|100%| E|CS|TS  2|AC  0|TAMS 0x000000008d900000, 0x000000008d900000|
| 180|0x000000008da00000, 0x000000008db00000, 0x000000008db00000|100%| E|CS|TS  2|AC  0|TAMS 0x000000008da00000, 0x000000008da00000|
| 181|0x000000008db00000, 0x000000008dc00000, 0x000000008dc00000|100%| E|CS|TS  2|AC  0|TAMS 0x000000008db00000, 0x000000008db00000|
| 182|0x000000008dc00000, 0x000000008dd00000, 0x000000008dd00000|100%| E|CS|TS  2|AC  0|TAMS 0x000000008dc00000, 0x000000008dc00000|

Card table byte_map: [0x0000021d7fa10000,0x0000021d7fe00000] byte_map_base: 0x0000021d7f5fd000

Marking Bits (Prev, Next): (CMBitMap*) 0x0000021d630fe398, (CMBitMap*) 0x0000021d630fe360
 Prev Bits: [0x0000021d02360000, 0x0000021d042c8000)
 Next Bits: [0x0000021d003f0000, 0x0000021d02358000)

Polling page: 0x0000021d63020000

CodeHeap 'non-profiled nmethods': size=120000Kb used=5976Kb max_used=5976Kb free=114023Kb
 bounds [0x0000021d77680000, 0x0000021d77c60000, 0x0000021d7ebb0000]
CodeHeap 'profiled nmethods': size=120000Kb used=16228Kb max_used=16228Kb free=103771Kb
 bounds [0x0000021d70150000, 0x0000021d71130000, 0x0000021d77680000]
CodeHeap 'non-nmethods': size=5760Kb used=1281Kb max_used=1324Kb free=4478Kb
 bounds [0x0000021d6fbb0000, 0x0000021d6fe20000, 0x0000021d70150000]
 total_blobs=9822 nmethods=6990 adapters=583
 compilation: enabled

Compilation events (10 events):
Event: 432.946 Thread 0x0000021d06c3d800 nmethod 7231 0x0000021d7112c990 code [0x0000021d7112cb40, 0x0000021d7112ccb8]
Event: 433.040 Thread 0x0000021d06c34000 nmethod 7207 0x0000021d77c47d90 code [0x0000021d77c481e0, 0x0000021d77c4c768]
Event: 433.040 Thread 0x0000021d06c34000 7214       4       java.lang.StringBuilder::<init> (18 bytes)
Event: 433.057 Thread 0x0000021d06c34000 nmethod 7214 0x0000021d77c4e810 code [0x0000021d77c4e9e0, 0x0000021d77c4f1c8]
Event: 433.057 Thread 0x0000021d06c34000 7213       4       jdk.internal.loader.BuiltinClassLoader::getAndVerifyPackage (109 bytes)
Event: 433.263 Thread 0x0000021d06c34000 nmethod 7213 0x0000021d77c4f590 code [0x0000021d77c4f8e0, 0x0000021d77c52168]
Event: 433.369 Thread 0x0000021d06c34000 7232       4       java.lang.String$CaseInsensitiveComparator::compare (13 bytes)
Event: 433.394 Thread 0x0000021d06c34000 nmethod 7232 0x0000021d77c53d90 code [0x0000021d77c53f80, 0x0000021d77c54b78]
Event: 433.394 Thread 0x0000021d06c34000 7233 %     4       java.lang.StringLatin1::compareToCI @ 16 (108 bytes)
Event: 433.413 Thread 0x0000021d06c34000 nmethod 7233% 0x0000021d77c55090 code [0x0000021d77c55280, 0x0000021d77c55e38]

GC Heap History (10 events):
Event: 7.478 GC heap before
{Heap before GC invocations=10 (full 0):
 garbage-first heap   total 155648K, used 105889K [0x0000000082600000, 0x0000000100000000)
  region size 1024K, 90 young (92160K), 9 survivors (9216K)
 Metaspace       used 40451K, capacity 41565K, committed 41856K, reserved 1085440K
  class space    used 4501K, capacity 4934K, committed 4992K, reserved 1048576K
}
Event: 7.487 GC heap after
{Heap after GC invocations=11 (full 0):
 garbage-first heap   total 187392K, used 22647K [0x0000000082600000, 0x0000000100000000)
  region size 1024K, 7 young (7168K), 7 survivors (7168K)
 Metaspace       used 40451K, capacity 41565K, committed 41856K, reserved 1085440K
  class space    used 4501K, capacity 4934K, committed 4992K, reserved 1048576K
}
Event: 15.578 GC heap before
{Heap before GC invocations=11 (full 0):
 garbage-first heap   total 187392K, used 127095K [0x0000000082600000, 0x0000000100000000)
  region size 1024K, 109 young (111616K), 7 survivors (7168K)
 Metaspace       used 58433K, capacity 59706K, committed 60288K, reserved 1101824K
  class space    used 6996K, capacity 7499K, committed 7552K, reserved 1048576K
}
Event: 15.587 GC heap after
{Heap after GC invocations=12 (full 0):
 garbage-first heap   total 187392K, used 28025K [0x0000000082600000, 0x0000000100000000)
  region size 1024K, 13 young (13312K), 13 survivors (13312K)
 Metaspace       used 58433K, capacity 59706K, committed 60288K, reserved 1101824K
  class space    used 6996K, capacity 7499K, committed 7552K, reserved 1048576K
}
Event: 15.604 GC heap before
{Heap before GC invocations=12 (full 0):
 garbage-first heap   total 187392K, used 29049K [0x0000000082600000, 0x0000000100000000)
  region size 1024K, 15 young (15360K), 13 survivors (13312K)
 Metaspace       used 58576K, capacity 59807K, committed 60288K, reserved 1101824K
  class space    used 7015K, capacity 7512K, committed 7552K, reserved 1048576K
}
Event: 15.613 GC heap after
{Heap after GC invocations=13 (full 0):
 garbage-first heap   total 187392K, used 28243K [0x0000000082600000, 0x0000000100000000)
  region size 1024K, 8 young (8192K), 8 survivors (8192K)
 Metaspace       used 58576K, capacity 59807K, committed 60288K, reserved 1101824K
  class space    used 7015K, capacity 7512K, committed 7552K, reserved 1048576K
}
Event: 17.794 GC heap before
{Heap before GC invocations=14 (full 0):
 garbage-first heap   total 187392K, used 131667K [0x0000000082600000, 0x0000000100000000)
  region size 1024K, 109 young (111616K), 8 survivors (8192K)
 Metaspace       used 69427K, capacity 71031K, committed 71636K, reserved 1112064K
  class space    used 8440K, capacity 9097K, committed 9172K, reserved 1048576K
}
Event: 17.807 GC heap after
{Heap after GC invocations=15 (full 0):
 garbage-first heap   total 187392K, used 35265K [0x0000000082600000, 0x0000000100000000)
  region size 1024K, 14 young (14336K), 14 survivors (14336K)
 Metaspace       used 69427K, capacity 71031K, committed 71636K, reserved 1112064K
  class space    used 8440K, capacity 9097K, committed 9172K, reserved 1048576K
}
Event: 94.301 GC heap before
{Heap before GC invocations=15 (full 0):
 garbage-first heap   total 187392K, used 136641K [0x0000000082600000, 0x0000000100000000)
  region size 1024K, 109 young (111616K), 14 survivors (14336K)
 Metaspace       used 78569K, capacity 80410K, committed 81108K, reserved 1120256K
  class space    used 9606K, capacity 10367K, committed 10452K, reserved 1048576K
}
Event: 94.314 GC heap after
{Heap after GC invocations=16 (full 0):
 garbage-first heap   total 187392K, used 40346K [0x0000000082600000, 0x0000000100000000)
  region size 1024K, 12 young (12288K), 12 survivors (12288K)
 Metaspace       used 78569K, capacity 80410K, committed 81108K, reserved 1120256K
  class space    used 9606K, capacity 10367K, committed 10452K, reserved 1048576K
}

Deoptimization events (10 events):
Event: 404.693 Thread 0x0000021d0d5bb000 Uncommon trap: reason=unstable_if action=reinterpret pc=0x0000021d77b23ca0 method=org.springframework.transaction.annotation.SpringTransactionAnnotationParser.parseTransactionAnnotation(Ljava/lang/reflect/AnnotatedElement;)Lorg/springframework/transaction
Event: 432.603 Thread 0x0000021d0d5b9000 Uncommon trap: reason=unstable_if action=reinterpret pc=0x0000021d777ac024 method=java.nio.Buffer.<init>(IIII)V @ 44 c2
Event: 432.633 Thread 0x0000021d0d5b9000 Uncommon trap: reason=unstable_if action=reinterpret pc=0x0000021d776e26dc method=java.util.StringTokenizer.scanToken(I)I @ 96 c2
Event: 432.667 Thread 0x0000021d0d5b9000 Uncommon trap: reason=bimorphic_or_optimized_type_check action=maybe_recompile pc=0x0000021d778f6314 method=java.util.Hashtable.addEntry(ILjava/lang/Object;Ljava/lang/Object;I)V @ 28 c2
Event: 432.667 Thread 0x0000021d0d5b9000 Uncommon trap: reason=bimorphic_or_optimized_type_check action=maybe_recompile pc=0x0000021d778f6314 method=java.util.Hashtable.addEntry(ILjava/lang/Object;Ljava/lang/Object;I)V @ 28 c2
Event: 432.668 Thread 0x0000021d0d5b9000 Uncommon trap: reason=bimorphic_or_optimized_type_check action=maybe_recompile pc=0x0000021d778f6314 method=java.util.Hashtable.addEntry(ILjava/lang/Object;Ljava/lang/Object;I)V @ 28 c2
Event: 432.678 Thread 0x0000021d0d5b9000 Uncommon trap: reason=unstable_if action=reinterpret pc=0x0000021d7768bf60 method=java.lang.CharacterData.of(I)Ljava/lang/CharacterData; @ 4 c2
Event: 432.684 Thread 0x0000021d0d5b9000 Uncommon trap: reason=unstable_if action=reinterpret pc=0x0000021d77a257b8 method=java.util.regex.Matcher.reset()Ljava/util/regex/Matcher; @ 71 c2
Event: 432.684 Thread 0x0000021d0d5b9000 Uncommon trap: reason=unstable_if action=reinterpret pc=0x0000021d77b3fb00 method=java.util.regex.Matcher.search(I)Z @ 76 c2
Event: 432.684 Thread 0x0000021d0d5b9000 Uncommon trap: reason=unstable_if action=reinterpret pc=0x0000021d777b285c method=java.util.regex.Pattern$BmpCharProperty.match(Ljava/util/regex/Matcher;ILjava/lang/CharSequence;)Z @ 39 c2

Classes redefined (0 events):
No events

Internal exceptions (10 events):
Event: 378.721 Thread 0x0000021d0e5d0800 Exception <a 'java/net/SocketTimeoutException'{0x000000008d780278}: Read timed out> (0x000000008d780278) thrown at [t:/workspace/open/src/hotspot/share/prims/jni.cpp, line 632]
Event: 378.813 Thread 0x0000021d0e5c9800 Exception <a 'java/net/SocketTimeoutException'{0x000000008d6237c0}: Read timed out> (0x000000008d6237c0) thrown at [t:/workspace/open/src/hotspot/share/prims/jni.cpp, line 632]
Event: 404.544 Thread 0x0000021d0d5bb000 Exception <a 'java/net/SocketTimeoutException'{0x000000008ca5ec48}: Read timed out> (0x000000008ca5ec48) thrown at [t:/workspace/open/src/hotspot/share/prims/jni.cpp, line 632]
Event: 404.621 Thread 0x0000021d0d5bb000 Exception <a 'java/net/SocketTimeoutException'{0x000000008cab6180}: Read timed out> (0x000000008cab6180) thrown at [t:/workspace/open/src/hotspot/share/prims/jni.cpp, line 632]
Event: 404.713 Thread 0x0000021d0d5bb000 Exception <a 'java/lang/ClassNotFoundException'{0x000000008c954370}: java/lang/ObjectCustomizer> (0x000000008c954370) thrown at [t:/workspace/open/src/hotspot/share/classfile/systemDictionary.cpp, line 233]
Event: 404.714 Thread 0x0000021d0d5bb000 Exception <a 'java/lang/ClassNotFoundException'{0x000000008c969798}: app/entity/KartaCustomizer> (0x000000008c969798) thrown at [t:/workspace/open/src/hotspot/share/classfile/systemDictionary.cpp, line 233]
Event: 408.751 Thread 0x0000021d0e5d0800 Exception <a 'java/net/SocketTimeoutException'{0x000000008c500c90}: Read timed out> (0x000000008c500c90) thrown at [t:/workspace/open/src/hotspot/share/prims/jni.cpp, line 632]
Event: 408.845 Thread 0x0000021d0e5c9800 Exception <a 'java/net/SocketTimeoutException'{0x000000008d62cd10}: Read timed out> (0x000000008d62cd10) thrown at [t:/workspace/open/src/hotspot/share/prims/jni.cpp, line 632]
Event: 432.929 Thread 0x0000021d0d5b9000 Exception <a 'java/lang/NoSuchMethodError'{0x000000008bd92678}: java.lang.invoke.DirectMethodHandle$Holder.invokeStaticInit(Ljava/lang/Object;Ljava/lang/Object;Ljava/lang/Object;Ljava/lang/Object;Ljava/lang/Object;Ljava/lang/Object;)Ljava/lang/Object;> (0
Event: 432.930 Thread 0x0000021d0d5b9000 Exception <a 'java/lang/NoSuchMethodError'{0x000000008bd96560}: java.lang.Object.lambda$static$0(Lorg/hibernate/type/EntityType;Ljava/lang/Object;Lorg/hibernate/engine/spi/SharedSessionContractImplementor;Ljava/lang/Object;Ljava/lang/Boolean;)Ljava/lang/O

Events (10 events):
Event: 432.938 loading class org/springframework/data/repository/util/ReactiveWrapperConverters$RegistryHolder
Event: 432.938 loading class org/springframework/data/repository/util/ReactiveWrapperConverters$RegistryHolder done
Event: 432.941 Executing VM operation: RevokeBias
Event: 432.941 Executing VM operation: RevokeBias done
Event: 432.941 Executing VM operation: RevokeBias
Event: 432.941 Executing VM operation: RevokeBias done
Event: 432.945 Executing VM operation: RevokeBias
Event: 432.945 Executing VM operation: RevokeBias done
Event: 432.946 Executing VM operation: RevokeBias
Event: 432.946 Executing VM operation: RevokeBias done


Dynamic libraries:
0x00007ff661a80000 - 0x00007ff661abe000 	C:\Program Files\Java\jdk-10.0.2\bin\javaw.exe
0x00007ffbb42f0000 - 0x00007ffbb44e6000 	C:\WINDOWS\SYSTEM32\ntdll.dll
0x00007ffbb3720000 - 0x00007ffbb37dd000 	C:\WINDOWS\System32\KERNEL32.DLL
0x00007ffbb1e30000 - 0x00007ffbb20f9000 	C:\WINDOWS\System32\KERNELBASE.dll
0x00007ffbb29e0000 - 0x00007ffbb2a8c000 	C:\WINDOWS\System32\ADVAPI32.dll
0x00007ffbb2820000 - 0x00007ffbb28be000 	C:\WINDOWS\System32\msvcrt.dll
0x00007ffbb3250000 - 0x00007ffbb32ec000 	C:\WINDOWS\System32\sechost.dll
0x00007ffbb2610000 - 0x00007ffbb273b000 	C:\WINDOWS\System32\RPCRT4.dll
0x00007ffbb2350000 - 0x00007ffbb24f0000 	C:\WINDOWS\System32\USER32.dll
0x00007ffbb1b30000 - 0x00007ffbb1b52000 	C:\WINDOWS\System32\win32u.dll
0x00007ffbb40d0000 - 0x00007ffbb40fa000 	C:\WINDOWS\System32\GDI32.dll
0x00007ffbb2100000 - 0x00007ffbb2209000 	C:\WINDOWS\System32\gdi32full.dll
0x00007ffbb1be0000 - 0x00007ffbb1c7d000 	C:\WINDOWS\System32\msvcp_win.dll
0x00007ffbb1a30000 - 0x00007ffbb1b30000 	C:\WINDOWS\System32\ucrtbase.dll
0x00007ffb902d0000 - 0x00007ffb9056b000 	C:\WINDOWS\WinSxS\amd64_microsoft.windows.common-controls_6595b64144ccf1df_6.0.19041.488_none_ca04af081b815d21\COMCTL32.dll
0x00007ffba3df0000 - 0x00007ffba3dfa000 	C:\WINDOWS\SYSTEM32\VERSION.dll
0x00007ffbb39a0000 - 0x00007ffbb39d0000 	C:\WINDOWS\System32\IMM32.DLL
0x00007ffb9cf80000 - 0x00007ffb9d06f000 	C:\Program Files\Java\jdk-10.0.2\bin\msvcr120.dll
0x00007ffb96e50000 - 0x00007ffb96ef6000 	C:\Program Files\Java\jdk-10.0.2\bin\msvcp120.dll
0x00000000699b0000 - 0x000000006a420000 	C:\Program Files\Java\jdk-10.0.2\bin\server\jvm.dll
0x00007ffbb2a90000 - 0x00007ffbb2a98000 	C:\WINDOWS\System32\PSAPI.DLL
0x00007ffbac4a0000 - 0x00007ffbac4a9000 	C:\WINDOWS\SYSTEM32\WSOCK32.dll
0x00007ffba22a0000 - 0x00007ffba22c7000 	C:\WINDOWS\SYSTEM32\WINMM.dll
0x00007ffbb28c0000 - 0x00007ffbb292b000 	C:\WINDOWS\System32\WS2_32.dll
0x00007ffba4060000 - 0x00007ffba406f000 	C:\Program Files\Java\jdk-10.0.2\bin\verify.dll
0x00007ffb9d620000 - 0x00007ffb9d804000 	C:\WINDOWS\SYSTEM32\DBGHELP.DLL
0x00007ffb9d440000 - 0x00007ffb9d46c000 	C:\WINDOWS\SYSTEM32\dbgcore.DLL
0x00007ffbb1b60000 - 0x00007ffbb1be0000 	C:\WINDOWS\System32\bcryptPrimitives.dll
0x00007ffba18a0000 - 0x00007ffba18c7000 	C:\Program Files\Java\jdk-10.0.2\bin\java.dll
0x00007ffba35b0000 - 0x00007ffba35c6000 	C:\Program Files\Java\jdk-10.0.2\bin\zip.dll
0x00007ffba3f50000 - 0x00007ffba3f5a000 	C:\Program Files\Java\jdk-10.0.2\bin\jimage.dll
0x00007ffbb2b00000 - 0x00007ffbb3242000 	C:\WINDOWS\System32\SHELL32.dll
0x00007ffbafb80000 - 0x00007ffbb0315000 	C:\WINDOWS\SYSTEM32\windows.storage.dll
0x00007ffbb32f0000 - 0x00007ffbb3646000 	C:\WINDOWS\System32\combase.dll
0x00007ffbb14a0000 - 0x00007ffbb14cc000 	C:\WINDOWS\SYSTEM32\Wldp.dll
0x00007ffbb2930000 - 0x00007ffbb29de000 	C:\WINDOWS\System32\SHCORE.dll
0x00007ffbb3f90000 - 0x00007ffbb3fe5000 	C:\WINDOWS\System32\shlwapi.dll
0x00007ffbb1960000 - 0x00007ffbb1986000 	C:\WINDOWS\SYSTEM32\profapi.dll
0x00007ffba1880000 - 0x00007ffba189a000 	C:\Program Files\Java\jdk-10.0.2\bin\net.dll
0x00007ffba7e30000 - 0x00007ffba7f30000 	C:\WINDOWS\SYSTEM32\WINHTTP.dll
0x00007ffbb1220000 - 0x00007ffbb128a000 	C:\WINDOWS\system32\mswsock.dll
0x00007ffb9fd80000 - 0x00007ffb9fd91000 	C:\Program Files\Java\jdk-10.0.2\bin\nio.dll
0x00007ffba3ec0000 - 0x00007ffba3ec9000 	C:\Program Files\Java\jdk-10.0.2\bin\management.dll
0x00007ffba2050000 - 0x00007ffba205a000 	C:\Program Files\Java\jdk-10.0.2\bin\management_ext.dll
0x00007ffbb0ec0000 - 0x00007ffbb0efb000 	C:\WINDOWS\SYSTEM32\IPHLPAPI.DLL
0x00007ffbb3f80000 - 0x00007ffbb3f88000 	C:\WINDOWS\System32\NSI.dll
0x00007ffbaa270000 - 0x00007ffbaa287000 	C:\WINDOWS\SYSTEM32\dhcpcsvc6.DLL
0x00007ffbaa250000 - 0x00007ffbaa26d000 	C:\WINDOWS\SYSTEM32\dhcpcsvc.DLL
0x00007ffbb0f10000 - 0x00007ffbb0fdb000 	C:\WINDOWS\SYSTEM32\DNSAPI.dll
0x00007ffba4290000 - 0x00007ffba429a000 	C:\Windows\System32\rasadhlp.dll
0x00007ffba40f0000 - 0x00007ffba416f000 	C:\WINDOWS\System32\fwpuclnt.dll
0x00007ffbb2210000 - 0x00007ffbb2237000 	C:\WINDOWS\System32\bcrypt.dll
0x00007ffb81d70000 - 0x00007ffb81d87000 	C:\WINDOWS\system32\napinsp.dll
0x00007ffb81d50000 - 0x00007ffb81d6b000 	C:\WINDOWS\system32\pnrpnsp.dll
0x00007ffbac850000 - 0x00007ffbac865000 	C:\WINDOWS\system32\wshbth.dll
0x00007ffbad3d0000 - 0x00007ffbad3ed000 	C:\WINDOWS\system32\NLAapi.dll
0x00007ffb81d10000 - 0x00007ffb81d22000 	C:\WINDOWS\System32\winrnr.dll
0x00007ffbb13f0000 - 0x00007ffbb1408000 	C:\WINDOWS\SYSTEM32\CRYPTSP.dll
0x00007ffbb0b40000 - 0x00007ffbb0b74000 	C:\WINDOWS\system32\rsaenh.dll
0x00007ffbb1920000 - 0x00007ffbb194e000 	C:\WINDOWS\SYSTEM32\USERENV.dll
0x00007ffbb1410000 - 0x00007ffbb141c000 	C:\WINDOWS\SYSTEM32\CRYPTBASE.dll
0x00007ffba1e40000 - 0x00007ffba1e4b000 	C:\Program Files\Java\jdk-10.0.2\bin\sunmscapi.dll
0x00007ffbb1cd0000 - 0x00007ffbb1e2d000 	C:\WINDOWS\System32\CRYPT32.dll
0x00007ffb9fd50000 - 0x00007ffb9fd73000 	C:\Program Files\Java\jdk-10.0.2\bin\sunec.dll
0x00007ffbabdf0000 - 0x00007ffbabdf7000 	C:\Program Files\Java\jdk-10.0.2\bin\rmi.dll

dbghelp: loaded successfully - version: 4.0.5 - missing functions: none
symbol engine: initialized successfully - sym options: 0x614 - pdb path: .;C:\Program Files\Java\jdk-10.0.2\bin;C:\WINDOWS\SYSTEM32;C:\WINDOWS\WinSxS\amd64_microsoft.windows.common-controls_6595b64144ccf1df_6.0.19041.488_none_ca04af081b815d21;C:\Program Files\Java\jdk-10.0.2\bin\server

VM Arguments:
jvm_args: -Dfile.encoding=UTF-8 
java_command: app.ServisAvionskihKarataApplication
java_class_path (initial): C:\Users\Dusan\git\SKProjekat2\Servis-Avionskih-Karata\target\classes;C:\Users\Dusan\.m2\repository\org\springframework\boot\spring-boot-starter-web\2.3.8.BUILD-SNAPSHOT\spring-boot-starter-web-2.3.8.BUILD-SNAPSHOT.jar;C:\Users\Dusan\.m2\repository\org\springframework\boot\spring-boot-starter\2.3.8.BUILD-SNAPSHOT\spring-boot-starter-2.3.8.BUILD-SNAPSHOT.jar;C:\Users\Dusan\.m2\repository\org\springframework\boot\spring-boot-starter-logging\2.3.8.BUILD-SNAPSHOT\spring-boot-starter-logging-2.3.8.BUILD-SNAPSHOT.jar;C:\Users\Dusan\.m2\repository\ch\qos\logback\logback-classic\1.2.3\logback-classic-1.2.3.jar;C:\Users\Dusan\.m2\repository\ch\qos\logback\logback-core\1.2.3\logback-core-1.2.3.jar;C:\Users\Dusan\.m2\repository\org\apache\logging\log4j\log4j-to-slf4j\2.13.3\log4j-to-slf4j-2.13.3.jar;C:\Users\Dusan\.m2\repository\org\apache\logging\log4j\log4j-api\2.13.3\log4j-api-2.13.3.jar;C:\Users\Dusan\.m2\repository\org\slf4j\jul-to-slf4j\1.7.30\jul-to-slf4j-1.7.30.jar;C:\Users\Dusan\.m2\repository\jakarta\annotation\jakarta.annotation-api\1.3.5\jakarta.annotation-api-1.3.5.jar;C:\Users\Dusan\.m2\repository\org\yaml\snakeyaml\1.26\snakeyaml-1.26.jar;C:\Users\Dusan\.m2\repository\org\springframework\boot\spring-boot-starter-json\2.3.8.BUILD-SNAPSHOT\spring-boot-starter-json-2.3.8.BUILD-SNAPSHOT.jar;C:\Users\Dusan\.m2\repository\com\fasterxml\jackson\datatype\jackson-datatype-jdk8\2.11.3\jackson-datatype-jdk8-2.11.3.jar;C:\Users\Dusan\.m2\repository\com\fasterxml\jackson\datatype\jackson-datatype-jsr310\2.11.3\jackson-datatype-jsr310-2.11.3.jar;C:\Users\Dusan\.m2\repository\com\fasterxml\jackson\module\jackson-module-parameter-names\2.11.3\jackson-module-parameter-names-2.11.3.jar;C:\Users\Dusan\.m2\repository\org\springframework\boot\spring-boot-starter-tomcat\2.3.8.BUILD-SNAPSHOT\spring-boot-starter-tomcat-2.3.8.BUILD-SNAPSHOT.jar;C:\Users\Dusan\.m2\repository\org\apache\tomcat\embed\tomcat-embed-core\9.0.41\tomcat-embed-core-9.0.41.jar;C:\User
Launcher Type: SUN_STANDARD

Logging:
Log output configuration:
#0: stdout all=warning uptime,level,tags
#1: stderr all=off uptime,level,tags

Environment Variables:
PATH=C:\Program Files (x86)\Common Files\Oracle\Java\javapath;C:\Windows\system32;C:\Windows;C:\Windows\System32\Wbem;C:\Windows\System32\WindowsPowerShell\v1.0\;C:\Windows\System32\OpenSSH\;C:\Program Files (x86)\NVIDIA Corporation\PhysX\Common;C:\Program Files\NVIDIA Corporation\NVIDIA NvDLISR;C:\Program Files\Git\cmd;C:\Program Files\PuTTY\;C:\Program Files\TortoiseGit\bin;C:\WINDOWS\system32;C:\WINDOWS;C:\WINDOWS\System32\Wbem;C:\WINDOWS\System32\WindowsPowerShell\v1.0\;C:\WINDOWS\System32\OpenSSH\;C:\Program Files (x86)\Microsoft SQL Server\110\Tools\Binn\ManagementStudio\;C:\Program Files (x86)\Microsoft SQL Server\110\Tools\Binn\;C:\Program Files (x86)\Microsoft SQL Server\110\DTS\Binn\;C:\Program Files\nodejs\;C:\Users\Dusan\AppData\Local\Microsoft\WindowsApps;C:\Users\Dusan\AppData\Local\Microsoft\WindowsApps;C:\Users\Dusan\AppData\Roaming\npm;
USERNAME=Dusan
OS=Windows_NT
PROCESSOR_IDENTIFIER=Intel64 Family 6 Model 158 Stepping 10, GenuineIntel



---------------  S Y S T E M  ---------------

OS: Windows 10 , 64 bit Build 19041 (10.0.19041.662)

CPU:total 8 (initial active 8) (4 cores per cpu, 2 threads per core) family 6 model 158 stepping 10, cmov, cx8, fxsr, mmx, sse, sse2, sse3, ssse3, sse4.1, sse4.2, popcnt, avx, avx2, aes, clmul, erms, 3dnowpref, lzcnt, ht, tsc, tscinvbit, bmi1, bmi2, adx, fma

Memory: 4k page, physical 8227124k(642712k free), swap 15395124k(4340k free)

vm_info: Java HotSpot(TM) 64-Bit Server VM (10.0.2+13) for windows-amd64 JRE (10.0.2+13), built on Jun 28 2018 01:57:56 by "mach5one" with MS VC++ 12.0 (VS2013)

END.
