#
# There is insufficient memory for the Java Runtime Environment to continue.
# Native memory allocation (malloc) failed to allocate 32744 bytes for ChunkPool::allocate
# Possible reasons:
#   The system is out of physical RAM or swap space
#   The process is running with CompressedOops enabled, and the Java Heap may be blocking the growth of the native heap
# Possible solutions:
#   Reduce memory load on the system
#   Increase physical memory or swap space
#   Check if swap backing store is full
#   Decrease Java heap size (-Xmx/-Xms)
#   Decrease number of Java threads
#   Decrease Java thread stack sizes (-Xss)
#   Set larger code cache with -XX:ReservedCodeCacheSize=
#   JVM is running with Unscaled Compressed Oops mode in which the Java heap is
#     placed in the first 4GB address space. The Java Heap base address is the
#     maximum limit for the native heap growth. Please use -XX:HeapBaseMinAddress
#     to set the Java Heap base and to place the Java Heap above 4GB virtual address.
# This output file may be truncated or incomplete.
#
#  Out of Memory Error (t:/workspace/open/src/hotspot/share/memory/arena.cpp:82), pid=15996, tid=2684
#
# JRE version: Java(TM) SE Runtime Environment (10.0.2+13) (build 10.0.2+13)
# Java VM: Java HotSpot(TM) 64-Bit Server VM (10.0.2+13, mixed mode, tiered, compressed oops, g1 gc, windows-amd64)
# No core dump will be written. Minidumps are not enabled by default on client versions of Windows
#

---------------  S U M M A R Y ------------

Command Line: -Dfile.encoding=UTF-8 app.ServisLetovaApplication

Host: Intel(R) Core(TM) i5-8300H CPU @ 2.30GHz, 8 cores, 7G,  Windows 10 , 64 bit Build 19041 (10.0.19041.662)
Time: Sat Jan 16 21:42:02 2021 Central Europe Standard Time elapsed time: 5 seconds (0d 0h 0m 5s)

---------------  T H R E A D  ---------------

Current thread (0x0000017f7faf5000):  JavaThread "C2 CompilerThread0" daemon [_thread_in_native, id=2684, stack(0x000000527da00000,0x000000527db00000)]


Current CompileTask:
C2:   5412 4989   !   4       jdk.internal.loader.BuiltinClassLoader::findClassOnClassPathOrNull (64 bytes)

Stack: [0x000000527da00000,0x000000527db00000]
Native frames: (J=compiled Java code, j=interpreted, Vv=VM code, C=native code)
V  [jvm.dll+0x5a01a9]
V  [jvm.dll+0x6bcf31]
V  [jvm.dll+0x6be126]
V  [jvm.dll+0x6be7b3]
V  [jvm.dll+0x234978]
V  [jvm.dll+0xbb8fb]
V  [jvm.dll+0xbb6ea]
V  [jvm.dll+0xbbbac]
V  [jvm.dll+0x580a37]
V  [jvm.dll+0x58032e]
V  [jvm.dll+0x5f0b7e]
V  [jvm.dll+0x18ed58]
V  [jvm.dll+0x1fff9d]
V  [jvm.dll+0x1ff116]
V  [jvm.dll+0x17c94b]
V  [jvm.dll+0x20c8dd]
V  [jvm.dll+0x20b6a6]
V  [jvm.dll+0x68b7ff]
V  [jvm.dll+0x59f4b0]
C  [msvcr120.dll+0x24f7f]
C  [msvcr120.dll+0x25126]
C  [KERNEL32.DLL+0x17034]
C  [ntdll.dll+0x4d0d1]


---------------  P R O C E S S  ---------------

Threads class SMR info:
_java_thread_list=0x0000017f1d05f180, length=20, elements={
0x0000017f76204000, 0x0000017f7fad7000, 0x0000017f7fae1800, 0x0000017f7faea800,
0x0000017f7faed000, 0x0000017f7faf5000, 0x0000017f7fc47800, 0x0000017f7fc48800,
0x0000017f7fc4c000, 0x0000017f7fafd800, 0x0000017f7fe27000, 0x0000017f7fe2d000,
0x0000017f1bae5000, 0x0000017f1bd5b800, 0x0000017f1cdce000, 0x0000017f1cdcf000,
0x0000017f1cdd2800, 0x0000017f1cdd0800, 0x0000017f1cdd3800, 0x0000017f1cdcf800
}

Java Threads: ( => current thread )
  0x0000017f76204000 JavaThread "main" [_thread_blocked, id=3020, stack(0x000000527c000000,0x000000527c100000)]
  0x0000017f7fad7000 JavaThread "Reference Handler" daemon [_thread_blocked, id=4092, stack(0x000000527d600000,0x000000527d700000)]
  0x0000017f7fae1800 JavaThread "Finalizer" daemon [_thread_blocked, id=12036, stack(0x000000527d700000,0x000000527d800000)]
  0x0000017f7faea800 JavaThread "Signal Dispatcher" daemon [_thread_blocked, id=4816, stack(0x000000527d800000,0x000000527d900000)]
  0x0000017f7faed000 JavaThread "Attach Listener" daemon [_thread_blocked, id=10560, stack(0x000000527d900000,0x000000527da00000)]
=>0x0000017f7faf5000 JavaThread "C2 CompilerThread0" daemon [_thread_in_native, id=2684, stack(0x000000527da00000,0x000000527db00000)]
  0x0000017f7fc47800 JavaThread "C2 CompilerThread1" daemon [_thread_in_native, id=11080, stack(0x000000527db00000,0x000000527dc00000)]
  0x0000017f7fc48800 JavaThread "C2 CompilerThread2" daemon [_thread_in_native, id=17324, stack(0x000000527dc00000,0x000000527dd00000)]
  0x0000017f7fc4c000 JavaThread "C1 CompilerThread3" daemon [_thread_blocked, id=15096, stack(0x000000527dd00000,0x000000527de00000)]
  0x0000017f7fafd800 JavaThread "Sweeper thread" daemon [_thread_blocked, id=10292, stack(0x000000527de00000,0x000000527df00000)]
  0x0000017f7fe27000 JavaThread "Service Thread" daemon [_thread_blocked, id=10088, stack(0x000000527df00000,0x000000527e000000)]
  0x0000017f7fe2d000 JavaThread "Common-Cleaner" daemon [_thread_blocked, id=6036, stack(0x000000527e000000,0x000000527e100000)]
  0x0000017f1bae5000 JavaThread "Thread-0" [_thread_blocked, id=16392, stack(0x000000527e200000,0x000000527e300000)]
  0x0000017f1bd5b800 JavaThread "restartedMain" [_thread_in_vm, id=9988, stack(0x000000527e300000,0x000000527e400000)]
  0x0000017f1cdce000 JavaThread "Catalina-utility-1" [_thread_blocked, id=11940, stack(0x000000527e400000,0x000000527e500000)]
  0x0000017f1cdcf000 JavaThread "Catalina-utility-2" [_thread_blocked, id=14184, stack(0x000000527e500000,0x000000527e600000)]
  0x0000017f1cdd2800 JavaThread "container-0" [_thread_blocked, id=12844, stack(0x000000527e600000,0x000000527e700000)]
  0x0000017f1cdd0800 JavaThread "mysql-cj-abandoned-connection-cleanup" daemon [_thread_blocked, id=15176, stack(0x000000527e700000,0x000000527e800000)]
  0x0000017f1cdd3800 JavaThread "HikariPool-1 housekeeper" daemon [_thread_blocked, id=8284, stack(0x000000527e900000,0x000000527ea00000)]
  0x0000017f1cdcf800 JavaThread "HikariPool-1 connection adder" daemon [_thread_blocked, id=7968, stack(0x000000527ea00000,0x000000527eb00000)]

Other Threads:
  0x0000017f7fad4000 VMThread "VM Thread" [stack: 0x000000527d500000,0x000000527d600000] [id=13052]
  0x0000017f7fe2d800 WatcherThread [stack: 0x000000527e100000,0x000000527e200000] [id=9564]
  0x0000017f76221000 GCTaskThread "GC Thread#0" [stack: 0x000000527c100000,0x000000527c200000] [id=9228]
  0x0000017f76223800 GCTaskThread "GC Thread#1" [stack: 0x000000527c200000,0x000000527c300000] [id=6656]
  0x0000017f76226800 GCTaskThread "GC Thread#2" [stack: 0x000000527c300000,0x000000527c400000] [id=12812]
  0x0000017f7622c000 GCTaskThread "GC Thread#3" [stack: 0x000000527c400000,0x000000527c500000] [id=8848]
  0x0000017f7622f000 GCTaskThread "GC Thread#4" [stack: 0x000000527c500000,0x000000527c600000] [id=16432]
  0x0000017f76238000 GCTaskThread "GC Thread#5" [stack: 0x000000527c600000,0x000000527c700000] [id=8804]
  0x0000017f76238800 GCTaskThread "GC Thread#6" [stack: 0x000000527c700000,0x000000527c800000] [id=16552]
  0x0000017f76239800 GCTaskThread "GC Thread#7" [stack: 0x000000527c800000,0x000000527c900000] [id=16820]
  0x0000017f762a3000 ConcurrentGCThread "G1 Main Marker" [stack: 0x000000527c900000,0x000000527ca00000] [id=2312]
  0x0000017f762a4000 ConcurrentGCThread "G1 Conc#0" [stack: 0x000000527ca00000,0x000000527cb00000] [id=16564]
  0x0000017f762a7000 ConcurrentGCThread "G1 Conc#1" [stack: 0x000000527cb00000,0x000000527cc00000] [id=15968]
  0x0000017f7f946800 ConcurrentGCThread "G1 Refine#0" [stack: 0x000000527cc00000,0x000000527cd00000] [id=7248]
  0x0000017f7f947800 ConcurrentGCThread "G1 Refine#1" [stack: 0x000000527cd00000,0x000000527ce00000] [id=12352]
  0x0000017f7f94a800 ConcurrentGCThread "G1 Refine#2" [stack: 0x000000527ce00000,0x000000527cf00000] [id=7896]
  0x0000017f7f94c800 ConcurrentGCThread "G1 Refine#3" [stack: 0x000000527cf00000,0x000000527d000000] [id=3524]
  0x0000017f7f94d800 ConcurrentGCThread "G1 Refine#4" [stack: 0x000000527d000000,0x000000527d100000] [id=11324]
  0x0000017f7f94e800 ConcurrentGCThread "G1 Refine#5" [stack: 0x000000527d100000,0x000000527d200000] [id=4380]
  0x0000017f7f95f800 ConcurrentGCThread "G1 Refine#6" [stack: 0x000000527d200000,0x000000527d300000] [id=14472]
  0x0000017f7f960800 ConcurrentGCThread "G1 Refine#7" [stack: 0x000000527d300000,0x000000527d400000] [id=3736]
  0x0000017f7f96b000 ConcurrentGCThread "G1 Young RemSet Sampling" [stack: 0x000000527d400000,0x000000527d500000] [id=14708]

Threads with active compile tasks:
C2 CompilerThread04989   !   4       jdk.internal.loader.BuiltinClassLoader::findClassOnClassPathOrNull (64 bytes)
C2 CompilerThread15052       4       jdk.internal.loader.BuiltinClassLoader::isSealed (72 bytes)
C2 CompilerThread25017       4       java.net.URLStreamHandler::parseURL (1201 bytes)

VM state:not at safepoint (normal execution)

VM Mutex/Monitor currently owned by a thread: None

Heap address: 0x0000000082600000, size: 2010 MB, Compressed Oops mode: 32-bit
Narrow klass base: 0x0000000000000000, Narrow klass shift: 3
Compressed class space size: 1073741824 Address: 0x0000000100000000

Heap:
 garbage-first heap   total 187392K, used 33687K [0x0000000082600000, 0x0000000100000000)
  region size 1024K, 17 young (17408K), 10 survivors (10240K)
 Metaspace       used 55613K, capacity 56798K, committed 57600K, reserved 1099776K
  class space    used 6618K, capacity 7099K, committed 7168K, reserved 1048576K
Heap Regions: E=young(eden), S=young(survivor), O=old, HS=humongous(starts), HC=humongous(continues), CS=collection set, F=free, A=archive, TS=gc time stamp, AC=allocation context, TAMS=top-at-mark-start (previous, next)
|   0|0x0000000082600000, 0x0000000082700000, 0x0000000082700000|100%|HS|  |TS  0|AC  0|TAMS 0x0000000082700000, 0x0000000082700000|
|   1|0x0000000082700000, 0x0000000082800000, 0x0000000082800000|100%| O|  |TS  0|AC  0|TAMS 0x0000000082800000, 0x0000000082800000|
|   2|0x0000000082800000, 0x0000000082900000, 0x0000000082900000|100%| O|  |TS  0|AC  0|TAMS 0x0000000082900000, 0x0000000082900000|
|   3|0x0000000082900000, 0x0000000082a00000, 0x0000000082a00000|100%| O|  |TS  0|AC  0|TAMS 0x0000000082a00000, 0x0000000082a00000|
|   4|0x0000000082a00000, 0x0000000082b00000, 0x0000000082b00000|100%| O|  |TS  0|AC  0|TAMS 0x0000000082b00000, 0x0000000082b00000|
|   5|0x0000000082b00000, 0x0000000082c00000, 0x0000000082c00000|100%| O|  |TS  0|AC  0|TAMS 0x0000000082c00000, 0x0000000082c00000|
|   6|0x0000000082c00000, 0x0000000082d00000, 0x0000000082d00000|100%| O|  |TS  0|AC  0|TAMS 0x0000000082d00000, 0x0000000082d00000|
|   7|0x0000000082d00000, 0x0000000082e00000, 0x0000000082e00000|100%| O|  |TS  0|AC  0|TAMS 0x0000000082e00000, 0x0000000082e00000|
|   8|0x0000000082e00000, 0x0000000082f00000, 0x0000000082f00000|100%| O|  |TS  1|AC  0|TAMS 0x0000000082e59c00, 0x0000000082e59c00|
|   9|0x0000000082f00000, 0x0000000083000000, 0x0000000083000000|100%| O|  |TS  3|AC  0|TAMS 0x0000000082f00000, 0x0000000082f00000|
|  10|0x0000000083000000, 0x0000000083100000, 0x0000000083100000|100%| O|  |TS  3|AC  0|TAMS 0x0000000083000000, 0x0000000083000000|
|  11|0x0000000083100000, 0x0000000083200000, 0x0000000083200000|100%| O|  |TS  2|AC  0|TAMS 0x0000000083100000, 0x0000000083100000|
|  12|0x0000000083200000, 0x0000000083300000, 0x0000000083300000|100%| O|  |TS  3|AC  0|TAMS 0x0000000083200000, 0x0000000083200000|
|  13|0x0000000083300000, 0x00000000833f6600, 0x0000000083400000| 96%| O|  |TS  3|AC  0|TAMS 0x0000000083300000, 0x0000000083300000|
|  14|0x0000000083400000, 0x00000000834ffff8, 0x0000000083500000| 99%| O|  |TS  1|AC  0|TAMS 0x0000000083400000, 0x0000000083400000|
|  15|0x0000000083500000, 0x0000000083600000, 0x0000000083600000|100%| O|  |TS  1|AC  0|TAMS 0x0000000083500000, 0x0000000083500000|
|  16|0x0000000083600000, 0x0000000083700000, 0x0000000083700000|100%| O|  |TS  2|AC  0|TAMS 0x0000000083600000, 0x0000000083600000|
|  17|0x0000000083700000, 0x0000000083700000, 0x0000000083800000|  0%| F|  |TS  0|AC  0|TAMS 0x0000000083700000, 0x0000000083700000|
|  18|0x0000000083800000, 0x0000000083800000, 0x0000000083900000|  0%| F|  |TS  0|AC  0|TAMS 0x0000000083800000, 0x0000000083800000|
|  19|0x0000000083900000, 0x0000000083900000, 0x0000000083a00000|  0%| F|  |TS  0|AC  0|TAMS 0x0000000083900000, 0x0000000083900000|
|  20|0x0000000083a00000, 0x0000000083a00000, 0x0000000083b00000|  0%| F|  |TS  0|AC  0|TAMS 0x0000000083a00000, 0x0000000083a00000|
|  21|0x0000000083b00000, 0x0000000083b00000, 0x0000000083c00000|  0%| F|  |TS  0|AC  0|TAMS 0x0000000083b00000, 0x0000000083b00000|
|  22|0x0000000083c00000, 0x0000000083c00000, 0x0000000083d00000|  0%| F|  |TS  0|AC  0|TAMS 0x0000000083c00000, 0x0000000083c00000|
|  23|0x0000000083d00000, 0x0000000083d00000, 0x0000000083e00000|  0%| F|  |TS  0|AC  0|TAMS 0x0000000083d00000, 0x0000000083d00000|
|  24|0x0000000083e00000, 0x0000000083e00000, 0x0000000083f00000|  0%| F|  |TS  0|AC  0|TAMS 0x0000000083e00000, 0x0000000083e00000|
|  25|0x0000000083f00000, 0x0000000083f00000, 0x0000000084000000|  0%| F|  |TS  0|AC  0|TAMS 0x0000000083f00000, 0x0000000083f00000|
|  26|0x0000000084000000, 0x0000000084000000, 0x0000000084100000|  0%| F|  |TS  0|AC  0|TAMS 0x0000000084000000, 0x0000000084000000|
|  27|0x0000000084100000, 0x0000000084100000, 0x0000000084200000|  0%| F|  |TS  0|AC  0|TAMS 0x0000000084100000, 0x0000000084100000|
|  28|0x0000000084200000, 0x0000000084200000, 0x0000000084300000|  0%| F|  |TS  0|AC  0|TAMS 0x0000000084200000, 0x0000000084200000|
|  29|0x0000000084300000, 0x0000000084300000, 0x0000000084400000|  0%| F|  |TS  0|AC  0|TAMS 0x0000000084300000, 0x0000000084300000|
|  30|0x0000000084400000, 0x0000000084400000, 0x0000000084500000|  0%| F|  |TS  0|AC  0|TAMS 0x0000000084400000, 0x0000000084400000|
|  31|0x0000000084500000, 0x0000000084500000, 0x0000000084600000|  0%| F|  |TS  0|AC  0|TAMS 0x0000000084500000, 0x0000000084500000|
|  32|0x0000000084600000, 0x0000000084600000, 0x0000000084700000|  0%| F|  |TS  0|AC  0|TAMS 0x0000000084600000, 0x0000000084600000|
|  33|0x0000000084700000, 0x0000000084700000, 0x0000000084800000|  0%| F|  |TS  0|AC  0|TAMS 0x0000000084700000, 0x0000000084700000|
|  34|0x0000000084800000, 0x0000000084800000, 0x0000000084900000|  0%| F|  |TS  0|AC  0|TAMS 0x0000000084800000, 0x0000000084800000|
|  35|0x0000000084900000, 0x0000000084900000, 0x0000000084a00000|  0%| F|  |TS  0|AC  0|TAMS 0x0000000084900000, 0x0000000084900000|
|  36|0x0000000084a00000, 0x0000000084a00000, 0x0000000084b00000|  0%| F|  |TS  0|AC  0|TAMS 0x0000000084a00000, 0x0000000084a00000|
|  37|0x0000000084b00000, 0x0000000084b00000, 0x0000000084c00000|  0%| F|  |TS  0|AC  0|TAMS 0x0000000084b00000, 0x0000000084b00000|
|  38|0x0000000084c00000, 0x0000000084c00000, 0x0000000084d00000|  0%| F|  |TS  0|AC  0|TAMS 0x0000000084c00000, 0x0000000084c00000|
|  39|0x0000000084d00000, 0x0000000084d00000, 0x0000000084e00000|  0%| F|  |TS  0|AC  0|TAMS 0x0000000084d00000, 0x0000000084d00000|
|  40|0x0000000084e00000, 0x0000000084e00000, 0x0000000084f00000|  0%| F|  |TS  0|AC  0|TAMS 0x0000000084e00000, 0x0000000084e00000|
|  41|0x0000000084f00000, 0x0000000084f00000, 0x0000000085000000|  0%| F|  |TS  0|AC  0|TAMS 0x0000000084f00000, 0x0000000084f00000|
|  42|0x0000000085000000, 0x0000000085000000, 0x0000000085100000|  0%| F|  |TS  0|AC  0|TAMS 0x0000000085000000, 0x0000000085000000|
|  43|0x0000000085100000, 0x0000000085100000, 0x0000000085200000|  0%| F|  |TS  0|AC  0|TAMS 0x0000000085100000, 0x0000000085100000|
|  44|0x0000000085200000, 0x0000000085200000, 0x0000000085300000|  0%| F|  |TS  0|AC  0|TAMS 0x0000000085200000, 0x0000000085200000|
|  45|0x0000000085300000, 0x0000000085300000, 0x0000000085400000|  0%| F|  |TS  0|AC  0|TAMS 0x0000000085300000, 0x0000000085300000|
|  46|0x0000000085400000, 0x0000000085400000, 0x0000000085500000|  0%| F|  |TS  0|AC  0|TAMS 0x0000000085400000, 0x0000000085400000|
|  47|0x0000000085500000, 0x0000000085500000, 0x0000000085600000|  0%| F|  |TS  0|AC  0|TAMS 0x0000000085500000, 0x0000000085500000|
|  48|0x0000000085600000, 0x0000000085600000, 0x0000000085700000|  0%| F|  |TS  0|AC  0|TAMS 0x0000000085600000, 0x0000000085600000|
|  49|0x0000000085700000, 0x0000000085700000, 0x0000000085800000|  0%| F|  |TS  0|AC  0|TAMS 0x0000000085700000, 0x0000000085700000|
|  50|0x0000000085800000, 0x0000000085800000, 0x0000000085900000|  0%| F|  |TS  0|AC  0|TAMS 0x0000000085800000, 0x0000000085800000|
|  51|0x0000000085900000, 0x00000000859ef830, 0x0000000085a00000| 93%| S|CS|TS  3|AC  0|TAMS 0x0000000085900000, 0x0000000085900000|
|  52|0x0000000085a00000, 0x0000000085b00000, 0x0000000085b00000|100%| S|CS|TS  3|AC  0|TAMS 0x0000000085a00000, 0x0000000085a00000|
|  53|0x0000000085b00000, 0x0000000085b00000, 0x0000000085c00000|  0%| F|  |TS  3|AC  0|TAMS 0x0000000085b00000, 0x0000000085b00000|
|  54|0x0000000085c00000, 0x0000000085d00000, 0x0000000085d00000|100%| S|CS|TS  3|AC  0|TAMS 0x0000000085c00000, 0x0000000085c00000|
|  55|0x0000000085d00000, 0x0000000085e00000, 0x0000000085e00000|100%| S|CS|TS  3|AC  0|TAMS 0x0000000085d00000, 0x0000000085d00000|
|  56|0x0000000085e00000, 0x0000000085f00000, 0x0000000085f00000|100%| S|CS|TS  3|AC  0|TAMS 0x0000000085e00000, 0x0000000085e00000|
|  57|0x0000000085f00000, 0x0000000086000000, 0x0000000086000000|100%| S|CS|TS  3|AC  0|TAMS 0x0000000085f00000, 0x0000000085f00000|
|  58|0x0000000086000000, 0x0000000086100000, 0x0000000086100000|100%| S|CS|TS  3|AC  0|TAMS 0x0000000086000000, 0x0000000086000000|
|  59|0x0000000086100000, 0x0000000086200000, 0x0000000086200000|100%| S|CS|TS  3|AC  0|TAMS 0x0000000086100000, 0x0000000086100000|
|  60|0x0000000086200000, 0x0000000086300000, 0x0000000086300000|100%| S|CS|TS  3|AC  0|TAMS 0x0000000086200000, 0x0000000086200000|
|  61|0x0000000086300000, 0x0000000086400000, 0x0000000086400000|100%| S|CS|TS  3|AC  0|TAMS 0x0000000086300000, 0x0000000086300000|
|  62|0x0000000086400000, 0x0000000086400000, 0x0000000086500000|  0%| F|  |TS  3|AC  0|TAMS 0x0000000086400000, 0x0000000086400000|
|  63|0x0000000086500000, 0x0000000086500000, 0x0000000086600000|  0%| F|  |TS  3|AC  0|TAMS 0x0000000086500000, 0x0000000086500000|
|  64|0x0000000086600000, 0x0000000086600000, 0x0000000086700000|  0%| F|  |TS  3|AC  0|TAMS 0x0000000086600000, 0x0000000086600000|
|  65|0x0000000086700000, 0x0000000086700000, 0x0000000086800000|  0%| F|  |TS  3|AC  0|TAMS 0x0000000086700000, 0x0000000086700000|
|  66|0x0000000086800000, 0x0000000086800000, 0x0000000086900000|  0%| F|  |TS  3|AC  0|TAMS 0x0000000086800000, 0x0000000086800000|
|  67|0x0000000086900000, 0x0000000086900000, 0x0000000086a00000|  0%| F|  |TS  3|AC  0|TAMS 0x0000000086900000, 0x0000000086900000|
|  68|0x0000000086a00000, 0x0000000086a00000, 0x0000000086b00000|  0%| F|  |TS  3|AC  0|TAMS 0x0000000086a00000, 0x0000000086a00000|
|  69|0x0000000086b00000, 0x0000000086b00000, 0x0000000086c00000|  0%| F|  |TS  3|AC  0|TAMS 0x0000000086b00000, 0x0000000086b00000|
|  70|0x0000000086c00000, 0x0000000086c00000, 0x0000000086d00000|  0%| F|  |TS  3|AC  0|TAMS 0x0000000086c00000, 0x0000000086c00000|
|  71|0x0000000086d00000, 0x0000000086d00000, 0x0000000086e00000|  0%| F|  |TS  3|AC  0|TAMS 0x0000000086d00000, 0x0000000086d00000|
|  72|0x0000000086e00000, 0x0000000086e00000, 0x0000000086f00000|  0%| F|  |TS  3|AC  0|TAMS 0x0000000086e00000, 0x0000000086e00000|
|  73|0x0000000086f00000, 0x0000000086f00000, 0x0000000087000000|  0%| F|  |TS  3|AC  0|TAMS 0x0000000086f00000, 0x0000000086f00000|
|  74|0x0000000087000000, 0x0000000087000000, 0x0000000087100000|  0%| F|  |TS  3|AC  0|TAMS 0x0000000087000000, 0x0000000087000000|
|  75|0x0000000087100000, 0x0000000087100000, 0x0000000087200000|  0%| F|  |TS  3|AC  0|TAMS 0x0000000087100000, 0x0000000087100000|
|  76|0x0000000087200000, 0x0000000087200000, 0x0000000087300000|  0%| F|  |TS  3|AC  0|TAMS 0x0000000087200000, 0x0000000087200000|
|  77|0x0000000087300000, 0x0000000087300000, 0x0000000087400000|  0%| F|  |TS  3|AC  0|TAMS 0x0000000087300000, 0x0000000087300000|
|  78|0x0000000087400000, 0x0000000087400000, 0x0000000087500000|  0%| F|  |TS  3|AC  0|TAMS 0x0000000087400000, 0x0000000087400000|
|  79|0x0000000087500000, 0x0000000087500000, 0x0000000087600000|  0%| F|  |TS  3|AC  0|TAMS 0x0000000087500000, 0x0000000087500000|
|  80|0x0000000087600000, 0x0000000087600000, 0x0000000087700000|  0%| F|  |TS  3|AC  0|TAMS 0x0000000087600000, 0x0000000087600000|
|  81|0x0000000087700000, 0x0000000087700000, 0x0000000087800000|  0%| F|  |TS  3|AC  0|TAMS 0x0000000087700000, 0x0000000087700000|
|  82|0x0000000087800000, 0x0000000087800000, 0x0000000087900000|  0%| F|  |TS  3|AC  0|TAMS 0x0000000087800000, 0x0000000087800000|
|  83|0x0000000087900000, 0x0000000087900000, 0x0000000087a00000|  0%| F|  |TS  3|AC  0|TAMS 0x0000000087900000, 0x0000000087900000|
|  84|0x0000000087a00000, 0x0000000087a00000, 0x0000000087b00000|  0%| F|  |TS  3|AC  0|TAMS 0x0000000087a00000, 0x0000000087a00000|
|  85|0x0000000087b00000, 0x0000000087b00000, 0x0000000087c00000|  0%| F|  |TS  3|AC  0|TAMS 0x0000000087b00000, 0x0000000087b00000|
|  86|0x0000000087c00000, 0x0000000087c00000, 0x0000000087d00000|  0%| F|  |TS  3|AC  0|TAMS 0x0000000087c00000, 0x0000000087c00000|
|  87|0x0000000087d00000, 0x0000000087d00000, 0x0000000087e00000|  0%| F|  |TS  3|AC  0|TAMS 0x0000000087d00000, 0x0000000087d00000|
|  88|0x0000000087e00000, 0x0000000087e00000, 0x0000000087f00000|  0%| F|  |TS  3|AC  0|TAMS 0x0000000087e00000, 0x0000000087e00000|
|  89|0x0000000087f00000, 0x0000000087f00000, 0x0000000088000000|  0%| F|  |TS  3|AC  0|TAMS 0x0000000087f00000, 0x0000000087f00000|
|  90|0x0000000088000000, 0x0000000088000000, 0x0000000088100000|  0%| F|  |TS  3|AC  0|TAMS 0x0000000088000000, 0x0000000088000000|
|  91|0x0000000088100000, 0x0000000088100000, 0x0000000088200000|  0%| F|  |TS  3|AC  0|TAMS 0x0000000088100000, 0x0000000088100000|
|  92|0x0000000088200000, 0x0000000088200000, 0x0000000088300000|  0%| F|  |TS  3|AC  0|TAMS 0x0000000088200000, 0x0000000088200000|
|  93|0x0000000088300000, 0x0000000088300000, 0x0000000088400000|  0%| F|  |TS  3|AC  0|TAMS 0x0000000088300000, 0x0000000088300000|
|  94|0x0000000088400000, 0x0000000088400000, 0x0000000088500000|  0%| F|  |TS  3|AC  0|TAMS 0x0000000088400000, 0x0000000088400000|
|  95|0x0000000088500000, 0x0000000088500000, 0x0000000088600000|  0%| F|  |TS  3|AC  0|TAMS 0x0000000088500000, 0x0000000088500000|
|  96|0x0000000088600000, 0x0000000088600000, 0x0000000088700000|  0%| F|  |TS  3|AC  0|TAMS 0x0000000088600000, 0x0000000088600000|
|  97|0x0000000088700000, 0x0000000088700000, 0x0000000088800000|  0%| F|  |TS  3|AC  0|TAMS 0x0000000088700000, 0x0000000088700000|
|  98|0x0000000088800000, 0x0000000088800000, 0x0000000088900000|  0%| F|  |TS  3|AC  0|TAMS 0x0000000088800000, 0x0000000088800000|
|  99|0x0000000088900000, 0x0000000088900000, 0x0000000088a00000|  0%| F|  |TS  3|AC  0|TAMS 0x0000000088900000, 0x0000000088900000|
| 100|0x0000000088a00000, 0x0000000088a00000, 0x0000000088b00000|  0%| F|  |TS  3|AC  0|TAMS 0x0000000088a00000, 0x0000000088a00000|
| 101|0x0000000088b00000, 0x0000000088b00000, 0x0000000088c00000|  0%| F|  |TS  3|AC  0|TAMS 0x0000000088b00000, 0x0000000088b00000|
| 102|0x0000000088c00000, 0x0000000088c00000, 0x0000000088d00000|  0%| F|  |TS  3|AC  0|TAMS 0x0000000088c00000, 0x0000000088c00000|
| 103|0x0000000088d00000, 0x0000000088d00000, 0x0000000088e00000|  0%| F|  |TS  3|AC  0|TAMS 0x0000000088d00000, 0x0000000088d00000|
| 104|0x0000000088e00000, 0x0000000088e00000, 0x0000000088f00000|  0%| F|  |TS  3|AC  0|TAMS 0x0000000088e00000, 0x0000000088e00000|
| 105|0x0000000088f00000, 0x0000000088f00000, 0x0000000089000000|  0%| F|  |TS  3|AC  0|TAMS 0x0000000088f00000, 0x0000000088f00000|
| 106|0x0000000089000000, 0x0000000089000000, 0x0000000089100000|  0%| F|  |TS  3|AC  0|TAMS 0x0000000089000000, 0x0000000089000000|
| 107|0x0000000089100000, 0x0000000089100000, 0x0000000089200000|  0%| F|  |TS  3|AC  0|TAMS 0x0000000089100000, 0x0000000089100000|
| 108|0x0000000089200000, 0x0000000089200000, 0x0000000089300000|  0%| F|  |TS  3|AC  0|TAMS 0x0000000089200000, 0x0000000089200000|
| 109|0x0000000089300000, 0x0000000089300000, 0x0000000089400000|  0%| F|  |TS  3|AC  0|TAMS 0x0000000089300000, 0x0000000089300000|
| 110|0x0000000089400000, 0x0000000089400000, 0x0000000089500000|  0%| F|  |TS  3|AC  0|TAMS 0x0000000089400000, 0x0000000089400000|
| 111|0x0000000089500000, 0x0000000089500000, 0x0000000089600000|  0%| F|  |TS  3|AC  0|TAMS 0x0000000089500000, 0x0000000089500000|
| 112|0x0000000089600000, 0x0000000089600000, 0x0000000089700000|  0%| F|  |TS  3|AC  0|TAMS 0x0000000089600000, 0x0000000089600000|
| 113|0x0000000089700000, 0x0000000089700000, 0x0000000089800000|  0%| F|  |TS  3|AC  0|TAMS 0x0000000089700000, 0x0000000089700000|
| 114|0x0000000089800000, 0x0000000089800000, 0x0000000089900000|  0%| F|  |TS  3|AC  0|TAMS 0x0000000089800000, 0x0000000089800000|
| 115|0x0000000089900000, 0x0000000089900000, 0x0000000089a00000|  0%| F|  |TS  3|AC  0|TAMS 0x0000000089900000, 0x0000000089900000|
| 116|0x0000000089a00000, 0x0000000089a00000, 0x0000000089b00000|  0%| F|  |TS  3|AC  0|TAMS 0x0000000089a00000, 0x0000000089a00000|
| 117|0x0000000089b00000, 0x0000000089b00000, 0x0000000089c00000|  0%| F|  |TS  3|AC  0|TAMS 0x0000000089b00000, 0x0000000089b00000|
| 118|0x0000000089c00000, 0x0000000089c00000, 0x0000000089d00000|  0%| F|  |TS  3|AC  0|TAMS 0x0000000089c00000, 0x0000000089c00000|
| 119|0x0000000089d00000, 0x0000000089d00000, 0x0000000089e00000|  0%| F|  |TS  3|AC  0|TAMS 0x0000000089d00000, 0x0000000089d00000|
| 120|0x0000000089e00000, 0x0000000089e00000, 0x0000000089f00000|  0%| F|  |TS  3|AC  0|TAMS 0x0000000089e00000, 0x0000000089e00000|
| 121|0x0000000089f00000, 0x0000000089f00000, 0x000000008a000000|  0%| F|  |TS  3|AC  0|TAMS 0x0000000089f00000, 0x0000000089f00000|
| 122|0x000000008a000000, 0x000000008a000000, 0x000000008a100000|  0%| F|  |TS  3|AC  0|TAMS 0x000000008a000000, 0x000000008a000000|
| 123|0x000000008a100000, 0x000000008a100000, 0x000000008a200000|  0%| F|  |TS  3|AC  0|TAMS 0x000000008a100000, 0x000000008a100000|
| 124|0x000000008a200000, 0x000000008a200000, 0x000000008a300000|  0%| F|  |TS  3|AC  0|TAMS 0x000000008a200000, 0x000000008a200000|
| 125|0x000000008a300000, 0x000000008a300000, 0x000000008a400000|  0%| F|  |TS  3|AC  0|TAMS 0x000000008a300000, 0x000000008a300000|
| 126|0x000000008a400000, 0x000000008a400000, 0x000000008a500000|  0%| F|  |TS  3|AC  0|TAMS 0x000000008a400000, 0x000000008a400000|
| 127|0x000000008a500000, 0x000000008a500000, 0x000000008a600000|  0%| F|  |TS  3|AC  0|TAMS 0x000000008a500000, 0x000000008a500000|
| 128|0x000000008a600000, 0x000000008a600000, 0x000000008a700000|  0%| F|  |TS  3|AC  0|TAMS 0x000000008a600000, 0x000000008a600000|
| 129|0x000000008a700000, 0x000000008a700000, 0x000000008a800000|  0%| F|  |TS  3|AC  0|TAMS 0x000000008a700000, 0x000000008a700000|
| 130|0x000000008a800000, 0x000000008a800000, 0x000000008a900000|  0%| F|  |TS  3|AC  0|TAMS 0x000000008a800000, 0x000000008a800000|
| 131|0x000000008a900000, 0x000000008a900000, 0x000000008aa00000|  0%| F|  |TS  3|AC  0|TAMS 0x000000008a900000, 0x000000008a900000|
| 132|0x000000008aa00000, 0x000000008aa00000, 0x000000008ab00000|  0%| F|  |TS  3|AC  0|TAMS 0x000000008aa00000, 0x000000008aa00000|
| 133|0x000000008ab00000, 0x000000008ab00000, 0x000000008ac00000|  0%| F|  |TS  3|AC  0|TAMS 0x000000008ab00000, 0x000000008ab00000|
| 134|0x000000008ac00000, 0x000000008ac00000, 0x000000008ad00000|  0%| F|  |TS  3|AC  0|TAMS 0x000000008ac00000, 0x000000008ac00000|
| 135|0x000000008ad00000, 0x000000008ad00000, 0x000000008ae00000|  0%| F|  |TS  3|AC  0|TAMS 0x000000008ad00000, 0x000000008ad00000|
| 136|0x000000008ae00000, 0x000000008ae00000, 0x000000008af00000|  0%| F|  |TS  3|AC  0|TAMS 0x000000008ae00000, 0x000000008ae00000|
| 137|0x000000008af00000, 0x000000008af00000, 0x000000008b000000|  0%| F|  |TS  3|AC  0|TAMS 0x000000008af00000, 0x000000008af00000|
| 138|0x000000008b000000, 0x000000008b000000, 0x000000008b100000|  0%| F|  |TS  3|AC  0|TAMS 0x000000008b000000, 0x000000008b000000|
| 139|0x000000008b100000, 0x000000008b100000, 0x000000008b200000|  0%| F|  |TS  3|AC  0|TAMS 0x000000008b100000, 0x000000008b100000|
| 140|0x000000008b200000, 0x000000008b200000, 0x000000008b300000|  0%| F|  |TS  3|AC  0|TAMS 0x000000008b200000, 0x000000008b200000|
| 141|0x000000008b300000, 0x000000008b300000, 0x000000008b400000|  0%| F|  |TS  3|AC  0|TAMS 0x000000008b300000, 0x000000008b300000|
| 142|0x000000008b400000, 0x000000008b400000, 0x000000008b500000|  0%| F|  |TS  3|AC  0|TAMS 0x000000008b400000, 0x000000008b400000|
| 143|0x000000008b500000, 0x000000008b500000, 0x000000008b600000|  0%| F|  |TS  3|AC  0|TAMS 0x000000008b500000, 0x000000008b500000|
| 144|0x000000008b600000, 0x000000008b600000, 0x000000008b700000|  0%| F|  |TS  3|AC  0|TAMS 0x000000008b600000, 0x000000008b600000|
| 145|0x000000008b700000, 0x000000008b700000, 0x000000008b800000|  0%| F|  |TS  3|AC  0|TAMS 0x000000008b700000, 0x000000008b700000|
| 146|0x000000008b800000, 0x000000008b800000, 0x000000008b900000|  0%| F|  |TS  3|AC  0|TAMS 0x000000008b800000, 0x000000008b800000|
| 147|0x000000008b900000, 0x000000008b900000, 0x000000008ba00000|  0%| F|  |TS  3|AC  0|TAMS 0x000000008b900000, 0x000000008b900000|
| 148|0x000000008ba00000, 0x000000008ba00000, 0x000000008bb00000|  0%| F|  |TS  3|AC  0|TAMS 0x000000008ba00000, 0x000000008ba00000|
| 149|0x000000008bb00000, 0x000000008bb00000, 0x000000008bc00000|  0%| F|  |TS  3|AC  0|TAMS 0x000000008bb00000, 0x000000008bb00000|
| 150|0x000000008bc00000, 0x000000008bc00000, 0x000000008bd00000|  0%| F|  |TS  3|AC  0|TAMS 0x000000008bc00000, 0x000000008bc00000|
| 151|0x000000008bd00000, 0x000000008bd00000, 0x000000008be00000|  0%| F|  |TS  3|AC  0|TAMS 0x000000008bd00000, 0x000000008bd00000|
| 152|0x000000008be00000, 0x000000008be00000, 0x000000008bf00000|  0%| F|  |TS  3|AC  0|TAMS 0x000000008be00000, 0x000000008be00000|
| 153|0x000000008bf00000, 0x000000008bf00000, 0x000000008c000000|  0%| F|  |TS  3|AC  0|TAMS 0x000000008bf00000, 0x000000008bf00000|
| 154|0x000000008c000000, 0x000000008c000000, 0x000000008c100000|  0%| F|  |TS  3|AC  0|TAMS 0x000000008c000000, 0x000000008c000000|
| 155|0x000000008c100000, 0x000000008c100000, 0x000000008c200000|  0%| F|  |TS  3|AC  0|TAMS 0x000000008c100000, 0x000000008c100000|
| 156|0x000000008c200000, 0x000000008c200000, 0x000000008c300000|  0%| F|  |TS  3|AC  0|TAMS 0x000000008c200000, 0x000000008c200000|
| 157|0x000000008c300000, 0x000000008c300000, 0x000000008c400000|  0%| F|  |TS  3|AC  0|TAMS 0x000000008c300000, 0x000000008c300000|
| 158|0x000000008c400000, 0x000000008c400000, 0x000000008c500000|  0%| F|  |TS  3|AC  0|TAMS 0x000000008c400000, 0x000000008c400000|
| 159|0x000000008c500000, 0x000000008c500000, 0x000000008c600000|  0%| F|  |TS  3|AC  0|TAMS 0x000000008c500000, 0x000000008c500000|
| 160|0x000000008c600000, 0x000000008c600000, 0x000000008c700000|  0%| F|  |TS  3|AC  0|TAMS 0x000000008c600000, 0x000000008c600000|
| 161|0x000000008c700000, 0x000000008c700000, 0x000000008c800000|  0%| F|  |TS  3|AC  0|TAMS 0x000000008c700000, 0x000000008c700000|
| 162|0x000000008c800000, 0x000000008c800000, 0x000000008c900000|  0%| F|  |TS  3|AC  0|TAMS 0x000000008c800000, 0x000000008c800000|
| 163|0x000000008c900000, 0x000000008c900000, 0x000000008ca00000|  0%| F|  |TS  3|AC  0|TAMS 0x000000008c900000, 0x000000008c900000|
| 164|0x000000008ca00000, 0x000000008ca00000, 0x000000008cb00000|  0%| F|  |TS  3|AC  0|TAMS 0x000000008ca00000, 0x000000008ca00000|
| 165|0x000000008cb00000, 0x000000008cb00000, 0x000000008cc00000|  0%| F|  |TS  3|AC  0|TAMS 0x000000008cb00000, 0x000000008cb00000|
| 166|0x000000008cc00000, 0x000000008cc00000, 0x000000008cd00000|  0%| F|  |TS  3|AC  0|TAMS 0x000000008cc00000, 0x000000008cc00000|
| 167|0x000000008cd00000, 0x000000008cd00000, 0x000000008ce00000|  0%| F|  |TS  3|AC  0|TAMS 0x000000008cd00000, 0x000000008cd00000|
| 168|0x000000008ce00000, 0x000000008ce00000, 0x000000008cf00000|  0%| F|  |TS  3|AC  0|TAMS 0x000000008ce00000, 0x000000008ce00000|
| 169|0x000000008cf00000, 0x000000008cf00000, 0x000000008d000000|  0%| F|  |TS  3|AC  0|TAMS 0x000000008cf00000, 0x000000008cf00000|
| 170|0x000000008d000000, 0x000000008d000000, 0x000000008d100000|  0%| F|  |TS  3|AC  0|TAMS 0x000000008d000000, 0x000000008d000000|
| 171|0x000000008d100000, 0x000000008d100000, 0x000000008d200000|  0%| F|  |TS  3|AC  0|TAMS 0x000000008d100000, 0x000000008d100000|
| 172|0x000000008d200000, 0x000000008d200000, 0x000000008d300000|  0%| F|  |TS  3|AC  0|TAMS 0x000000008d200000, 0x000000008d200000|
| 173|0x000000008d300000, 0x000000008d300000, 0x000000008d400000|  0%| F|  |TS  3|AC  0|TAMS 0x000000008d300000, 0x000000008d300000|
| 174|0x000000008d400000, 0x000000008d400000, 0x000000008d500000|  0%| F|  |TS  3|AC  0|TAMS 0x000000008d400000, 0x000000008d400000|
| 175|0x000000008d500000, 0x000000008d500000, 0x000000008d600000|  0%| F|  |TS  3|AC  0|TAMS 0x000000008d500000, 0x000000008d500000|
| 176|0x000000008d600000, 0x000000008d680800, 0x000000008d700000| 50%| E|  |TS  3|AC  0|TAMS 0x000000008d600000, 0x000000008d600000|
| 177|0x000000008d700000, 0x000000008d800000, 0x000000008d800000|100%| E|CS|TS  3|AC  0|TAMS 0x000000008d700000, 0x000000008d700000|
| 178|0x000000008d800000, 0x000000008d900000, 0x000000008d900000|100%| E|CS|TS  3|AC  0|TAMS 0x000000008d800000, 0x000000008d800000|
| 179|0x000000008d900000, 0x000000008da00000, 0x000000008da00000|100%| E|CS|TS  3|AC  0|TAMS 0x000000008d900000, 0x000000008d900000|
| 180|0x000000008da00000, 0x000000008db00000, 0x000000008db00000|100%| E|CS|TS  3|AC  0|TAMS 0x000000008da00000, 0x000000008da00000|
| 181|0x000000008db00000, 0x000000008dc00000, 0x000000008dc00000|100%| E|CS|TS  3|AC  0|TAMS 0x000000008db00000, 0x000000008db00000|
| 182|0x000000008dc00000, 0x000000008dd00000, 0x000000008dd00000|100%| E|CS|TS  3|AC  0|TAMS 0x000000008dc00000, 0x000000008dc00000|

Card table byte_map: [0x0000017f78930000,0x0000017f78d20000] byte_map_base: 0x0000017f7851d000

Marking Bits (Prev, Next): (CMBitMap*) 0x0000017f762a2340, (CMBitMap*) 0x0000017f762a2378
 Prev Bits: [0x0000017f79110000, 0x0000017f7b078000)
 Next Bits: [0x0000017f7b080000, 0x0000017f7cfe8000)

Polling page: 0x0000017f761c0000

CodeHeap 'non-profiled nmethods': size=120000Kb used=3540Kb max_used=3540Kb free=116459Kb
 bounds [0x0000017f12d80000, 0x0000017f13100000, 0x0000017f1a2b0000]
CodeHeap 'profiled nmethods': size=120000Kb used=11575Kb max_used=11575Kb free=108424Kb
 bounds [0x0000017f0b850000, 0x0000017f0c3b0000, 0x0000017f12d80000]
CodeHeap 'non-nmethods': size=5760Kb used=1203Kb max_used=1236Kb free=4556Kb
 bounds [0x0000017f0b2b0000, 0x0000017f0b520000, 0x0000017f0b850000]
 total_blobs=7001 nmethods=4968 adapters=474
 compilation: enabled

Compilation events (10 events):
Event: 5.410 Thread 0x0000017f7fc4c000 nmethod 5097 0x0000017f130f2b90 code [0x0000017f130f2d40, 0x0000017f130f2e58]
Event: 5.410 Thread 0x0000017f7fc4c000 5098       3       net.bytebuddy.description.method.ParameterDescription$ForLoadedParameter::<init> (20 bytes)
Event: 5.410 Thread 0x0000017f7fc4c000 nmethod 5098 0x0000017f0c38f910 code [0x0000017f0c38fae0, 0x0000017f0c38fe78]
Event: 5.411 Thread 0x0000017f7fc4c000 5101       3       net.bytebuddy.description.type.TypeList$Generic$Explicit::get (6 bytes)
Event: 5.411 Thread 0x0000017f7fc4c000 nmethod 5101 0x0000017f0c38ff90 code [0x0000017f0c390180, 0x0000017f0c3905e0]
Event: 5.411 Thread 0x0000017f7fc4c000 5102       3       net.bytebuddy.description.type.TypeList$Generic$Explicit::get (19 bytes)
Event: 5.411 Thread 0x0000017f7fc4c000 nmethod 5102 0x0000017f0c390710 code [0x0000017f0c3908e0, 0x0000017f0c390cc0]
Event: 5.411 Thread 0x0000017f7fc4c000 5099   !   3       com.sun.proxy.$Proxy84::annotationType (29 bytes)
Event: 5.411 Thread 0x0000017f7fc4c000 nmethod 5099 0x0000017f0c390e10 code [0x0000017f0c391000, 0x0000017f0c391440]
Event: 5.411 Thread 0x0000017f7fc4c000 5100       3       net.bytebuddy.description.type.TypeDescription$Generic$Visitor$Substitutor::onNonGenericType (41 bytes)

GC Heap History (10 events):
Event: 2.609 GC heap before
{Heap before GC invocations=5 (full 0):
 garbage-first heap   total 129024K, used 84557K [0x0000000082600000, 0x0000000100000000)
  region size 1024K, 75 young (76800K), 5 survivors (5120K)
 Metaspace       used 29796K, capacity 30487K, committed 30720K, reserved 1077248K
  class space    used 3260K, capacity 3544K, committed 3584K, reserved 1048576K
}
Event: 2.614 GC heap after
{Heap after GC invocations=6 (full 0):
 garbage-first heap   total 155648K, used 14583K [0x0000000082600000, 0x0000000100000000)
  region size 1024K, 6 young (6144K), 6 survivors (6144K)
 Metaspace       used 29796K, capacity 30487K, committed 30720K, reserved 1077248K
  class space    used 3260K, capacity 3544K, committed 3584K, reserved 1048576K
}
Event: 3.535 GC heap before
{Heap before GC invocations=6 (full 0):
 garbage-first heap   total 155648K, used 58615K [0x0000000082600000, 0x0000000100000000)
  region size 1024K, 50 young (51200K), 6 survivors (6144K)
 Metaspace       used 34663K, capacity 35599K, committed 35920K, reserved 1081344K
  class space    used 3894K, capacity 4268K, committed 4352K, reserved 1048576K
}
Event: 3.543 GC heap after
{Heap after GC invocations=7 (full 0):
 garbage-first heap   total 155648K, used 17383K [0x0000000082600000, 0x0000000100000000)
  region size 1024K, 9 young (9216K), 9 survivors (9216K)
 Metaspace       used 34663K, capacity 35599K, committed 35920K, reserved 1081344K
  class space    used 3894K, capacity 4268K, committed 4352K, reserved 1048576K
}
Event: 3.801 GC heap before
{Heap before GC invocations=8 (full 0):
 garbage-first heap   total 155648K, used 104423K [0x0000000082600000, 0x0000000100000000)
  region size 1024K, 89 young (91136K), 9 survivors (9216K)
 Metaspace       used 37355K, capacity 38390K, committed 38912K, reserved 1083392K
  class space    used 4149K, capacity 4535K, committed 4608K, reserved 1048576K
}
Event: 3.810 GC heap after
{Heap after GC invocations=9 (full 0):
 garbage-first heap   total 155648K, used 20896K [0x0000000082600000, 0x0000000100000000)
  region size 1024K, 9 young (9216K), 9 survivors (9216K)
 Metaspace       used 37355K, capacity 38390K, committed 38912K, reserved 1083392K
  class space    used 4149K, capacity 4535K, committed 4608K, reserved 1048576K
}
Event: 4.245 GC heap before
{Heap before GC invocations=9 (full 0):
 garbage-first heap   total 155648K, used 106912K [0x0000000082600000, 0x0000000100000000)
  region size 1024K, 91 young (93184K), 9 survivors (9216K)
 Metaspace       used 40413K, capacity 41546K, committed 41856K, reserved 1085440K
  class space    used 4505K, capacity 4968K, committed 4992K, reserved 1048576K
}
Event: 4.253 GC heap after
{Heap after GC invocations=10 (full 0):
 garbage-first heap   total 155648K, used 22467K [0x0000000082600000, 0x0000000100000000)
  region size 1024K, 8 young (8192K), 8 survivors (8192K)
 Metaspace       used 40413K, capacity 41546K, committed 41856K, reserved 1085440K
  class space    used 4505K, capacity 4968K, committed 4992K, reserved 1048576K
}
Event: 5.320 GC heap before
{Heap before GC invocations=10 (full 0):
 garbage-first heap   total 155648K, used 107459K [0x0000000082600000, 0x0000000100000000)
  region size 1024K, 91 young (93184K), 8 survivors (8192K)
 Metaspace       used 54659K, capacity 55782K, committed 56448K, reserved 1099776K
  class space    used 6483K, capacity 6935K, committed 7040K, reserved 1048576K
}
Event: 5.330 GC heap after
{Heap after GC invocations=11 (full 0):
 garbage-first heap   total 187392K, used 27543K [0x0000000082600000, 0x0000000100000000)
  region size 1024K, 10 young (10240K), 10 survivors (10240K)
 Metaspace       used 54659K, capacity 55782K, committed 56448K, reserved 1099776K
  class space    used 6483K, capacity 6935K, committed 7040K, reserved 1048576K
}

Deoptimization events (10 events):
Event: 4.767 Thread 0x0000017f1bd5b800 Uncommon trap: reason=unstable_if action=reinterpret pc=0x0000017f1307c204 method=java.util.Properties$LineReader.readLine()I @ 174 c2
Event: 4.799 Thread 0x0000017f1bd5b800 Uncommon trap: reason=unstable_if action=reinterpret pc=0x0000017f12e8dd94 method=java.util.HashMap.putVal(ILjava/lang/Object;Ljava/lang/Object;ZZ)Ljava/lang/Object; @ 162 c2
Event: 4.852 Thread 0x0000017f1bd5b800 Uncommon trap: reason=unstable_if action=reinterpret pc=0x0000017f12f7feec method=java.util.Properties.load0(Ljava/util/Properties$LineReader;)V @ 115 c2
Event: 4.967 Thread 0x0000017f1bd5b800 Uncommon trap: reason=bimorphic_or_optimized_type_check action=maybe_recompile pc=0x0000017f12f5c628 method=java.util.HashMap.computeIfAbsent(Ljava/lang/Object;Ljava/util/function/Function;)Ljava/lang/Object; @ 286 c2
Event: 4.968 Thread 0x0000017f1bd5b800 Uncommon trap: reason=class_check action=maybe_recompile pc=0x0000017f12f5c508 method=java.util.HashMap.computeIfAbsent(Ljava/lang/Object;Ljava/util/function/Function;)Ljava/lang/Object; @ 188 c2
Event: 4.968 Thread 0x0000017f1bd5b800 Uncommon trap: reason=bimorphic_or_optimized_type_check action=maybe_recompile pc=0x0000017f12f5c628 method=java.util.HashMap.computeIfAbsent(Ljava/lang/Object;Ljava/util/function/Function;)Ljava/lang/Object; @ 286 c2
Event: 4.979 Thread 0x0000017f1bd5b800 Uncommon trap: reason=class_check action=maybe_recompile pc=0x0000017f12f5c508 method=java.util.HashMap.computeIfAbsent(Ljava/lang/Object;Ljava/util/function/Function;)Ljava/lang/Object; @ 188 c2
Event: 4.979 Thread 0x0000017f1bd5b800 Uncommon trap: reason=bimorphic_or_optimized_type_check action=maybe_recompile pc=0x0000017f12f5c628 method=java.util.HashMap.computeIfAbsent(Ljava/lang/Object;Ljava/util/function/Function;)Ljava/lang/Object; @ 286 c2
Event: 4.979 Thread 0x0000017f1bd5b800 Uncommon trap: reason=class_check action=maybe_recompile pc=0x0000017f12f5c508 method=java.util.HashMap.computeIfAbsent(Ljava/lang/Object;Ljava/util/function/Function;)Ljava/lang/Object; @ 188 c2
Event: 4.979 Thread 0x0000017f1bd5b800 Uncommon trap: reason=class_check action=maybe_recompile pc=0x0000017f12f5c508 method=java.util.HashMap.computeIfAbsent(Ljava/lang/Object;Ljava/util/function/Function;)Ljava/lang/Object; @ 188 c2

Classes redefined (0 events):
No events

Internal exceptions (10 events):
Event: 4.060 Thread 0x0000017f1bd5b800 Exception <a 'java/lang/ClassNotFoundException'{0x0000000087bc1118}: org/springframework/aop/framework/ProxyConfigCustomizer> (0x0000000087bc1118) thrown at [t:/workspace/open/src/hotspot/share/classfile/systemDictionary.cpp, line 233]
Event: 4.061 Thread 0x0000017f1bd5b800 Exception <a 'java/lang/ClassNotFoundException'{0x0000000087bdcec8}: org/springframework/aop/scope/ScopedProxyFactoryBeanCustomizer> (0x0000000087bdcec8) thrown at [t:/workspace/open/src/hotspot/share/classfile/systemDictionary.cpp, line 233]
Event: 4.062 Thread 0x0000017f1bd5b800 Exception <a 'java/lang/ClassNotFoundException'{0x0000000087bfdf98}: org/springframework/beans/factory/FactoryBeanCustomizer> (0x0000000087bfdf98) thrown at [t:/workspace/open/src/hotspot/share/classfile/systemDictionary.cpp, line 233]
Event: 4.063 Thread 0x0000017f1bd5b800 Exception <a 'java/lang/ClassNotFoundException'{0x0000000087a17a58}: org/springframework/beans/factory/BeanFactoryAwareCustomizer> (0x0000000087a17a58) thrown at [t:/workspace/open/src/hotspot/share/classfile/systemDictionary.cpp, line 233]
Event: 4.063 Thread 0x0000017f1bd5b800 Exception <a 'java/lang/ClassNotFoundException'{0x0000000087a2ba48}: org/springframework/beans/factory/AwareCustomizer> (0x0000000087a2ba48) thrown at [t:/workspace/open/src/hotspot/share/classfile/systemDictionary.cpp, line 233]
Event: 4.064 Thread 0x0000017f1bd5b800 Exception <a 'java/lang/ClassNotFoundException'{0x0000000087a41360}: org/springframework/aop/framework/AopInfrastructureBeanCustomizer> (0x0000000087a41360) thrown at [t:/workspace/open/src/hotspot/share/classfile/systemDictionary.cpp, line 233]
Event: 4.206 Thread 0x0000017f1bd5b800 Exception <a 'java/lang/NoSuchMethodError'{0x0000000087172fa0}: java.lang.invoke.DirectMethodHandle$Holder.invokeVirtual(Ljava/lang/Object;Ljava/lang/Object;Ljava/lang/Object;Ljava/lang/Object;)V> (0x0000000087172fa0) thrown at [t:/workspace/open/src/hots
Event: 4.209 Thread 0x0000017f1bd5b800 Exception <a 'java/lang/NoSuchMethodError'{0x00000000871a2888}: java.lang.Object.lambda$static$0(Ljava/lang/Object;)Ljava/lang/Object;> (0x00000000871a2888) thrown at [t:/workspace/open/src/hotspot/share/interpreter/linkResolver.cpp, line 741]
Event: 4.923 Thread 0x0000017f1bd5b800 Exception <a 'java/lang/NoSuchMethodError'{0x0000000088d8af38}: java.lang.invoke.DirectMethodHandle$Holder.invokeStaticInit(Ljava/lang/Object;Ljava/lang/Object;Ljava/lang/Object;Ljava/lang/Object;)Ljava/lang/Object;> (0x0000000088d8af38) thrown at [t:/wor
Event: 5.200 Thread 0x0000017f1bd5b800 Exception <a 'java/lang/NoSuchMethodError'{0x00000000874f8228}: java.lang.Object.lambda$union$3(Ljava/util/regex/Pattern$CharPredicate;I)Z> (0x00000000874f8228) thrown at [t:/workspace/open/src/hotspot/share/interpreter/linkResolver.cpp, line 741]

Events (10 events):
Event: 5.399 loading class org/hibernate/persister/walking/spi/EncapsulatedEntityIdentifierDefinition
Event: 5.399 loading class org/hibernate/persister/walking/spi/EncapsulatedEntityIdentifierDefinition done
Event: 5.399 loading class org/hibernate/persister/walking/internal/EntityIdentifierDefinitionHelper$AttributeDefinitionAdapter
Event: 5.399 loading class org/hibernate/persister/walking/internal/EntityIdentifierDefinitionHelper$AttributeDefinitionAdapter done
Event: 5.405 loading class net/bytebuddy/implementation/bytecode/Removal
Event: 5.405 loading class net/bytebuddy/implementation/bytecode/Removal done
Event: 5.406 loading class net/bytebuddy/implementation/bytecode/Removal$1
Event: 5.406 loading class net/bytebuddy/implementation/bytecode/Removal$1 done
Event: 5.407 loading class net/bytebuddy/implementation/bytecode/Removal$2
Event: 5.407 loading class net/bytebuddy/implementation/bytecode/Removal$2 done


Dynamic libraries:
0x00007ff78c120000 - 0x00007ff78c15e000 	C:\Program Files\Java\jdk-10.0.2\bin\javaw.exe
0x00007ffd98d10000 - 0x00007ffd98f06000 	C:\WINDOWS\SYSTEM32\ntdll.dll
0x00007ffd98670000 - 0x00007ffd9872d000 	C:\WINDOWS\System32\KERNEL32.DLL
0x00007ffd96aa0000 - 0x00007ffd96d69000 	C:\WINDOWS\System32\KERNELBASE.dll
0x00007ffd98420000 - 0x00007ffd984cc000 	C:\WINDOWS\System32\ADVAPI32.dll
0x00007ffd98380000 - 0x00007ffd9841e000 	C:\WINDOWS\System32\msvcrt.dll
0x00007ffd96d70000 - 0x00007ffd96e0c000 	C:\WINDOWS\System32\sechost.dll
0x00007ffd978f0000 - 0x00007ffd97a1b000 	C:\WINDOWS\System32\RPCRT4.dll
0x00007ffd98a40000 - 0x00007ffd98be0000 	C:\WINDOWS\System32\USER32.dll
0x00007ffd96710000 - 0x00007ffd96732000 	C:\WINDOWS\System32\win32u.dll
0x00007ffd98940000 - 0x00007ffd9896a000 	C:\WINDOWS\System32\GDI32.dll
0x00007ffd96450000 - 0x00007ffd96559000 	C:\WINDOWS\System32\gdi32full.dll
0x00007ffd965c0000 - 0x00007ffd9665d000 	C:\WINDOWS\System32\msvcp_win.dll
0x00007ffd96740000 - 0x00007ffd96840000 	C:\WINDOWS\System32\ucrtbase.dll
0x00007ffd7d280000 - 0x00007ffd7d51b000 	C:\WINDOWS\WinSxS\amd64_microsoft.windows.common-controls_6595b64144ccf1df_6.0.19041.488_none_ca04af081b815d21\COMCTL32.dll
0x00007ffd88810000 - 0x00007ffd8881a000 	C:\WINDOWS\SYSTEM32\VERSION.dll
0x00007ffd96e10000 - 0x00007ffd96e40000 	C:\WINDOWS\System32\IMM32.DLL
0x00007ffd5ff00000 - 0x00007ffd5ffef000 	C:\Program Files\Java\jdk-10.0.2\bin\msvcr120.dll
0x00007ffd2e6b0000 - 0x00007ffd2e756000 	C:\Program Files\Java\jdk-10.0.2\bin\msvcp120.dll
0x00000000714a0000 - 0x0000000071f10000 	C:\Program Files\Java\jdk-10.0.2\bin\server\jvm.dll
0x00007ffd98370000 - 0x00007ffd98378000 	C:\WINDOWS\System32\PSAPI.DLL
0x00007ffd862e0000 - 0x00007ffd862e9000 	C:\WINDOWS\SYSTEM32\WSOCK32.dll
0x00007ffd86ec0000 - 0x00007ffd86ee7000 	C:\WINDOWS\SYSTEM32\WINMM.dll
0x00007ffd98600000 - 0x00007ffd9866b000 	C:\WINDOWS\System32\WS2_32.dll
0x00007ffd86490000 - 0x00007ffd8649f000 	C:\Program Files\Java\jdk-10.0.2\bin\verify.dll
0x00007ffd81b00000 - 0x00007ffd81ce4000 	C:\WINDOWS\SYSTEM32\DBGHELP.DLL
0x00007ffd811d0000 - 0x00007ffd811fc000 	C:\WINDOWS\SYSTEM32\dbgcore.DLL
0x00007ffd96690000 - 0x00007ffd96710000 	C:\WINDOWS\System32\bcryptPrimitives.dll
0x00007ffd863f0000 - 0x00007ffd86417000 	C:\Program Files\Java\jdk-10.0.2\bin\java.dll
0x00007ffd86340000 - 0x00007ffd86356000 	C:\Program Files\Java\jdk-10.0.2\bin\zip.dll
0x00007ffd86470000 - 0x00007ffd8647a000 	C:\Program Files\Java\jdk-10.0.2\bin\jimage.dll
0x00007ffd97c20000 - 0x00007ffd98362000 	C:\WINDOWS\System32\SHELL32.dll
0x00007ffd945a0000 - 0x00007ffd94d35000 	C:\WINDOWS\SYSTEM32\windows.storage.dll
0x00007ffd97400000 - 0x00007ffd97756000 	C:\WINDOWS\System32\combase.dll
0x00007ffd95ec0000 - 0x00007ffd95eec000 	C:\WINDOWS\SYSTEM32\Wldp.dll
0x00007ffd97a40000 - 0x00007ffd97aee000 	C:\WINDOWS\System32\SHCORE.dll
0x00007ffd988e0000 - 0x00007ffd98935000 	C:\WINDOWS\System32\shlwapi.dll
0x00007ffd96380000 - 0x00007ffd963a6000 	C:\WINDOWS\SYSTEM32\profapi.dll
0x00007ffd86320000 - 0x00007ffd8633a000 	C:\Program Files\Java\jdk-10.0.2\bin\net.dll
0x00007ffd8b300000 - 0x00007ffd8b400000 	C:\WINDOWS\SYSTEM32\WINHTTP.dll
0x00007ffd95c40000 - 0x00007ffd95caa000 	C:\WINDOWS\system32\mswsock.dll
0x00007ffd75b50000 - 0x00007ffd75b61000 	C:\Program Files\Java\jdk-10.0.2\bin\nio.dll
0x00007ffd863c0000 - 0x00007ffd863c9000 	C:\Program Files\Java\jdk-10.0.2\bin\management.dll
0x00007ffd86310000 - 0x00007ffd8631a000 	C:\Program Files\Java\jdk-10.0.2\bin\management_ext.dll
0x00007ffd958e0000 - 0x00007ffd9591b000 	C:\WINDOWS\SYSTEM32\IPHLPAPI.DLL
0x00007ffd96e40000 - 0x00007ffd96e48000 	C:\WINDOWS\System32\NSI.dll
0x00007ffd8ea10000 - 0x00007ffd8ea27000 	C:\WINDOWS\SYSTEM32\dhcpcsvc6.DLL
0x00007ffd8e9f0000 - 0x00007ffd8ea0d000 	C:\WINDOWS\SYSTEM32\dhcpcsvc.DLL
0x00007ffd95930000 - 0x00007ffd959fb000 	C:\WINDOWS\SYSTEM32\DNSAPI.dll
0x00007ffd89310000 - 0x00007ffd8931a000 	C:\Windows\System32\rasadhlp.dll
0x00007ffd88b30000 - 0x00007ffd88baf000 	C:\WINDOWS\System32\fwpuclnt.dll
0x00007ffd96660000 - 0x00007ffd96687000 	C:\WINDOWS\System32\bcrypt.dll
0x00007ffd65ab0000 - 0x00007ffd65ac7000 	C:\WINDOWS\system32\napinsp.dll
0x00007ffd65a70000 - 0x00007ffd65a8b000 	C:\WINDOWS\system32\pnrpnsp.dll
0x00007ffd91360000 - 0x00007ffd91375000 	C:\WINDOWS\system32\wshbth.dll
0x00007ffd91df0000 - 0x00007ffd91e0d000 	C:\WINDOWS\system32\NLAapi.dll
0x00007ffd65a50000 - 0x00007ffd65a62000 	C:\WINDOWS\System32\winrnr.dll
0x00007ffd95e10000 - 0x00007ffd95e28000 	C:\WINDOWS\SYSTEM32\CRYPTSP.dll
0x00007ffd95560000 - 0x00007ffd95594000 	C:\WINDOWS\system32\rsaenh.dll
0x00007ffd96340000 - 0x00007ffd9636e000 	C:\WINDOWS\SYSTEM32\USERENV.dll
0x00007ffd95e30000 - 0x00007ffd95e3c000 	C:\WINDOWS\SYSTEM32\CRYPTBASE.dll
0x00007ffd82600000 - 0x00007ffd8260b000 	C:\Program Files\Java\jdk-10.0.2\bin\sunmscapi.dll
0x00007ffd96840000 - 0x00007ffd9699d000 	C:\WINDOWS\System32\CRYPT32.dll
0x00007ffd655a0000 - 0x00007ffd655c3000 	C:\Program Files\Java\jdk-10.0.2\bin\sunec.dll

dbghelp: loaded successfully - version: 4.0.5 - missing functions: none
symbol engine: initialized successfully - sym options: 0x614 - pdb path: .;C:\Program Files\Java\jdk-10.0.2\bin;C:\WINDOWS\SYSTEM32;C:\WINDOWS\WinSxS\amd64_microsoft.windows.common-controls_6595b64144ccf1df_6.0.19041.488_none_ca04af081b815d21;C:\Program Files\Java\jdk-10.0.2\bin\server

VM Arguments:
jvm_args: -Dfile.encoding=UTF-8 
java_command: app.ServisLetovaApplication
java_class_path (initial): C:\Users\Dusan\git\SKProjekat2\Servis_Letova\target\classes;C:\eclipse\plugins\org.junit_4.12.0.v201504281640\junit.jar;C:\eclipse\plugins\org.hamcrest.core_1.3.0.v20180420-1519.jar;C:\Users\Dusan\.m2\repository\org\springframework\boot\spring-boot-starter-activemq\2.3.8.BUILD-SNAPSHOT\spring-boot-starter-activemq-2.3.8.BUILD-SNAPSHOT.jar;C:\Users\Dusan\.m2\repository\org\springframework\boot\spring-boot-starter\2.3.8.BUILD-SNAPSHOT\spring-boot-starter-2.3.8.BUILD-SNAPSHOT.jar;C:\Users\Dusan\.m2\repository\org\springframework\boot\spring-boot-starter-logging\2.3.8.BUILD-SNAPSHOT\spring-boot-starter-logging-2.3.8.BUILD-SNAPSHOT.jar;C:\Users\Dusan\.m2\repository\ch\qos\logback\logback-classic\1.2.3\logback-classic-1.2.3.jar;C:\Users\Dusan\.m2\repository\ch\qos\logback\logback-core\1.2.3\logback-core-1.2.3.jar;C:\Users\Dusan\.m2\repository\org\apache\logging\log4j\log4j-to-slf4j\2.13.3\log4j-to-slf4j-2.13.3.jar;C:\Users\Dusan\.m2\repository\org\apache\logging\log4j\log4j-api\2.13.3\log4j-api-2.13.3.jar;C:\Users\Dusan\.m2\repository\org\slf4j\jul-to-slf4j\1.7.30\jul-to-slf4j-1.7.30.jar;C:\Users\Dusan\.m2\repository\jakarta\annotation\jakarta.annotation-api\1.3.5\jakarta.annotation-api-1.3.5.jar;C:\Users\Dusan\.m2\repository\org\yaml\snakeyaml\1.26\snakeyaml-1.26.jar;C:\Users\Dusan\.m2\repository\org\springframework\spring-jms\5.2.12.RELEASE\spring-jms-5.2.12.RELEASE.jar;C:\Users\Dusan\.m2\repository\org\springframework\spring-beans\5.2.12.RELEASE\spring-beans-5.2.12.RELEASE.jar;C:\Users\Dusan\.m2\repository\org\springframework\spring-messaging\5.2.12.RELEASE\spring-messaging-5.2.12.RELEASE.jar;C:\Users\Dusan\.m2\repository\org\springframework\spring-tx\5.2.12.RELEASE\spring-tx-5.2.12.RELEASE.jar;C:\Users\Dusan\.m2\repository\org\apache\activemq\activemq-broker\5.15.14\activemq-broker-5.15.14.jar;C:\Users\Dusan\.m2\repository\org\apache\activemq\activemq-client\5.15.14\activemq-client-5.15.14.jar;C:\Users\Dusan\.m2\repository\org\fusesource\h
Launcher Type: SUN_STANDARD

Logging:
Log output configuration:
#0: stdout all=warning uptime,level,tags
#1: stderr all=off uptime,level,tags

Environment Variables:
PATH=C:\Program Files (x86)\Common Files\Oracle\Java\javapath;C:\Windows\system32;C:\Windows;C:\Windows\System32\Wbem;C:\Windows\System32\WindowsPowerShell\v1.0\;C:\Windows\System32\OpenSSH\;C:\Program Files (x86)\NVIDIA Corporation\PhysX\Common;C:\Program Files\NVIDIA Corporation\NVIDIA NvDLISR;C:\Program Files\Git\cmd;C:\Program Files\PuTTY\;C:\Program Files\TortoiseGit\bin;C:\WINDOWS\system32;C:\WINDOWS;C:\WINDOWS\System32\Wbem;C:\WINDOWS\System32\WindowsPowerShell\v1.0\;C:\WINDOWS\System32\OpenSSH\;C:\Program Files (x86)\Microsoft SQL Server\110\Tools\Binn\ManagementStudio\;C:\Program Files (x86)\Microsoft SQL Server\110\Tools\Binn\;C:\Program Files (x86)\Microsoft SQL Server\110\DTS\Binn\;C:\Program Files\nodejs\;C:\Users\Dusan\AppData\Local\Microsoft\WindowsApps;C:\Users\Dusan\AppData\Local\Microsoft\WindowsApps;C:\Users\Dusan\AppData\Roaming\npm;
USERNAME=Dusan
OS=Windows_NT
PROCESSOR_IDENTIFIER=Intel64 Family 6 Model 158 Stepping 10, GenuineIntel



---------------  S Y S T E M  ---------------

OS: Windows 10 , 64 bit Build 19041 (10.0.19041.662)

CPU:total 8 (initial active 8) (4 cores per cpu, 2 threads per core) family 6 model 158 stepping 10, cmov, cx8, fxsr, mmx, sse, sse2, sse3, ssse3, sse4.1, sse4.2, popcnt, avx, avx2, aes, clmul, erms, 3dnowpref, lzcnt, ht, tsc, tscinvbit, bmi1, bmi2, adx, fma

Memory: 4k page, physical 8227124k(754268k free), swap 15395124k(4172k free)

vm_info: Java HotSpot(TM) 64-Bit Server VM (10.0.2+13) for windows-amd64 JRE (10.0.2+13), built on Jun 28 2018 01:57:56 by "mach5one" with MS VC++ 12.0 (VS2013)

END.
