#
# There is insufficient memory for the Java Runtime Environment to continue.
# Native memory allocation (malloc) failed to allocate 778976 bytes for Chunk::new
# Possible reasons:
#   The system is out of physical RAM or swap space
#   The process is running with CompressedOops enabled, and the Java Heap may be blocking the growth of the native heap
# Possible solutions:
#   Reduce memory load on the system
#   Increase physical memory or swap space
#   Check if swap backing store is full
#   Decrease Java heap size (-Xmx/-Xms)
#   Decrease number of Java threads
#   Decrease Java thread stack sizes (-Xss)
#   Set larger code cache with -XX:ReservedCodeCacheSize=
#   JVM is running with Unscaled Compressed Oops mode in which the Java heap is
#     placed in the first 4GB address space. The Java Heap base address is the
#     maximum limit for the native heap growth. Please use -XX:HeapBaseMinAddress
#     to set the Java Heap base and to place the Java Heap above 4GB virtual address.
# This output file may be truncated or incomplete.
#
#  Out of Memory Error (t:/workspace/open/src/hotspot/share/memory/arena.cpp:198), pid=14764, tid=14344
#
# JRE version: Java(TM) SE Runtime Environment (10.0.2+13) (build 10.0.2+13)
# Java VM: Java HotSpot(TM) 64-Bit Server VM (10.0.2+13, mixed mode, tiered, compressed oops, g1 gc, windows-amd64)
# No core dump will be written. Minidumps are not enabled by default on client versions of Windows
#

---------------  S U M M A R Y ------------

Command Line: -Dfile.encoding=UTF-8 app.ServisLetovaApplication

Host: Intel(R) Core(TM) i5-8300H CPU @ 2.30GHz, 8 cores, 7G,  Windows 10 , 64 bit Build 19041 (10.0.19041.662)
Time: Sun Jan 17 01:44:29 2021 Central Europe Standard Time elapsed time: 7 seconds (0d 0h 0m 7s)

---------------  T H R E A D  ---------------

Current thread (0x000001d033524800):  JavaThread "C2 CompilerThread2" daemon [_thread_in_native, id=14344, stack(0x000000cd65900000,0x000000cd65a00000)]


Current CompileTask:
C2:   7559 5238   !   4       org.springframework.core.annotation.AnnotationsScanner::processMethodHierarchy (276 bytes)

Stack: [0x000000cd65900000,0x000000cd65a00000]
Native frames: (J=compiled Java code, j=interpreted, Vv=VM code, C=native code)
V  [jvm.dll+0x5a01a9]
V  [jvm.dll+0x6bcf31]
V  [jvm.dll+0x6be126]
V  [jvm.dll+0x6be7b3]
V  [jvm.dll+0x234978]
V  [jvm.dll+0xbb69c]
V  [jvm.dll+0xbbbac]
V  [jvm.dll+0x2a68e4]
V  [jvm.dll+0x4bf92a]
V  [jvm.dll+0x2011b0]
V  [jvm.dll+0x1ff0a1]
V  [jvm.dll+0x17c94b]
V  [jvm.dll+0x20c8dd]
V  [jvm.dll+0x20b6a6]
V  [jvm.dll+0x68b7ff]
V  [jvm.dll+0x59f4b0]
C  [msvcr120.dll+0x24f7f]
C  [msvcr120.dll+0x25126]
C  [KERNEL32.DLL+0x17034]
C  [ntdll.dll+0x4d0d1]


---------------  P R O C E S S  ---------------

Threads class SMR info:
_java_thread_list=0x000001d035bd6550, length=20, elements={
0x000001d010ff3800, 0x000001d032bbc800, 0x000001d032bc7000, 0x000001d033522800,
0x000001d033523000, 0x000001d032bd9000, 0x000001d032bdb800, 0x000001d033524800,
0x000001d03352d800, 0x000001d03353e000, 0x000001d033713800, 0x000001d0335d8000,
0x000001d0349c2000, 0x000001d034d3f000, 0x000001d037389000, 0x000001d039971800,
0x000001d037efb000, 0x000001d03a510800, 0x000001d03a52b800, 0x000001d03648e000
}

Java Threads: ( => current thread )
  0x000001d010ff3800 JavaThread "main" [_thread_blocked, id=7644, stack(0x000000cd63d00000,0x000000cd63e00000)]
  0x000001d032bbc800 JavaThread "Reference Handler" daemon [_thread_blocked, id=14472, stack(0x000000cd65300000,0x000000cd65400000)]
  0x000001d032bc7000 JavaThread "Finalizer" daemon [_thread_blocked, id=9880, stack(0x000000cd65400000,0x000000cd65500000)]
  0x000001d033522800 JavaThread "Signal Dispatcher" daemon [_thread_blocked, id=12016, stack(0x000000cd65500000,0x000000cd65600000)]
  0x000001d033523000 JavaThread "Attach Listener" daemon [_thread_blocked, id=4108, stack(0x000000cd65600000,0x000000cd65700000)]
  0x000001d032bd9000 JavaThread "C2 CompilerThread0" daemon [_thread_in_native, id=16844, stack(0x000000cd65700000,0x000000cd65800000)]
  0x000001d032bdb800 JavaThread "C2 CompilerThread1" daemon [_thread_in_native, id=11584, stack(0x000000cd65800000,0x000000cd65900000)]
=>0x000001d033524800 JavaThread "C2 CompilerThread2" daemon [_thread_in_native, id=14344, stack(0x000000cd65900000,0x000000cd65a00000)]
  0x000001d03352d800 JavaThread "C1 CompilerThread3" daemon [_thread_in_vm, id=16660, stack(0x000000cd65a00000,0x000000cd65b00000)]
  0x000001d03353e000 JavaThread "Sweeper thread" daemon [_thread_blocked, id=12968, stack(0x000000cd65b00000,0x000000cd65c00000)]
  0x000001d033713800 JavaThread "Service Thread" daemon [_thread_blocked, id=11440, stack(0x000000cd65c00000,0x000000cd65d00000)]
  0x000001d0335d8000 JavaThread "Common-Cleaner" daemon [_thread_blocked, id=13800, stack(0x000000cd65d00000,0x000000cd65e00000)]
  0x000001d0349c2000 JavaThread "Thread-0" [_thread_blocked, id=16320, stack(0x000000cd65f00000,0x000000cd66000000)]
  0x000001d034d3f000 JavaThread "restartedMain" [_thread_in_Java, id=8572, stack(0x000000cd66000000,0x000000cd66100000)]
  0x000001d037389000 JavaThread "Catalina-utility-1" [_thread_blocked, id=11944, stack(0x000000cd66100000,0x000000cd66200000)]
  0x000001d039971800 JavaThread "Catalina-utility-2" [_thread_blocked, id=13544, stack(0x000000cd66200000,0x000000cd66300000)]
  0x000001d037efb000 JavaThread "container-0" [_thread_blocked, id=17040, stack(0x000000cd66300000,0x000000cd66400000)]
  0x000001d03a510800 JavaThread "mysql-cj-abandoned-connection-cleanup" daemon [_thread_blocked, id=15500, stack(0x000000cd66400000,0x000000cd66500000)]
  0x000001d03a52b800 JavaThread "HikariPool-1 housekeeper" daemon [_thread_blocked, id=15468, stack(0x000000cd66600000,0x000000cd66700000)]
  0x000001d03648e000 JavaThread "HikariPool-1 connection adder" daemon [_thread_blocked, id=9756, stack(0x000000cd66700000,0x000000cd66800000)]

Other Threads:
  0x000001d032bb8800 VMThread "VM Thread" [stack: 0x000000cd65200000,0x000000cd65300000] [id=15972]
  0x000001d03371e800 WatcherThread [stack: 0x000000cd65e00000,0x000000cd65f00000] [id=14388]
  0x000001d01100f800 GCTaskThread "GC Thread#0" [stack: 0x000000cd63e00000,0x000000cd63f00000] [id=9280]
  0x000001d011011000 GCTaskThread "GC Thread#1" [stack: 0x000000cd63f00000,0x000000cd64000000] [id=16032]
  0x000001d011015800 GCTaskThread "GC Thread#2" [stack: 0x000000cd64000000,0x000000cd64100000] [id=11104]
  0x000001d011017000 GCTaskThread "GC Thread#3" [stack: 0x000000cd64100000,0x000000cd64200000] [id=15588]
  0x000001d011020000 GCTaskThread "GC Thread#4" [stack: 0x000000cd64200000,0x000000cd64300000] [id=16552]
  0x000001d011023000 GCTaskThread "GC Thread#5" [stack: 0x000000cd64300000,0x000000cd64400000] [id=8080]
  0x000001d011023800 GCTaskThread "GC Thread#6" [stack: 0x000000cd64400000,0x000000cd64500000] [id=16688]
  0x000001d011024800 GCTaskThread "GC Thread#7" [stack: 0x000000cd64500000,0x000000cd64600000] [id=15560]
  0x000001d01108f000 ConcurrentGCThread "G1 Main Marker" [stack: 0x000000cd64600000,0x000000cd64700000] [id=14156]
  0x000001d011090000 ConcurrentGCThread "G1 Conc#0" [stack: 0x000000cd64700000,0x000000cd64800000] [id=3524]
  0x000001d011093000 ConcurrentGCThread "G1 Conc#1" [stack: 0x000000cd64800000,0x000000cd64900000] [id=15952]
  0x000001d032a2c800 ConcurrentGCThread "G1 Refine#0" [stack: 0x000000cd64900000,0x000000cd64a00000] [id=14892]
  0x000001d032a2d000 ConcurrentGCThread "G1 Refine#1" [stack: 0x000000cd64a00000,0x000000cd64b00000] [id=12948]
  0x000001d032a30000 ConcurrentGCThread "G1 Refine#2" [stack: 0x000000cd64b00000,0x000000cd64c00000] [id=12108]
  0x000001d032a33000 ConcurrentGCThread "G1 Refine#3" [stack: 0x000000cd64c00000,0x000000cd64d00000] [id=10036]
  0x000001d032a37000 ConcurrentGCThread "G1 Refine#4" [stack: 0x000000cd64d00000,0x000000cd64e00000] [id=1572]
  0x000001d032a49000 ConcurrentGCThread "G1 Refine#5" [stack: 0x000000cd64e00000,0x000000cd64f00000] [id=12488]
  0x000001d032a4e000 ConcurrentGCThread "G1 Refine#6" [stack: 0x000000cd64f00000,0x000000cd65000000] [id=15364]
  0x000001d032a50800 ConcurrentGCThread "G1 Refine#7" [stack: 0x000000cd65000000,0x000000cd65100000] [id=2648]
  0x000001d032a51000 ConcurrentGCThread "G1 Young RemSet Sampling" [stack: 0x000000cd65100000,0x000000cd65200000] [id=12228]

Threads with active compile tasks:
C2 CompilerThread05227       4       org.springframework.core.BridgeMethodResolver::findBridgedMethod (117 bytes)
C2 CompilerThread15233       4       org.springframework.asm.SymbolTable::addConstantMemberReference (147 bytes)
C2 CompilerThread25238   !   4       org.springframework.core.annotation.AnnotationsScanner::processMethodHierarchy (276 bytes)
C1 CompilerThread35322       3       com.sun.beans.introspect.MethodInfo$MethodOrder::compare (143 bytes)

VM state:not at safepoint (normal execution)

VM Mutex/Monitor currently owned by a thread: None

Heap address: 0x0000000082600000, size: 2010 MB, Compressed Oops mode: 32-bit
Narrow klass base: 0x0000000000000000, Narrow klass shift: 3
Compressed class space size: 1073741824 Address: 0x0000000100000000

Heap:
 garbage-first heap   total 155648K, used 65264K [0x0000000082600000, 0x0000000100000000)
  region size 1024K, 48 young (49152K), 9 survivors (9216K)
 Metaspace       used 57619K, capacity 58818K, committed 59392K, reserved 1101824K
  class space    used 6883K, capacity 7367K, committed 7424K, reserved 1048576K
Heap Regions: E=young(eden), S=young(survivor), O=old, HS=humongous(starts), HC=humongous(continues), CS=collection set, F=free, A=archive, TS=gc time stamp, AC=allocation context, TAMS=top-at-mark-start (previous, next)
|   0|0x0000000082600000, 0x0000000082700000, 0x0000000082700000|100%|HS|  |TS  0|AC  0|TAMS 0x0000000082700000, 0x0000000082700000|
|   1|0x0000000082700000, 0x0000000082800000, 0x0000000082800000|100%| O|  |TS  0|AC  0|TAMS 0x0000000082800000, 0x0000000082800000|
|   2|0x0000000082800000, 0x0000000082900000, 0x0000000082900000|100%| O|  |TS  0|AC  0|TAMS 0x0000000082900000, 0x0000000082900000|
|   3|0x0000000082900000, 0x0000000082a00000, 0x0000000082a00000|100%| O|  |TS  0|AC  0|TAMS 0x0000000082a00000, 0x0000000082a00000|
|   4|0x0000000082a00000, 0x0000000082b00000, 0x0000000082b00000|100%| O|  |TS  0|AC  0|TAMS 0x0000000082b00000, 0x0000000082b00000|
|   5|0x0000000082b00000, 0x0000000082c00000, 0x0000000082c00000|100%| O|  |TS  0|AC  0|TAMS 0x0000000082c00000, 0x0000000082c00000|
|   6|0x0000000082c00000, 0x0000000082d00000, 0x0000000082d00000|100%| O|  |TS  0|AC  0|TAMS 0x0000000082d00000, 0x0000000082d00000|
|   7|0x0000000082d00000, 0x0000000082e00000, 0x0000000082e00000|100%| O|  |TS  0|AC  0|TAMS 0x0000000082e00000, 0x0000000082e00000|
|   8|0x0000000082e00000, 0x0000000082f00000, 0x0000000082f00000|100%| O|  |TS  0|AC  0|TAMS 0x0000000082f00000, 0x0000000082f00000|
|   9|0x0000000082f00000, 0x0000000083000000, 0x0000000083000000|100%| O|  |TS  0|AC  0|TAMS 0x0000000083000000, 0x0000000083000000|
|  10|0x0000000083000000, 0x0000000083100000, 0x0000000083100000|100%| O|  |TS  1|AC  0|TAMS 0x0000000083064a00, 0x0000000083064a00|
|  11|0x0000000083100000, 0x0000000083100000, 0x0000000083200000|  0%| F|  |TS  2|AC  0|TAMS 0x0000000083100000, 0x0000000083100000|
|  12|0x0000000083200000, 0x0000000083200000, 0x0000000083300000|  0%| F|  |TS  2|AC  0|TAMS 0x0000000083200000, 0x0000000083200000|
|  13|0x0000000083300000, 0x0000000083300000, 0x0000000083400000|  0%| F|  |TS  2|AC  0|TAMS 0x0000000083300000, 0x0000000083300000|
|  14|0x0000000083400000, 0x0000000083500000, 0x0000000083500000|100%| O|  |TS  2|AC  0|TAMS 0x0000000083400000, 0x0000000083400000|
|  15|0x0000000083500000, 0x0000000083600000, 0x0000000083600000|100%| O|  |TS  1|AC  0|TAMS 0x0000000083500000, 0x0000000083500000|
|  16|0x0000000083600000, 0x0000000083700000, 0x0000000083700000|100%| O|  |TS  2|AC  0|TAMS 0x0000000083600000, 0x0000000083600000|
|  17|0x0000000083700000, 0x0000000083800000, 0x0000000083800000|100%| O|  |TS  2|AC  0|TAMS 0x0000000083700000, 0x0000000083700000|
|  18|0x0000000083800000, 0x0000000083900000, 0x0000000083900000|100%| O|  |TS  2|AC  0|TAMS 0x0000000083800000, 0x0000000083800000|
|  19|0x0000000083900000, 0x0000000083a00000, 0x0000000083a00000|100%| O|  |TS  2|AC  0|TAMS 0x0000000083900000, 0x0000000083900000|
|  20|0x0000000083a00000, 0x0000000083a0a200, 0x0000000083b00000|  3%| O|  |TS  3|AC  0|TAMS 0x0000000083a00000, 0x0000000083a00000|
|  21|0x0000000083b00000, 0x0000000083b00000, 0x0000000083c00000|  0%| F|  |TS  0|AC  0|TAMS 0x0000000083b00000, 0x0000000083b00000|
|  22|0x0000000083c00000, 0x0000000083c00000, 0x0000000083d00000|  0%| F|  |TS  0|AC  0|TAMS 0x0000000083c00000, 0x0000000083c00000|
|  23|0x0000000083d00000, 0x0000000083d00000, 0x0000000083e00000|  0%| F|  |TS  0|AC  0|TAMS 0x0000000083d00000, 0x0000000083d00000|
|  24|0x0000000083e00000, 0x0000000083e00000, 0x0000000083f00000|  0%| F|  |TS  0|AC  0|TAMS 0x0000000083e00000, 0x0000000083e00000|
|  25|0x0000000083f00000, 0x0000000083f00000, 0x0000000084000000|  0%| F|  |TS  0|AC  0|TAMS 0x0000000083f00000, 0x0000000083f00000|
|  26|0x0000000084000000, 0x0000000084000000, 0x0000000084100000|  0%| F|  |TS  0|AC  0|TAMS 0x0000000084000000, 0x0000000084000000|
|  27|0x0000000084100000, 0x0000000084100000, 0x0000000084200000|  0%| F|  |TS  0|AC  0|TAMS 0x0000000084100000, 0x0000000084100000|
|  28|0x0000000084200000, 0x0000000084200000, 0x0000000084300000|  0%| F|  |TS  0|AC  0|TAMS 0x0000000084200000, 0x0000000084200000|
|  29|0x0000000084300000, 0x0000000084300000, 0x0000000084400000|  0%| F|  |TS  0|AC  0|TAMS 0x0000000084300000, 0x0000000084300000|
|  30|0x0000000084400000, 0x0000000084400000, 0x0000000084500000|  0%| F|  |TS  0|AC  0|TAMS 0x0000000084400000, 0x0000000084400000|
|  31|0x0000000084500000, 0x0000000084500000, 0x0000000084600000|  0%| F|  |TS  0|AC  0|TAMS 0x0000000084500000, 0x0000000084500000|
|  32|0x0000000084600000, 0x0000000084600000, 0x0000000084700000|  0%| F|  |TS  0|AC  0|TAMS 0x0000000084600000, 0x0000000084600000|
|  33|0x0000000084700000, 0x0000000084700000, 0x0000000084800000|  0%| F|  |TS  0|AC  0|TAMS 0x0000000084700000, 0x0000000084700000|
|  34|0x0000000084800000, 0x0000000084800000, 0x0000000084900000|  0%| F|  |TS  0|AC  0|TAMS 0x0000000084800000, 0x0000000084800000|
|  35|0x0000000084900000, 0x0000000084900000, 0x0000000084a00000|  0%| F|  |TS  0|AC  0|TAMS 0x0000000084900000, 0x0000000084900000|
|  36|0x0000000084a00000, 0x0000000084a00000, 0x0000000084b00000|  0%| F|  |TS  0|AC  0|TAMS 0x0000000084a00000, 0x0000000084a00000|
|  37|0x0000000084b00000, 0x0000000084b00000, 0x0000000084c00000|  0%| F|  |TS  0|AC  0|TAMS 0x0000000084b00000, 0x0000000084b00000|
|  38|0x0000000084c00000, 0x0000000084c00000, 0x0000000084d00000|  0%| F|  |TS  0|AC  0|TAMS 0x0000000084c00000, 0x0000000084c00000|
|  39|0x0000000084d00000, 0x0000000084d00000, 0x0000000084e00000|  0%| F|  |TS  0|AC  0|TAMS 0x0000000084d00000, 0x0000000084d00000|
|  40|0x0000000084e00000, 0x0000000084e00000, 0x0000000084f00000|  0%| F|  |TS  0|AC  0|TAMS 0x0000000084e00000, 0x0000000084e00000|
|  41|0x0000000084f00000, 0x0000000084f00000, 0x0000000085000000|  0%| F|  |TS  2|AC  0|TAMS 0x0000000084f00000, 0x0000000084f00000|
|  42|0x0000000085000000, 0x0000000085000000, 0x0000000085100000|  0%| F|  |TS  2|AC  0|TAMS 0x0000000085000000, 0x0000000085000000|
|  43|0x0000000085100000, 0x0000000085100000, 0x0000000085200000|  0%| F|  |TS  2|AC  0|TAMS 0x0000000085100000, 0x0000000085100000|
|  44|0x0000000085200000, 0x0000000085200000, 0x0000000085300000|  0%| F|  |TS  2|AC  0|TAMS 0x0000000085200000, 0x0000000085200000|
|  45|0x0000000085300000, 0x0000000085300000, 0x0000000085400000|  0%| F|  |TS  2|AC  0|TAMS 0x0000000085300000, 0x0000000085300000|
|  46|0x0000000085400000, 0x0000000085400000, 0x0000000085500000|  0%| F|  |TS  2|AC  0|TAMS 0x0000000085400000, 0x0000000085400000|
|  47|0x0000000085500000, 0x0000000085500000, 0x0000000085600000|  0%| F|  |TS  2|AC  0|TAMS 0x0000000085500000, 0x0000000085500000|
|  48|0x0000000085600000, 0x0000000085600000, 0x0000000085700000|  0%| F|  |TS  2|AC  0|TAMS 0x0000000085600000, 0x0000000085600000|
|  49|0x0000000085700000, 0x0000000085700000, 0x0000000085800000|  0%| F|  |TS  2|AC  0|TAMS 0x0000000085700000, 0x0000000085700000|
|  50|0x0000000085800000, 0x0000000085800000, 0x0000000085900000|  0%| F|  |TS  2|AC  0|TAMS 0x0000000085800000, 0x0000000085800000|
|  51|0x0000000085900000, 0x0000000085900000, 0x0000000085a00000|  0%| F|  |TS  1|AC  0|TAMS 0x0000000085900000, 0x0000000085900000|
|  52|0x0000000085a00000, 0x0000000085a00000, 0x0000000085b00000|  0%| F|  |TS  1|AC  0|TAMS 0x0000000085a00000, 0x0000000085a00000|
|  53|0x0000000085b00000, 0x0000000085b00000, 0x0000000085c00000|  0%| F|  |TS  1|AC  0|TAMS 0x0000000085b00000, 0x0000000085b00000|
|  54|0x0000000085c00000, 0x0000000085c00000, 0x0000000085d00000|  0%| F|  |TS  1|AC  0|TAMS 0x0000000085c00000, 0x0000000085c00000|
|  55|0x0000000085d00000, 0x0000000085d00000, 0x0000000085e00000|  0%| F|  |TS  1|AC  0|TAMS 0x0000000085d00000, 0x0000000085d00000|
|  56|0x0000000085e00000, 0x0000000085e00000, 0x0000000085f00000|  0%| F|  |TS  1|AC  0|TAMS 0x0000000085e00000, 0x0000000085e00000|
|  57|0x0000000085f00000, 0x0000000085fb1f90, 0x0000000086000000| 69%| S|CS|TS  3|AC  0|TAMS 0x0000000085f00000, 0x0000000085f00000|
|  58|0x0000000086000000, 0x0000000086100000, 0x0000000086100000|100%| S|CS|TS  3|AC  0|TAMS 0x0000000086000000, 0x0000000086000000|
|  59|0x0000000086100000, 0x0000000086200000, 0x0000000086200000|100%| S|CS|TS  3|AC  0|TAMS 0x0000000086100000, 0x0000000086100000|
|  60|0x0000000086200000, 0x0000000086300000, 0x0000000086300000|100%| S|CS|TS  3|AC  0|TAMS 0x0000000086200000, 0x0000000086200000|
|  61|0x0000000086300000, 0x0000000086400000, 0x0000000086400000|100%| S|CS|TS  3|AC  0|TAMS 0x0000000086300000, 0x0000000086300000|
|  62|0x0000000086400000, 0x0000000086500000, 0x0000000086500000|100%| S|CS|TS  3|AC  0|TAMS 0x0000000086400000, 0x0000000086400000|
|  63|0x0000000086500000, 0x0000000086600000, 0x0000000086600000|100%| S|CS|TS  3|AC  0|TAMS 0x0000000086500000, 0x0000000086500000|
|  64|0x0000000086600000, 0x0000000086700000, 0x0000000086700000|100%| S|CS|TS  3|AC  0|TAMS 0x0000000086600000, 0x0000000086600000|
|  65|0x0000000086700000, 0x0000000086800000, 0x0000000086800000|100%| S|CS|TS  3|AC  0|TAMS 0x0000000086700000, 0x0000000086700000|
|  66|0x0000000086800000, 0x0000000086800000, 0x0000000086900000|  0%| F|  |TS  3|AC  0|TAMS 0x0000000086800000, 0x0000000086800000|
|  67|0x0000000086900000, 0x0000000086900000, 0x0000000086a00000|  0%| F|  |TS  3|AC  0|TAMS 0x0000000086900000, 0x0000000086900000|
|  68|0x0000000086a00000, 0x0000000086a00000, 0x0000000086b00000|  0%| F|  |TS  3|AC  0|TAMS 0x0000000086a00000, 0x0000000086a00000|
|  69|0x0000000086b00000, 0x0000000086b00000, 0x0000000086c00000|  0%| F|  |TS  3|AC  0|TAMS 0x0000000086b00000, 0x0000000086b00000|
|  70|0x0000000086c00000, 0x0000000086c00000, 0x0000000086d00000|  0%| F|  |TS  3|AC  0|TAMS 0x0000000086c00000, 0x0000000086c00000|
|  71|0x0000000086d00000, 0x0000000086d00000, 0x0000000086e00000|  0%| F|  |TS  3|AC  0|TAMS 0x0000000086d00000, 0x0000000086d00000|
|  72|0x0000000086e00000, 0x0000000086e00000, 0x0000000086f00000|  0%| F|  |TS  3|AC  0|TAMS 0x0000000086e00000, 0x0000000086e00000|
|  73|0x0000000086f00000, 0x0000000086f00000, 0x0000000087000000|  0%| F|  |TS  3|AC  0|TAMS 0x0000000086f00000, 0x0000000086f00000|
|  74|0x0000000087000000, 0x0000000087000000, 0x0000000087100000|  0%| F|  |TS  3|AC  0|TAMS 0x0000000087000000, 0x0000000087000000|
|  75|0x0000000087100000, 0x0000000087100000, 0x0000000087200000|  0%| F|  |TS  3|AC  0|TAMS 0x0000000087100000, 0x0000000087100000|
|  76|0x0000000087200000, 0x0000000087200000, 0x0000000087300000|  0%| F|  |TS  3|AC  0|TAMS 0x0000000087200000, 0x0000000087200000|
|  77|0x0000000087300000, 0x0000000087300000, 0x0000000087400000|  0%| F|  |TS  3|AC  0|TAMS 0x0000000087300000, 0x0000000087300000|
|  78|0x0000000087400000, 0x0000000087400000, 0x0000000087500000|  0%| F|  |TS  3|AC  0|TAMS 0x0000000087400000, 0x0000000087400000|
|  79|0x0000000087500000, 0x0000000087500000, 0x0000000087600000|  0%| F|  |TS  3|AC  0|TAMS 0x0000000087500000, 0x0000000087500000|
|  80|0x0000000087600000, 0x0000000087600000, 0x0000000087700000|  0%| F|  |TS  3|AC  0|TAMS 0x0000000087600000, 0x0000000087600000|
|  81|0x0000000087700000, 0x0000000087700000, 0x0000000087800000|  0%| F|  |TS  3|AC  0|TAMS 0x0000000087700000, 0x0000000087700000|
|  82|0x0000000087800000, 0x0000000087800000, 0x0000000087900000|  0%| F|  |TS  3|AC  0|TAMS 0x0000000087800000, 0x0000000087800000|
|  83|0x0000000087900000, 0x0000000087900000, 0x0000000087a00000|  0%| F|  |TS  3|AC  0|TAMS 0x0000000087900000, 0x0000000087900000|
|  84|0x0000000087a00000, 0x0000000087a00000, 0x0000000087b00000|  0%| F|  |TS  3|AC  0|TAMS 0x0000000087a00000, 0x0000000087a00000|
|  85|0x0000000087b00000, 0x0000000087b00000, 0x0000000087c00000|  0%| F|  |TS  3|AC  0|TAMS 0x0000000087b00000, 0x0000000087b00000|
|  86|0x0000000087c00000, 0x0000000087c00000, 0x0000000087d00000|  0%| F|  |TS  3|AC  0|TAMS 0x0000000087c00000, 0x0000000087c00000|
|  87|0x0000000087d00000, 0x0000000087d00000, 0x0000000087e00000|  0%| F|  |TS  3|AC  0|TAMS 0x0000000087d00000, 0x0000000087d00000|
|  88|0x0000000087e00000, 0x0000000087e00000, 0x0000000087f00000|  0%| F|  |TS  3|AC  0|TAMS 0x0000000087e00000, 0x0000000087e00000|
|  89|0x0000000087f00000, 0x0000000087f00000, 0x0000000088000000|  0%| F|  |TS  3|AC  0|TAMS 0x0000000087f00000, 0x0000000087f00000|
|  90|0x0000000088000000, 0x0000000088000000, 0x0000000088100000|  0%| F|  |TS  3|AC  0|TAMS 0x0000000088000000, 0x0000000088000000|
|  91|0x0000000088100000, 0x0000000088100000, 0x0000000088200000|  0%| F|  |TS  3|AC  0|TAMS 0x0000000088100000, 0x0000000088100000|
|  92|0x0000000088200000, 0x0000000088200000, 0x0000000088300000|  0%| F|  |TS  3|AC  0|TAMS 0x0000000088200000, 0x0000000088200000|
|  93|0x0000000088300000, 0x0000000088300000, 0x0000000088400000|  0%| F|  |TS  3|AC  0|TAMS 0x0000000088300000, 0x0000000088300000|
|  94|0x0000000088400000, 0x0000000088400000, 0x0000000088500000|  0%| F|  |TS  3|AC  0|TAMS 0x0000000088400000, 0x0000000088400000|
|  95|0x0000000088500000, 0x0000000088500000, 0x0000000088600000|  0%| F|  |TS  3|AC  0|TAMS 0x0000000088500000, 0x0000000088500000|
|  96|0x0000000088600000, 0x0000000088600000, 0x0000000088700000|  0%| F|  |TS  3|AC  0|TAMS 0x0000000088600000, 0x0000000088600000|
|  97|0x0000000088700000, 0x0000000088700000, 0x0000000088800000|  0%| F|  |TS  3|AC  0|TAMS 0x0000000088700000, 0x0000000088700000|
|  98|0x0000000088800000, 0x0000000088800000, 0x0000000088900000|  0%| F|  |TS  3|AC  0|TAMS 0x0000000088800000, 0x0000000088800000|
|  99|0x0000000088900000, 0x0000000088900000, 0x0000000088a00000|  0%| F|  |TS  3|AC  0|TAMS 0x0000000088900000, 0x0000000088900000|
| 100|0x0000000088a00000, 0x0000000088a00000, 0x0000000088b00000|  0%| F|  |TS  3|AC  0|TAMS 0x0000000088a00000, 0x0000000088a00000|
| 101|0x0000000088b00000, 0x0000000088b00000, 0x0000000088c00000|  0%| F|  |TS  3|AC  0|TAMS 0x0000000088b00000, 0x0000000088b00000|
| 102|0x0000000088c00000, 0x0000000088c00000, 0x0000000088d00000|  0%| F|  |TS  3|AC  0|TAMS 0x0000000088c00000, 0x0000000088c00000|
| 103|0x0000000088d00000, 0x0000000088d00000, 0x0000000088e00000|  0%| F|  |TS  3|AC  0|TAMS 0x0000000088d00000, 0x0000000088d00000|
| 104|0x0000000088e00000, 0x0000000088e00000, 0x0000000088f00000|  0%| F|  |TS  3|AC  0|TAMS 0x0000000088e00000, 0x0000000088e00000|
| 105|0x0000000088f00000, 0x0000000088f00000, 0x0000000089000000|  0%| F|  |TS  3|AC  0|TAMS 0x0000000088f00000, 0x0000000088f00000|
| 106|0x0000000089000000, 0x0000000089000000, 0x0000000089100000|  0%| F|  |TS  3|AC  0|TAMS 0x0000000089000000, 0x0000000089000000|
| 107|0x0000000089100000, 0x0000000089100000, 0x0000000089200000|  0%| F|  |TS  3|AC  0|TAMS 0x0000000089100000, 0x0000000089100000|
| 108|0x0000000089200000, 0x0000000089200000, 0x0000000089300000|  0%| F|  |TS  3|AC  0|TAMS 0x0000000089200000, 0x0000000089200000|
| 109|0x0000000089300000, 0x0000000089300000, 0x0000000089400000|  0%| F|  |TS  3|AC  0|TAMS 0x0000000089300000, 0x0000000089300000|
| 110|0x0000000089400000, 0x0000000089400000, 0x0000000089500000|  0%| F|  |TS  3|AC  0|TAMS 0x0000000089400000, 0x0000000089400000|
| 111|0x0000000089500000, 0x0000000089500000, 0x0000000089600000|  0%| F|  |TS  3|AC  0|TAMS 0x0000000089500000, 0x0000000089500000|
| 112|0x0000000089600000, 0x0000000089600000, 0x0000000089700000|  0%| F|  |TS  3|AC  0|TAMS 0x0000000089600000, 0x0000000089600000|
| 113|0x0000000089700000, 0x0000000089800000, 0x0000000089800000|100%| E|  |TS  3|AC  0|TAMS 0x0000000089700000, 0x0000000089700000|
| 114|0x0000000089800000, 0x0000000089900000, 0x0000000089900000|100%| E|CS|TS  3|AC  0|TAMS 0x0000000089800000, 0x0000000089800000|
| 115|0x0000000089900000, 0x0000000089a00000, 0x0000000089a00000|100%| E|CS|TS  3|AC  0|TAMS 0x0000000089900000, 0x0000000089900000|
| 116|0x0000000089a00000, 0x0000000089b00000, 0x0000000089b00000|100%| E|CS|TS  3|AC  0|TAMS 0x0000000089a00000, 0x0000000089a00000|
| 117|0x0000000089b00000, 0x0000000089c00000, 0x0000000089c00000|100%| E|CS|TS  3|AC  0|TAMS 0x0000000089b00000, 0x0000000089b00000|
| 118|0x0000000089c00000, 0x0000000089d00000, 0x0000000089d00000|100%| E|CS|TS  3|AC  0|TAMS 0x0000000089c00000, 0x0000000089c00000|
| 119|0x0000000089d00000, 0x0000000089e00000, 0x0000000089e00000|100%| E|CS|TS  3|AC  0|TAMS 0x0000000089d00000, 0x0000000089d00000|
| 120|0x0000000089e00000, 0x0000000089f00000, 0x0000000089f00000|100%| E|CS|TS  3|AC  0|TAMS 0x0000000089e00000, 0x0000000089e00000|
| 121|0x0000000089f00000, 0x000000008a000000, 0x000000008a000000|100%| E|CS|TS  3|AC  0|TAMS 0x0000000089f00000, 0x0000000089f00000|
| 122|0x000000008a000000, 0x000000008a100000, 0x000000008a100000|100%| E|CS|TS  3|AC  0|TAMS 0x000000008a000000, 0x000000008a000000|
| 123|0x000000008a100000, 0x000000008a200000, 0x000000008a200000|100%| E|CS|TS  3|AC  0|TAMS 0x000000008a100000, 0x000000008a100000|
| 124|0x000000008a200000, 0x000000008a300000, 0x000000008a300000|100%| E|CS|TS  3|AC  0|TAMS 0x000000008a200000, 0x000000008a200000|
| 125|0x000000008a300000, 0x000000008a400000, 0x000000008a400000|100%| E|CS|TS  3|AC  0|TAMS 0x000000008a300000, 0x000000008a300000|
| 126|0x000000008a400000, 0x000000008a500000, 0x000000008a500000|100%| E|CS|TS  3|AC  0|TAMS 0x000000008a400000, 0x000000008a400000|
| 127|0x000000008a500000, 0x000000008a600000, 0x000000008a600000|100%| E|CS|TS  3|AC  0|TAMS 0x000000008a500000, 0x000000008a500000|
| 128|0x000000008a600000, 0x000000008a700000, 0x000000008a700000|100%| E|CS|TS  3|AC  0|TAMS 0x000000008a600000, 0x000000008a600000|
| 129|0x000000008a700000, 0x000000008a800000, 0x000000008a800000|100%| E|CS|TS  3|AC  0|TAMS 0x000000008a700000, 0x000000008a700000|
| 130|0x000000008a800000, 0x000000008a900000, 0x000000008a900000|100%| E|CS|TS  3|AC  0|TAMS 0x000000008a800000, 0x000000008a800000|
| 131|0x000000008a900000, 0x000000008aa00000, 0x000000008aa00000|100%| E|CS|TS  3|AC  0|TAMS 0x000000008a900000, 0x000000008a900000|
| 132|0x000000008aa00000, 0x000000008ab00000, 0x000000008ab00000|100%| E|CS|TS  3|AC  0|TAMS 0x000000008aa00000, 0x000000008aa00000|
| 133|0x000000008ab00000, 0x000000008ac00000, 0x000000008ac00000|100%| E|CS|TS  3|AC  0|TAMS 0x000000008ab00000, 0x000000008ab00000|
| 134|0x000000008ac00000, 0x000000008ad00000, 0x000000008ad00000|100%| E|CS|TS  3|AC  0|TAMS 0x000000008ac00000, 0x000000008ac00000|
| 135|0x000000008ad00000, 0x000000008ae00000, 0x000000008ae00000|100%| E|CS|TS  3|AC  0|TAMS 0x000000008ad00000, 0x000000008ad00000|
| 136|0x000000008ae00000, 0x000000008af00000, 0x000000008af00000|100%| E|CS|TS  3|AC  0|TAMS 0x000000008ae00000, 0x000000008ae00000|
| 137|0x000000008af00000, 0x000000008b000000, 0x000000008b000000|100%| E|CS|TS  3|AC  0|TAMS 0x000000008af00000, 0x000000008af00000|
| 138|0x000000008b000000, 0x000000008b100000, 0x000000008b100000|100%| E|CS|TS  3|AC  0|TAMS 0x000000008b000000, 0x000000008b000000|
| 139|0x000000008b100000, 0x000000008b200000, 0x000000008b200000|100%| E|CS|TS  3|AC  0|TAMS 0x000000008b100000, 0x000000008b100000|
| 140|0x000000008b200000, 0x000000008b300000, 0x000000008b300000|100%| E|CS|TS  3|AC  0|TAMS 0x000000008b200000, 0x000000008b200000|
| 141|0x000000008b300000, 0x000000008b400000, 0x000000008b400000|100%| E|CS|TS  3|AC  0|TAMS 0x000000008b300000, 0x000000008b300000|
| 142|0x000000008b400000, 0x000000008b500000, 0x000000008b500000|100%| E|CS|TS  3|AC  0|TAMS 0x000000008b400000, 0x000000008b400000|
| 143|0x000000008b500000, 0x000000008b600000, 0x000000008b600000|100%| E|CS|TS  3|AC  0|TAMS 0x000000008b500000, 0x000000008b500000|
| 144|0x000000008b600000, 0x000000008b700000, 0x000000008b700000|100%| E|CS|TS  3|AC  0|TAMS 0x000000008b600000, 0x000000008b600000|
| 145|0x000000008b700000, 0x000000008b800000, 0x000000008b800000|100%| E|CS|TS  3|AC  0|TAMS 0x000000008b700000, 0x000000008b700000|
| 146|0x000000008b800000, 0x000000008b900000, 0x000000008b900000|100%| E|CS|TS  3|AC  0|TAMS 0x000000008b800000, 0x000000008b800000|
| 147|0x000000008b900000, 0x000000008ba00000, 0x000000008ba00000|100%| E|CS|TS  3|AC  0|TAMS 0x000000008b900000, 0x000000008b900000|
| 148|0x000000008ba00000, 0x000000008bb00000, 0x000000008bb00000|100%| E|CS|TS  3|AC  0|TAMS 0x000000008ba00000, 0x000000008ba00000|
| 149|0x000000008bb00000, 0x000000008bc00000, 0x000000008bc00000|100%| E|CS|TS  3|AC  0|TAMS 0x000000008bb00000, 0x000000008bb00000|
| 150|0x000000008bc00000, 0x000000008bd00000, 0x000000008bd00000|100%| E|CS|TS  3|AC  0|TAMS 0x000000008bc00000, 0x000000008bc00000|
| 151|0x000000008bd00000, 0x000000008be00000, 0x000000008be00000|100%| E|CS|TS  3|AC  0|TAMS 0x000000008bd00000, 0x000000008bd00000|

Card table byte_map: [0x000001d02baa0000,0x000001d02be90000] byte_map_base: 0x000001d02b68d000

Marking Bits (Prev, Next): (CMBitMap*) 0x000001d01108e420, (CMBitMap*) 0x000001d01108e458
 Prev Bits: [0x000001d02c280000, 0x000001d02e1e8000)
 Next Bits: [0x000001d02e1f0000, 0x000001d030158000)

Polling page: 0x000001d00ef40000

CodeHeap 'non-profiled nmethods': size=120000Kb used=3721Kb max_used=3721Kb free=116278Kb
 bounds [0x000001d023e50000, 0x000001d024200000, 0x000001d02b380000]
CodeHeap 'profiled nmethods': size=120000Kb used=12087Kb max_used=12087Kb free=107912Kb
 bounds [0x000001d01c920000, 0x000001d01d4f0000, 0x000001d023e50000]
CodeHeap 'non-nmethods': size=5760Kb used=1202Kb max_used=1290Kb free=4557Kb
 bounds [0x000001d01c380000, 0x000001d01c5f0000, 0x000001d01c920000]
 total_blobs=7212 nmethods=5161 adapters=476
 compilation: enabled

Compilation events (10 events):
Event: 7.551 Thread 0x000001d03352d800 5286       3       org.springframework.cglib.proxy.Enhancer$6::getImplSignature (28 bytes)
Event: 7.551 Thread 0x000001d03352d800 nmethod 5286 0x000001d01d4c6e10 code [0x000001d01d4c7000, 0x000001d01d4c74b0]
Event: 7.551 Thread 0x000001d03352d800 5287       3       org.springframework.cglib.proxy.Enhancer::access$500 (7 bytes)
Event: 7.551 Thread 0x000001d03352d800 nmethod 5287 0x000001d01d4c7690 code [0x000001d01d4c7840, 0x000001d01d4c79b0]
Event: 7.551 Thread 0x000001d03352d800 5288       3       org.springframework.cglib.proxy.Enhancer::rename (43 bytes)
Event: 7.552 Thread 0x000001d03352d800 nmethod 5288 0x000001d01d4c7a90 code [0x000001d01d4c7d20, 0x000001d01d4c8740]
Event: 7.552 Thread 0x000001d03352d800 5289       3       org.springframework.cglib.proxy.MethodInterceptorGenerator::getMethodField (23 bytes)
Event: 7.552 Thread 0x000001d03352d800 nmethod 5289 0x000001d01d4c8b10 code [0x000001d01d4c8d60, 0x000001d01d4c9550]
Event: 7.552 Thread 0x000001d03352d800 5284       3       org.springframework.cglib.core.EmitUtils::begin_method (14 bytes)
Event: 7.552 Thread 0x000001d03352d800 nmethod 5284 0x000001d01d4c9810 code [0x000001d01d4c99e0, 0x000001d01d4c9d70]

GC Heap History (10 events):
Event: 3.708 GC heap before
{Heap before GC invocations=5 (full 0):
 garbage-first heap   total 129024K, used 84912K [0x0000000082600000, 0x0000000100000000)
  region size 1024K, 75 young (76800K), 5 survivors (5120K)
 Metaspace       used 29680K, capacity 30367K, committed 30720K, reserved 1077248K
  class space    used 3241K, capacity 3502K, committed 3584K, reserved 1048576K
}
Event: 3.715 GC heap after
{Heap after GC invocations=6 (full 0):
 garbage-first heap   total 129024K, used 14782K [0x0000000082600000, 0x0000000100000000)
  region size 1024K, 6 young (6144K), 6 survivors (6144K)
 Metaspace       used 29680K, capacity 30367K, committed 30720K, reserved 1077248K
  class space    used 3241K, capacity 3502K, committed 3584K, reserved 1048576K
}
Event: 4.626 GC heap before
{Heap before GC invocations=6 (full 0):
 garbage-first heap   total 129024K, used 60862K [0x0000000082600000, 0x0000000100000000)
  region size 1024K, 52 young (53248K), 6 survivors (6144K)
 Metaspace       used 34762K, capacity 35728K, committed 35920K, reserved 1081344K
  class space    used 3906K, capacity 4268K, committed 4352K, reserved 1048576K
}
Event: 4.634 GC heap after
{Heap after GC invocations=7 (full 0):
 garbage-first heap   total 129024K, used 17810K [0x0000000082600000, 0x0000000100000000)
  region size 1024K, 7 young (7168K), 7 survivors (7168K)
 Metaspace       used 34762K, capacity 35728K, committed 35920K, reserved 1081344K
  class space    used 3906K, capacity 4268K, committed 4352K, reserved 1048576K
}
Event: 4.819 GC heap before
{Heap before GC invocations=8 (full 0):
 garbage-first heap   total 129024K, used 91538K [0x0000000082600000, 0x0000000100000000)
  region size 1024K, 75 young (76800K), 7 survivors (7168K)
 Metaspace       used 37318K, capacity 38315K, committed 38656K, reserved 1083392K
  class space    used 4147K, capacity 4533K, committed 4608K, reserved 1048576K
}
Event: 4.827 GC heap after
{Heap after GC invocations=9 (full 0):
 garbage-first heap   total 155648K, used 22605K [0x0000000082600000, 0x0000000100000000)
  region size 1024K, 10 young (10240K), 10 survivors (10240K)
 Metaspace       used 37318K, capacity 38315K, committed 38656K, reserved 1083392K
  class space    used 4147K, capacity 4533K, committed 4608K, reserved 1048576K
}
Event: 5.147 GC heap before
{Heap before GC invocations=9 (full 0):
 garbage-first heap   total 155648K, used 105549K [0x0000000082600000, 0x0000000100000000)
  region size 1024K, 88 young (90112K), 10 survivors (10240K)
 Metaspace       used 38763K, capacity 39772K, committed 40064K, reserved 1085440K
  class space    used 4300K, capacity 4676K, committed 4736K, reserved 1048576K
}
Event: 5.153 GC heap after
{Heap after GC invocations=10 (full 0):
 garbage-first heap   total 155648K, used 21922K [0x0000000082600000, 0x0000000100000000)
  region size 1024K, 5 young (5120K), 5 survivors (5120K)
 Metaspace       used 38763K, capacity 39772K, committed 40064K, reserved 1085440K
  class space    used 4300K, capacity 4676K, committed 4736K, reserved 1048576K
}
Event: 6.729 GC heap before
{Heap before GC invocations=10 (full 0):
 garbage-first heap   total 155648K, used 104866K [0x0000000082600000, 0x0000000100000000)
  region size 1024K, 86 young (88064K), 5 survivors (5120K)
 Metaspace       used 51943K, capacity 53096K, committed 53632K, reserved 1095680K
  class space    used 6046K, capacity 6511K, committed 6528K, reserved 1048576K
}
Event: 6.741 GC heap after
{Heap after GC invocations=11 (full 0):
 garbage-first heap   total 155648K, used 26352K [0x0000000082600000, 0x0000000100000000)
  region size 1024K, 9 young (9216K), 9 survivors (9216K)
 Metaspace       used 51943K, capacity 53096K, committed 53632K, reserved 1095680K
  class space    used 6046K, capacity 6511K, committed 6528K, reserved 1048576K
}

Deoptimization events (10 events):
Event: 6.498 Thread 0x000001d034d3f000 Uncommon trap: reason=bimorphic_or_optimized_type_check action=maybe_recompile pc=0x000001d0240bf684 method=java.util.HashMap.computeIfAbsent(Ljava/lang/Object;Ljava/util/function/Function;)Ljava/lang/Object; @ 286 c2
Event: 6.505 Thread 0x000001d034d3f000 Uncommon trap: reason=class_check action=maybe_recompile pc=0x000001d0240bf220 method=java.util.HashMap.computeIfAbsent(Ljava/lang/Object;Ljava/util/function/Function;)Ljava/lang/Object; @ 188 c2
Event: 6.505 Thread 0x000001d034d3f000 Uncommon trap: reason=bimorphic_or_optimized_type_check action=maybe_recompile pc=0x000001d0240bf684 method=java.util.HashMap.computeIfAbsent(Ljava/lang/Object;Ljava/util/function/Function;)Ljava/lang/Object; @ 286 c2
Event: 6.521 Thread 0x000001d034d3f000 Uncommon trap: reason=class_check action=maybe_recompile pc=0x000001d0240bf220 method=java.util.HashMap.computeIfAbsent(Ljava/lang/Object;Ljava/util/function/Function;)Ljava/lang/Object; @ 188 c2
Event: 6.522 Thread 0x000001d034d3f000 Uncommon trap: reason=bimorphic_or_optimized_type_check action=maybe_recompile pc=0x000001d0240bf684 method=java.util.HashMap.computeIfAbsent(Ljava/lang/Object;Ljava/util/function/Function;)Ljava/lang/Object; @ 286 c2
Event: 6.522 Thread 0x000001d034d3f000 Uncommon trap: reason=class_check action=maybe_recompile pc=0x000001d0240bf220 method=java.util.HashMap.computeIfAbsent(Ljava/lang/Object;Ljava/util/function/Function;)Ljava/lang/Object; @ 188 c2
Event: 6.522 Thread 0x000001d034d3f000 Uncommon trap: reason=class_check action=maybe_recompile pc=0x000001d0240bf220 method=java.util.HashMap.computeIfAbsent(Ljava/lang/Object;Ljava/util/function/Function;)Ljava/lang/Object; @ 188 c2
Event: 7.388 Thread 0x000001d034d3f000 Uncommon trap: reason=unstable_if action=reinterpret pc=0x000001d023e77420 method=java.lang.AbstractStringBuilder.append(Ljava/lang/String;)Ljava/lang/AbstractStringBuilder; @ 1 c2
Event: 7.388 Thread 0x000001d034d3f000 Uncommon trap: reason=unstable_if action=reinterpret pc=0x000001d023e91690 method=java.lang.AbstractStringBuilder.append(Ljava/lang/String;)Ljava/lang/AbstractStringBuilder; @ 1 c2
Event: 7.533 Thread 0x000001d034d3f000 Uncommon trap: reason=class_check action=maybe_recompile pc=0x000001d023ffd15c method=org.springframework.core.ResolvableType.resolveType()Lorg/springframework/core/ResolvableType; @ 101 c2

Classes redefined (0 events):
No events

Internal exceptions (10 events):
Event: 7.537 Thread 0x000001d034d3f000 Exception <a 'java/lang/ClassNotFoundException'{0x0000000089b4a160}: org/springframework/aop/framework/ProxyConfigCustomizer> (0x0000000089b4a160) thrown at [t:/workspace/open/src/hotspot/share/classfile/systemDictionary.cpp, line 233]
Event: 7.540 Thread 0x000001d034d3f000 Exception <a 'java/lang/ClassNotFoundException'{0x0000000089b64a30}: org/springframework/aop/scope/ScopedProxyFactoryBeanCustomizer> (0x0000000089b64a30) thrown at [t:/workspace/open/src/hotspot/share/classfile/systemDictionary.cpp, line 233]
Event: 7.541 Thread 0x000001d034d3f000 Exception <a 'java/lang/ClassNotFoundException'{0x0000000089b82b20}: org/springframework/cloud/context/scope/GenericScope$LockedScopedProxyFactoryBeanCustomizer> (0x0000000089b82b20) thrown at [t:/workspace/open/src/hotspot/share/classfile/systemDictionar
Event: 7.543 Thread 0x000001d034d3f000 Exception <a 'java/lang/ClassNotFoundException'{0x0000000089ba2c08}: org/aopalliance/intercept/MethodInterceptorCustomizer> (0x0000000089ba2c08) thrown at [t:/workspace/open/src/hotspot/share/classfile/systemDictionary.cpp, line 233]
Event: 7.544 Thread 0x000001d034d3f000 Exception <a 'java/lang/ClassNotFoundException'{0x0000000089bb4f40}: org/aopalliance/intercept/InterceptorCustomizer> (0x0000000089bb4f40) thrown at [t:/workspace/open/src/hotspot/share/classfile/systemDictionary.cpp, line 233]
Event: 7.544 Thread 0x000001d034d3f000 Exception <a 'java/lang/ClassNotFoundException'{0x0000000089bc4f70}: org/aopalliance/aop/AdviceCustomizer> (0x0000000089bc4f70) thrown at [t:/workspace/open/src/hotspot/share/classfile/systemDictionary.cpp, line 233]
Event: 7.545 Thread 0x000001d034d3f000 Exception <a 'java/lang/ClassNotFoundException'{0x0000000089bd7ed8}: org/springframework/beans/factory/FactoryBeanCustomizer> (0x0000000089bd7ed8) thrown at [t:/workspace/open/src/hotspot/share/classfile/systemDictionary.cpp, line 233]
Event: 7.546 Thread 0x000001d034d3f000 Exception <a 'java/lang/ClassNotFoundException'{0x0000000089bee7e0}: org/springframework/beans/factory/BeanFactoryAwareCustomizer> (0x0000000089bee7e0) thrown at [t:/workspace/open/src/hotspot/share/classfile/systemDictionary.cpp, line 233]
Event: 7.546 Thread 0x000001d034d3f000 Exception <a 'java/lang/ClassNotFoundException'{0x0000000089a01930}: org/springframework/beans/factory/AwareCustomizer> (0x0000000089a01930) thrown at [t:/workspace/open/src/hotspot/share/classfile/systemDictionary.cpp, line 233]
Event: 7.547 Thread 0x000001d034d3f000 Exception <a 'java/lang/ClassNotFoundException'{0x0000000089a15d48}: org/springframework/aop/framework/AopInfrastructureBeanCustomizer> (0x0000000089a15d48) thrown at [t:/workspace/open/src/hotspot/share/classfile/systemDictionary.cpp, line 233]

Events (10 events):
Event: 7.555 loading class org/springframework/aop/support/DefaultPointcutAdvisor
Event: 7.555 loading class org/springframework/aop/support/DefaultPointcutAdvisor done
Event: 7.555 loading class org/springframework/aop/support/AbstractGenericPointcutAdvisor
Event: 7.555 loading class org/springframework/aop/support/AbstractGenericPointcutAdvisor done
Event: 7.555 loading class org/springframework/aop/TruePointcut
Event: 7.555 loading class org/springframework/aop/TruePointcut done
Event: 7.555 loading class org/springframework/aop/Advisor$1
Event: 7.555 loading class org/springframework/aop/Advisor$1 done
Event: 7.556 loading class org/springframework/cloud/client/discovery/event/InstanceRegisteredEvent
Event: 7.556 loading class org/springframework/cloud/client/discovery/event/InstanceRegisteredEvent done


Dynamic libraries:
0x00007ff78c120000 - 0x00007ff78c15e000 	C:\Program Files\Java\jdk-10.0.2\bin\javaw.exe
0x00007ffd98d10000 - 0x00007ffd98f06000 	C:\WINDOWS\SYSTEM32\ntdll.dll
0x00007ffd98670000 - 0x00007ffd9872d000 	C:\WINDOWS\System32\KERNEL32.DLL
0x00007ffd96aa0000 - 0x00007ffd96d69000 	C:\WINDOWS\System32\KERNELBASE.dll
0x00007ffd98420000 - 0x00007ffd984cc000 	C:\WINDOWS\System32\ADVAPI32.dll
0x00007ffd98380000 - 0x00007ffd9841e000 	C:\WINDOWS\System32\msvcrt.dll
0x00007ffd96d70000 - 0x00007ffd96e0c000 	C:\WINDOWS\System32\sechost.dll
0x00007ffd978f0000 - 0x00007ffd97a1b000 	C:\WINDOWS\System32\RPCRT4.dll
0x00007ffd98a40000 - 0x00007ffd98be0000 	C:\WINDOWS\System32\USER32.dll
0x00007ffd96710000 - 0x00007ffd96732000 	C:\WINDOWS\System32\win32u.dll
0x00007ffd98940000 - 0x00007ffd9896a000 	C:\WINDOWS\System32\GDI32.dll
0x00007ffd96450000 - 0x00007ffd96559000 	C:\WINDOWS\System32\gdi32full.dll
0x00007ffd965c0000 - 0x00007ffd9665d000 	C:\WINDOWS\System32\msvcp_win.dll
0x00007ffd96740000 - 0x00007ffd96840000 	C:\WINDOWS\System32\ucrtbase.dll
0x00007ffd7d280000 - 0x00007ffd7d51b000 	C:\WINDOWS\WinSxS\amd64_microsoft.windows.common-controls_6595b64144ccf1df_6.0.19041.488_none_ca04af081b815d21\COMCTL32.dll
0x00007ffd88810000 - 0x00007ffd8881a000 	C:\WINDOWS\SYSTEM32\VERSION.dll
0x00007ffd96e10000 - 0x00007ffd96e40000 	C:\WINDOWS\System32\IMM32.DLL
0x00007ffd639d0000 - 0x00007ffd63abf000 	C:\Program Files\Java\jdk-10.0.2\bin\msvcr120.dll
0x00007ffd63040000 - 0x00007ffd630e6000 	C:\Program Files\Java\jdk-10.0.2\bin\msvcp120.dll
0x00000000714a0000 - 0x0000000071f10000 	C:\Program Files\Java\jdk-10.0.2\bin\server\jvm.dll
0x00007ffd98370000 - 0x00007ffd98378000 	C:\WINDOWS\System32\PSAPI.DLL
0x00007ffd86ec0000 - 0x00007ffd86ee7000 	C:\WINDOWS\SYSTEM32\WINMM.dll
0x00007ffd862e0000 - 0x00007ffd862e9000 	C:\WINDOWS\SYSTEM32\WSOCK32.dll
0x00007ffd98600000 - 0x00007ffd9866b000 	C:\WINDOWS\System32\WS2_32.dll
0x00007ffd91f90000 - 0x00007ffd91f9f000 	C:\Program Files\Java\jdk-10.0.2\bin\verify.dll
0x00007ffd81b00000 - 0x00007ffd81ce4000 	C:\WINDOWS\SYSTEM32\DBGHELP.DLL
0x00007ffd811d0000 - 0x00007ffd811fc000 	C:\WINDOWS\SYSTEM32\dbgcore.DLL
0x00007ffd96690000 - 0x00007ffd96710000 	C:\WINDOWS\System32\bcryptPrimitives.dll
0x00007ffd86330000 - 0x00007ffd86357000 	C:\Program Files\Java\jdk-10.0.2\bin\java.dll
0x00007ffd90990000 - 0x00007ffd909a6000 	C:\Program Files\Java\jdk-10.0.2\bin\zip.dll
0x00007ffd89360000 - 0x00007ffd8936a000 	C:\Program Files\Java\jdk-10.0.2\bin\jimage.dll
0x00007ffd97c20000 - 0x00007ffd98362000 	C:\WINDOWS\System32\SHELL32.dll
0x00007ffd945a0000 - 0x00007ffd94d35000 	C:\WINDOWS\SYSTEM32\windows.storage.dll
0x00007ffd97400000 - 0x00007ffd97756000 	C:\WINDOWS\System32\combase.dll
0x00007ffd95ec0000 - 0x00007ffd95eec000 	C:\WINDOWS\SYSTEM32\Wldp.dll
0x00007ffd97a40000 - 0x00007ffd97aee000 	C:\WINDOWS\System32\SHCORE.dll
0x00007ffd988e0000 - 0x00007ffd98935000 	C:\WINDOWS\System32\shlwapi.dll
0x00007ffd96380000 - 0x00007ffd963a6000 	C:\WINDOWS\SYSTEM32\profapi.dll
0x00007ffd86310000 - 0x00007ffd8632a000 	C:\Program Files\Java\jdk-10.0.2\bin\net.dll
0x00007ffd8b300000 - 0x00007ffd8b400000 	C:\WINDOWS\SYSTEM32\WINHTTP.dll
0x00007ffd95c40000 - 0x00007ffd95caa000 	C:\WINDOWS\system32\mswsock.dll
0x00007ffd86200000 - 0x00007ffd86211000 	C:\Program Files\Java\jdk-10.0.2\bin\nio.dll
0x00007ffd89350000 - 0x00007ffd89359000 	C:\Program Files\Java\jdk-10.0.2\bin\management.dll
0x00007ffd86490000 - 0x00007ffd8649a000 	C:\Program Files\Java\jdk-10.0.2\bin\management_ext.dll
0x00007ffd958e0000 - 0x00007ffd9591b000 	C:\WINDOWS\SYSTEM32\IPHLPAPI.DLL
0x00007ffd96e40000 - 0x00007ffd96e48000 	C:\WINDOWS\System32\NSI.dll
0x00007ffd8ea10000 - 0x00007ffd8ea27000 	C:\WINDOWS\SYSTEM32\dhcpcsvc6.DLL
0x00007ffd8e9f0000 - 0x00007ffd8ea0d000 	C:\WINDOWS\SYSTEM32\dhcpcsvc.DLL
0x00007ffd95930000 - 0x00007ffd959fb000 	C:\WINDOWS\SYSTEM32\DNSAPI.dll
0x00007ffd89310000 - 0x00007ffd8931a000 	C:\Windows\System32\rasadhlp.dll
0x00007ffd88b30000 - 0x00007ffd88baf000 	C:\WINDOWS\System32\fwpuclnt.dll
0x00007ffd96660000 - 0x00007ffd96687000 	C:\WINDOWS\System32\bcrypt.dll
0x00007ffd65ab0000 - 0x00007ffd65ac7000 	C:\WINDOWS\system32\napinsp.dll
0x00007ffd65a70000 - 0x00007ffd65a8b000 	C:\WINDOWS\system32\pnrpnsp.dll
0x00007ffd91360000 - 0x00007ffd91375000 	C:\WINDOWS\system32\wshbth.dll
0x00007ffd91df0000 - 0x00007ffd91e0d000 	C:\WINDOWS\system32\NLAapi.dll
0x00007ffd65a50000 - 0x00007ffd65a62000 	C:\WINDOWS\System32\winrnr.dll
0x00007ffd95e10000 - 0x00007ffd95e28000 	C:\WINDOWS\SYSTEM32\CRYPTSP.dll
0x00007ffd95560000 - 0x00007ffd95594000 	C:\WINDOWS\system32\rsaenh.dll
0x00007ffd96340000 - 0x00007ffd9636e000 	C:\WINDOWS\SYSTEM32\USERENV.dll
0x00007ffd95e30000 - 0x00007ffd95e3c000 	C:\WINDOWS\SYSTEM32\CRYPTBASE.dll
0x00007ffd82650000 - 0x00007ffd82673000 	C:\Program Files\Java\jdk-10.0.2\bin\sunec.dll
0x00007ffd86470000 - 0x00007ffd8647b000 	C:\Program Files\Java\jdk-10.0.2\bin\sunmscapi.dll
0x00007ffd96840000 - 0x00007ffd9699d000 	C:\WINDOWS\System32\CRYPT32.dll

dbghelp: loaded successfully - version: 4.0.5 - missing functions: none
symbol engine: initialized successfully - sym options: 0x614 - pdb path: .;C:\Program Files\Java\jdk-10.0.2\bin;C:\WINDOWS\SYSTEM32;C:\WINDOWS\WinSxS\amd64_microsoft.windows.common-controls_6595b64144ccf1df_6.0.19041.488_none_ca04af081b815d21;C:\Program Files\Java\jdk-10.0.2\bin\server

VM Arguments:
jvm_args: -Dfile.encoding=UTF-8 
java_command: app.ServisLetovaApplication
java_class_path (initial): C:\Users\Dusan\git\SKProjekat2\Servis_Letova\target\classes;C:\eclipse\plugins\org.junit_4.12.0.v201504281640\junit.jar;C:\eclipse\plugins\org.hamcrest.core_1.3.0.v20180420-1519.jar;C:\Users\Dusan\.m2\repository\org\springframework\boot\spring-boot-starter-activemq\2.3.8.BUILD-SNAPSHOT\spring-boot-starter-activemq-2.3.8.BUILD-SNAPSHOT.jar;C:\Users\Dusan\.m2\repository\org\springframework\boot\spring-boot-starter\2.3.8.BUILD-SNAPSHOT\spring-boot-starter-2.3.8.BUILD-SNAPSHOT.jar;C:\Users\Dusan\.m2\repository\org\springframework\boot\spring-boot-starter-logging\2.3.8.BUILD-SNAPSHOT\spring-boot-starter-logging-2.3.8.BUILD-SNAPSHOT.jar;C:\Users\Dusan\.m2\repository\ch\qos\logback\logback-classic\1.2.3\logback-classic-1.2.3.jar;C:\Users\Dusan\.m2\repository\ch\qos\logback\logback-core\1.2.3\logback-core-1.2.3.jar;C:\Users\Dusan\.m2\repository\org\apache\logging\log4j\log4j-to-slf4j\2.13.3\log4j-to-slf4j-2.13.3.jar;C:\Users\Dusan\.m2\repository\org\apache\logging\log4j\log4j-api\2.13.3\log4j-api-2.13.3.jar;C:\Users\Dusan\.m2\repository\org\slf4j\jul-to-slf4j\1.7.30\jul-to-slf4j-1.7.30.jar;C:\Users\Dusan\.m2\repository\jakarta\annotation\jakarta.annotation-api\1.3.5\jakarta.annotation-api-1.3.5.jar;C:\Users\Dusan\.m2\repository\org\yaml\snakeyaml\1.26\snakeyaml-1.26.jar;C:\Users\Dusan\.m2\repository\org\springframework\spring-jms\5.2.12.RELEASE\spring-jms-5.2.12.RELEASE.jar;C:\Users\Dusan\.m2\repository\org\springframework\spring-beans\5.2.12.RELEASE\spring-beans-5.2.12.RELEASE.jar;C:\Users\Dusan\.m2\repository\org\springframework\spring-messaging\5.2.12.RELEASE\spring-messaging-5.2.12.RELEASE.jar;C:\Users\Dusan\.m2\repository\org\springframework\spring-tx\5.2.12.RELEASE\spring-tx-5.2.12.RELEASE.jar;C:\Users\Dusan\.m2\repository\org\apache\activemq\activemq-broker\5.15.14\activemq-broker-5.15.14.jar;C:\Users\Dusan\.m2\repository\org\apache\activemq\activemq-client\5.15.14\activemq-client-5.15.14.jar;C:\Users\Dusan\.m2\repository\org\fusesource\h
Launcher Type: SUN_STANDARD

Logging:
Log output configuration:
#0: stdout all=warning uptime,level,tags
#1: stderr all=off uptime,level,tags

Environment Variables:
PATH=C:\Program Files (x86)\Common Files\Oracle\Java\javapath;C:\Windows\system32;C:\Windows;C:\Windows\System32\Wbem;C:\Windows\System32\WindowsPowerShell\v1.0\;C:\Windows\System32\OpenSSH\;C:\Program Files (x86)\NVIDIA Corporation\PhysX\Common;C:\Program Files\NVIDIA Corporation\NVIDIA NvDLISR;C:\Program Files\Git\cmd;C:\Program Files\PuTTY\;C:\Program Files\TortoiseGit\bin;C:\WINDOWS\system32;C:\WINDOWS;C:\WINDOWS\System32\Wbem;C:\WINDOWS\System32\WindowsPowerShell\v1.0\;C:\WINDOWS\System32\OpenSSH\;C:\Program Files (x86)\Microsoft SQL Server\110\Tools\Binn\ManagementStudio\;C:\Program Files (x86)\Microsoft SQL Server\110\Tools\Binn\;C:\Program Files (x86)\Microsoft SQL Server\110\DTS\Binn\;C:\Program Files\nodejs\;C:\Users\Dusan\AppData\Local\Microsoft\WindowsApps;C:\Users\Dusan\AppData\Local\Microsoft\WindowsApps;C:\Users\Dusan\AppData\Roaming\npm;
USERNAME=Dusan
OS=Windows_NT
PROCESSOR_IDENTIFIER=Intel64 Family 6 Model 158 Stepping 10, GenuineIntel



---------------  S Y S T E M  ---------------

OS: Windows 10 , 64 bit Build 19041 (10.0.19041.662)

CPU:total 8 (initial active 8) (4 cores per cpu, 2 threads per core) family 6 model 158 stepping 10, cmov, cx8, fxsr, mmx, sse, sse2, sse3, ssse3, sse4.1, sse4.2, popcnt, avx, avx2, aes, clmul, erms, 3dnowpref, lzcnt, ht, tsc, tscinvbit, bmi1, bmi2, adx, fma

Memory: 4k page, physical 8227124k(740776k free), swap 15395124k(336k free)

vm_info: Java HotSpot(TM) 64-Bit Server VM (10.0.2+13) for windows-amd64 JRE (10.0.2+13), built on Jun 28 2018 01:57:56 by "mach5one" with MS VC++ 12.0 (VS2013)

END.
